#
# There is insufficient memory for the Java Runtime Environment to continue.
# Native memory allocation (mmap) failed to map 65536 bytes for committing reserved memory.
# Possible reasons:
#   The system is out of physical RAM or swap space
#   In 32 bit mode, the process size limit was hit
# Possible solutions:
#   Reduce memory load on the system
#   Increase physical memory or swap space
#   Check if swap backing store is full
#   Use 64 bit Java on a 64 bit OS
#   Decrease Java heap size (-Xmx/-Xms)
#   Decrease number of Java threads
#   Decrease Java thread stack sizes (-Xss)
#   Set larger code cache with -XX:ReservedCodeCacheSize=
# This output file may be truncated or incomplete.
#
#  Out of Memory Error (os_linux.cpp:2627), pid=8343, tid=0x00007f3e5f6ae700
#
# JRE version: Java(TM) SE Runtime Environment (8.0_121-b13) (build 1.8.0_121-b13)
# Java VM: Java HotSpot(TM) 64-Bit Server VM (25.121-b13 mixed mode linux-amd64 compressed oops)
# Failed to write core dump. Core dumps have been disabled. To enable core dumping, try "ulimit -c unlimited" before starting Java again
#

---------------  T H R E A D  ---------------

Current thread (0x00007f3e700b6000):  JavaThread "C2 CompilerThread0" daemon [_thread_in_vm, id=8360, stack(0x00007f3e5f5ae000,0x00007f3e5f6af000)]

Stack: [0x00007f3e5f5ae000,0x00007f3e5f6af000],  sp=0x00007f3e5f6aa310,  free space=1008k
Native frames: (J=compiled Java code, j=interpreted, Vv=VM code, C=native code)
V  [libjvm.so+0xac703a]  VMError::report_and_die()+0x2ba
V  [libjvm.so+0x4fc7eb]  report_vm_out_of_memory(char const*, int, unsigned long, VMErrorType, char const*)+0x8b
V  [libjvm.so+0x923c43]  os::Linux::commit_memory_impl(char*, unsigned long, bool)+0x103
V  [libjvm.so+0x924199]  os::pd_commit_memory(char*, unsigned long, unsigned long, bool)+0x29
V  [libjvm.so+0x91e4aa]  os::commit_memory(char*, unsigned long, unsigned long, bool)+0x2a
V  [libjvm.so+0xac2d99]  VirtualSpace::expand_by(unsigned long, bool)+0x199
V  [libjvm.so+0x61ad7c]  CodeHeap::expand_by(unsigned long)+0x8c
V  [libjvm.so+0x4805c0]  CodeCache::allocate(int, bool)+0x60
V  [libjvm.so+0x47b265]  BufferBlob::create(char const*, int)+0x95
V  [libjvm.so+0x47f2ca]  CodeBuffer::initialize(int, int)+0x1a
V  [libjvm.so+0x935ef8]  Compile::init_buffer(unsigned int*)+0x208
V  [libjvm.so+0x93bd01]  Compile::Output()+0x381
V  [libjvm.so+0x4a319b]  Compile::Code_Gen()+0x31b
V  [libjvm.so+0x4a5961]  Compile::Compile(ciEnv*, C2Compiler*, ciMethod*, int, bool, bool, bool)+0x14b1
V  [libjvm.so+0x3f2615]  C2Compiler::compile_method(ciEnv*, ciMethod*, int)+0x1f5
V  [libjvm.so+0x4afeaa]  CompileBroker::invoke_compiler_on_method(CompileTask*)+0xc9a
V  [libjvm.so+0x4b0e56]  CompileBroker::compiler_thread_loop()+0x5d6
V  [libjvm.so+0xa75543]  JavaThread::thread_main_inner()+0x103
V  [libjvm.so+0xa7568c]  JavaThread::run()+0x11c
V  [libjvm.so+0x926268]  java_start(Thread*)+0x108
C  [libpthread.so.0+0x8184]  start_thread+0xc4


Current CompileTask:
C2:2727550 2988       4       org.apache.hadoop.mapred.ClientServiceDelegate::getJobStatus (135 bytes)


---------------  P R O C E S S  ---------------

Java Threads: ( => current thread )
  0x00007f3e70f8f800 JavaThread "IPC Parameter Sending Thread #1" daemon [_thread_blocked, id=24638, stack(0x00007f3e5ce28000,0x00007f3e5cf29000)]
  0x00007f3e7136f000 JavaThread "IPC Client (1095293768) connection to euca-192-168-166-50.eucalyptus.internal/192.168.166.50:8032 from krose1" daemon [_thread_blocked, id=8370, stack(0x00007f3e5d493000,0x00007f3e5d594000)]
  0x00007f3e7126c000 JavaThread "Thread-3" daemon [_thread_in_native, id=8367, stack(0x00007f3e5e5c8000,0x00007f3e5e6c9000)]
  0x00007f3e700c5800 JavaThread "Service Thread" daemon [_thread_blocked, id=8362, stack(0x00007f3e5f3ac000,0x00007f3e5f4ad000)]
  0x00007f3e700b8000 JavaThread "C1 CompilerThread1" daemon [_thread_blocked, id=8361, stack(0x00007f3e5f4ad000,0x00007f3e5f5ae000)]
=>0x00007f3e700b6000 JavaThread "C2 CompilerThread0" daemon [_thread_in_vm, id=8360, stack(0x00007f3e5f5ae000,0x00007f3e5f6af000)]
  0x00007f3e700b4800 JavaThread "Signal Dispatcher" daemon [_thread_blocked, id=8359, stack(0x00007f3e5f6af000,0x00007f3e5f7b0000)]
  0x00007f3e70081000 JavaThread "Finalizer" daemon [_thread_blocked, id=8358, stack(0x00007f3e5fa79000,0x00007f3e5fb7a000)]
  0x00007f3e7007c800 JavaThread "Reference Handler" daemon [_thread_blocked, id=8357, stack(0x00007f3e5fb7a000,0x00007f3e5fc7b000)]
  0x00007f3e70010800 JavaThread "main" [_thread_blocked, id=8355, stack(0x00007f3e76be6000,0x00007f3e76ce7000)]

Other Threads:
  0x00007f3e70075000 VMThread [stack: 0x00007f3e5fc7b000,0x00007f3e5fd7c000] [id=8356]
  0x00007f3e700cb000 WatcherThread [stack: 0x00007f3e5f2ab000,0x00007f3e5f3ac000] [id=8363]

VM state:not at safepoint (normal execution)

VM Mutex/Monitor currently owned by a thread:  ([mutex/lock_event])
[0x00007f3e7000bfb0] CodeCache_lock - owner thread: 0x00007f3e700b6000

Heap:
 def new generation   total 19136K, used 4608K [0x00000000e0000000, 0x00000000e14c0000, 0x00000000eaaa0000)
  eden space 17024K,  26% used [0x00000000e0000000, 0x00000000e046ef28, 0x00000000e10a0000)
  from space 2112K,   3% used [0x00000000e10a0000, 0x00000000e10b12f8, 0x00000000e12b0000)
  to   space 2112K,   0% used [0x00000000e12b0000, 0x00000000e12b0000, 0x00000000e14c0000)
 tenured generation   total 42368K, used 8361K [0x00000000eaaa0000, 0x00000000ed400000, 0x0000000100000000)
   the space 42368K,  19% used [0x00000000eaaa0000, 0x00000000eb2ca720, 0x00000000eb2ca800, 0x00000000ed400000)
 Metaspace       used 25731K, capacity 25992K, committed 26240K, reserved 1073152K
  class space    used 2864K, capacity 2939K, committed 2944K, reserved 1048576K

Card table byte_map: [0x00007f3e7406f000,0x00007f3e74170000] byte_map_base: 0x00007f3e7396f000

Polling page: 0x00007f3e76cf6000

CodeCache: size=245760Kb used=8267Kb max_used=8276Kb free=237492Kb
 bounds [0x00007f3e60bda000, 0x00007f3e6140a000, 0x00007f3e6fbda000]
 total_blobs=2979 nmethods=2529 adapters=363
 compilation: enabled

Compilation events (10 events):
Event: 2722.121 Thread 0x00007f3e700b6000 nmethod 2983 0x00007f3e6119fbd0 code [0x00007f3e6119fd60, 0x00007f3e611a01e8]
Event: 2723.112 Thread 0x00007f3e700b6000 2984       4       org.apache.hadoop.mapreduce.JobID::appendTo (41 bytes)
Event: 2723.350 Thread 0x00007f3e700b6000 nmethod 2984 0x00007f3e613fef90 code [0x00007f3e613ff220, 0x00007f3e61401088]
Event: 2724.120 Thread 0x00007f3e700b6000 2985   !   4       org.apache.hadoop.yarn.client.api.impl.YarnClientImpl::getApplicationReport (67 bytes)
Event: 2724.166 Thread 0x00007f3e700b6000 nmethod 2985 0x00007f3e613f6450 code [0x00007f3e613f66e0, 0x00007f3e613f7248]
Event: 2724.167 Thread 0x00007f3e700b6000 2986       4       org.apache.hadoop.yarn.proto.YarnServiceProtos$GetApplicationReportResponseProto::newBuilderForType (5 bytes)
Event: 2724.170 Thread 0x00007f3e700b6000 nmethod 2986 0x00007f3e611e0090 code [0x00007f3e611e01e0, 0x00007f3e611e02f8]
Event: 2725.120 Thread 0x00007f3e700b6000 2987  s!   4       org.apache.hadoop.mapred.ClientCache::getClient (94 bytes)
Event: 2725.346 Thread 0x00007f3e700b6000 nmethod 2987 0x00007f3e613fc810 code [0x00007f3e613fca20, 0x00007f3e613fd658]
Event: 2725.346 Thread 0x00007f3e700b6000 2988       4       org.apache.hadoop.mapred.ClientServiceDelegate::getJobStatus (135 bytes)

GC Heap History (10 events):
Event: 453.064 GC heap before
{Heap before GC invocations=12 (full 1):
 def new generation   total 19136K, used 18727K [0x00000000e0000000, 0x00000000e14c0000, 0x00000000eaaa0000)
  eden space 17024K, 100% used [0x00000000e0000000, 0x00000000e10a0000, 0x00000000e10a0000)
  from space 2112K,  80% used [0x00000000e12b0000, 0x00000000e1459e40, 0x00000000e14c0000)
  to   space 2112K,   0% used [0x00000000e10a0000, 0x00000000e10a0000, 0x00000000e12b0000)
 tenured generation   total 42368K, used 8007K [0x00000000eaaa0000, 0x00000000ed400000, 0x0000000100000000)
   the space 42368K,  18% used [0x00000000eaaa0000, 0x00000000eb271ce8, 0x00000000eb271e00, 0x00000000ed400000)
 Metaspace       used 25724K, capacity 25992K, committed 26240K, reserved 1073152K
  class space    used 2863K, capacity 2939K, committed 2944K, reserved 1048576K
Event: 453.102 GC heap after
Heap after GC invocations=13 (full 1):
 def new generation   total 19136K, used 198K [0x00000000e0000000, 0x00000000e14c0000, 0x00000000eaaa0000)
  eden space 17024K,   0% used [0x00000000e0000000, 0x00000000e0000000, 0x00000000e10a0000)
  from space 2112K,   9% used [0x00000000e10a0000, 0x00000000e10d1a70, 0x00000000e12b0000)
  to   space 2112K,   0% used [0x00000000e12b0000, 0x00000000e12b0000, 0x00000000e14c0000)
 tenured generation   total 42368K, used 8361K [0x00000000eaaa0000, 0x00000000ed400000, 0x0000000100000000)
   the space 42368K,  19% used [0x00000000eaaa0000, 0x00000000eb2ca720, 0x00000000eb2ca800, 0x00000000ed400000)
 Metaspace       used 25724K, capacity 25992K, committed 26240K, reserved 1073152K
  class space    used 2863K, capacity 2939K, committed 2944K, reserved 1048576K
}
Event: 980.505 GC heap before
{Heap before GC invocations=13 (full 1):
 def new generation   total 19136K, used 17222K [0x00000000e0000000, 0x00000000e14c0000, 0x00000000eaaa0000)
  eden space 17024K, 100% used [0x00000000e0000000, 0x00000000e10a0000, 0x00000000e10a0000)
  from space 2112K,   9% used [0x00000000e10a0000, 0x00000000e10d1a70, 0x00000000e12b0000)
  to   space 2112K,   0% used [0x00000000e12b0000, 0x00000000e12b0000, 0x00000000e14c0000)
 tenured generation   total 42368K, used 8361K [0x00000000eaaa0000, 0x00000000ed400000, 0x0000000100000000)
   the space 42368K,  19% used [0x00000000eaaa0000, 0x00000000eb2ca720, 0x00000000eb2ca800, 0x00000000ed400000)
 Metaspace       used 25728K, capacity 25992K, committed 26240K, reserved 1073152K
  class space    used 2863K, capacity 2939K, committed 2944K, reserved 1048576K
Event: 980.535 GC heap after
Heap after GC invocations=14 (full 1):
 def new generation   total 19136K, used 61K [0x00000000e0000000, 0x00000000e14c0000, 0x00000000eaaa0000)
  eden space 17024K,   0% used [0x00000000e0000000, 0x00000000e0000000, 0x00000000e10a0000)
  from space 2112K,   2% used [0x00000000e12b0000, 0x00000000e12bf430, 0x00000000e14c0000)
  to   space 2112K,   0% used [0x00000000e10a0000, 0x00000000e10a0000, 0x00000000e12b0000)
 tenured generation   total 42368K, used 8361K [0x00000000eaaa0000, 0x00000000ed400000, 0x0000000100000000)
   the space 42368K,  19% used [0x00000000eaaa0000, 0x00000000eb2ca720, 0x00000000eb2ca800, 0x00000000ed400000)
 Metaspace       used 25728K, capacity 25992K, committed 26240K, reserved 1073152K
  class space    used 2863K, capacity 2939K, committed 2944K, reserved 1048576K
}
Event: 1513.182 GC heap before
{Heap before GC invocations=14 (full 1):
 def new generation   total 19136K, used 17085K [0x00000000e0000000, 0x00000000e14c0000, 0x00000000eaaa0000)
  eden space 17024K, 100% used [0x00000000e0000000, 0x00000000e10a0000, 0x00000000e10a0000)
  from space 2112K,   2% used [0x00000000e12b0000, 0x00000000e12bf430, 0x00000000e14c0000)
  to   space 2112K,   0% used [0x00000000e10a0000, 0x00000000e10a0000, 0x00000000e12b0000)
 tenured generation   total 42368K, used 8361K [0x00000000eaaa0000, 0x00000000ed400000, 0x0000000100000000)
   the space 42368K,  19% used [0x00000000eaaa0000, 0x00000000eb2ca720, 0x00000000eb2ca800, 0x00000000ed400000)
 Metaspace       used 25730K, capacity 25992K, committed 26240K, reserved 1073152K
  class space    used 2864K, capacity 2939K, committed 2944K, reserved 1048576K
Event: 1513.195 GC heap after
Heap after GC invocations=15 (full 1):
 def new generation   total 19136K, used 61K [0x00000000e0000000, 0x00000000e14c0000, 0x00000000eaaa0000)
  eden space 17024K,   0% used [0x00000000e0000000, 0x00000000e0000000, 0x00000000e10a0000)
  from space 2112K,   2% used [0x00000000e10a0000, 0x00000000e10af670, 0x00000000e12b0000)
  to   space 2112K,   0% used [0x00000000e12b0000, 0x00000000e12b0000, 0x00000000e14c0000)
 tenured generation   total 42368K, used 8361K [0x00000000eaaa0000, 0x00000000ed400000, 0x0000000100000000)
   the space 42368K,  19% used [0x00000000eaaa0000, 0x00000000eb2ca720, 0x00000000eb2ca800, 0x00000000ed400000)
 Metaspace       used 25730K, capacity 25992K, committed 26240K, reserved 1073152K
  class space    used 2864K, capacity 2939K, committed 2944K, reserved 1048576K
}
Event: 2050.447 GC heap before
{Heap before GC invocations=15 (full 1):
 def new generation   total 19136K, used 17085K [0x00000000e0000000, 0x00000000e14c0000, 0x00000000eaaa0000)
  eden space 17024K, 100% used [0x00000000e0000000, 0x00000000e10a0000, 0x00000000e10a0000)
  from space 2112K,   2% used [0x00000000e10a0000, 0x00000000e10af670, 0x00000000e12b0000)
  to   space 2112K,   0% used [0x00000000e12b0000, 0x00000000e12b0000, 0x00000000e14c0000)
 tenured generation   total 42368K, used 8361K [0x00000000eaaa0000, 0x00000000ed400000, 0x0000000100000000)
   the space 42368K,  19% used [0x00000000eaaa0000, 0x00000000eb2ca720, 0x00000000eb2ca800, 0x00000000ed400000)
 Metaspace       used 25730K, capacity 25992K, committed 26240K, reserved 1073152K
  class space    used 2864K, capacity 2939K, committed 2944K, reserved 1048576K
Event: 2050.460 GC heap after
Heap after GC invocations=16 (full 1):
 def new generation   total 19136K, used 62K [0x00000000e0000000, 0x00000000e14c0000, 0x00000000eaaa0000)
  eden space 17024K,   0% used [0x00000000e0000000, 0x00000000e0000000, 0x00000000e10a0000)
  from space 2112K,   2% used [0x00000000e12b0000, 0x00000000e12bf920, 0x00000000e14c0000)
  to   space 2112K,   0% used [0x00000000e10a0000, 0x00000000e10a0000, 0x00000000e12b0000)
 tenured generation   total 42368K, used 8361K [0x00000000eaaa0000, 0x00000000ed400000, 0x0000000100000000)
   the space 42368K,  19% used [0x00000000eaaa0000, 0x00000000eb2ca720, 0x00000000eb2ca800, 0x00000000ed400000)
 Metaspace       used 25730K, capacity 25992K, committed 26240K, reserved 1073152K
  class space    used 2864K, capacity 2939K, committed 2944K, reserved 1048576K
}
Event: 2588.126 GC heap before
{Heap before GC invocations=16 (full 1):
 def new generation   total 19136K, used 17086K [0x00000000e0000000, 0x00000000e14c0000, 0x00000000eaaa0000)
  eden space 17024K, 100% used [0x00000000e0000000, 0x00000000e10a0000, 0x00000000e10a0000)
  from space 2112K,   2% used [0x00000000e12b0000, 0x00000000e12bf920, 0x00000000e14c0000)
  to   space 2112K,   0% used [0x00000000e10a0000, 0x00000000e10a0000, 0x00000000e12b0000)
 tenured generation   total 42368K, used 8361K [0x00000000eaaa0000, 0x00000000ed400000, 0x0000000100000000)
   the space 42368K,  19% used [0x00000000eaaa0000, 0x00000000eb2ca720, 0x00000000eb2ca800, 0x00000000ed400000)
 Metaspace       used 25730K, capacity 25992K, committed 26240K, reserved 1073152K
  class space    used 2864K, capacity 2939K, committed 2944K, reserved 1048576K
Event: 2588.137 GC heap after
Heap after GC invocations=17 (full 1):
 def new generation   total 19136K, used 68K [0x00000000e0000000, 0x00000000e14c0000, 0x00000000eaaa0000)
  eden space 17024K,   0% used [0x00000000e0000000, 0x00000000e0000000, 0x00000000e10a0000)
  from space 2112K,   3% used [0x00000000e10a0000, 0x00000000e10b12f8, 0x00000000e12b0000)
  to   space 2112K,   0% used [0x00000000e12b0000, 0x00000000e12b0000, 0x00000000e14c0000)
 tenured generation   total 42368K, used 8361K [0x00000000eaaa0000, 0x00000000ed400000, 0x0000000100000000)
   the space 42368K,  19% used [0x00000000eaaa0000, 0x00000000eb2ca720, 0x00000000eb2ca800, 0x00000000ed400000)
 Metaspace       used 25730K, capacity 25992K, committed 26240K, reserved 1073152K
  class space    used 2864K, capacity 2939K, committed 2944K, reserved 1048576K
}

Deoptimization events (10 events):
Event: 5.692 Thread 0x00007f3e70010800 Uncommon trap: reason=bimorphic action=maybe_recompile pc=0x00007f3e60ffd5b0 method=java.io.DataOutputStream.writeByte(I)V @ 5
Event: 5.693 Thread 0x00007f3e70010800 Uncommon trap: reason=bimorphic action=maybe_recompile pc=0x00007f3e60ffd5b0 method=java.io.DataOutputStream.writeByte(I)V @ 5
Event: 5.693 Thread 0x00007f3e70010800 Uncommon trap: reason=bimorphic action=maybe_recompile pc=0x00007f3e60ffd5b0 method=java.io.DataOutputStream.writeByte(I)V @ 5
Event: 5.693 Thread 0x00007f3e70010800 Uncommon trap: reason=bimorphic action=maybe_recompile pc=0x00007f3e60ffd5b0 method=java.io.DataOutputStream.writeByte(I)V @ 5
Event: 5.735 Thread 0x00007f3e70ef5000 Uncommon trap: reason=bimorphic action=maybe_recompile pc=0x00007f3e6100b46c method=java.io.DataOutputStream.writeShort(I)V @ 12
Event: 5.892 Thread 0x00007f3e70ef5000 Uncommon trap: reason=bimorphic action=maybe_recompile pc=0x00007f3e6100b46c method=java.io.DataOutputStream.writeShort(I)V @ 12
Event: 6.705 Thread 0x00007f3e70e00000 Uncommon trap: reason=bimorphic action=maybe_recompile pc=0x00007f3e6100b46c method=java.io.DataOutputStream.writeShort(I)V @ 12
Event: 2050.461 Thread 0x00007f3e70010800 Uncommon trap: reason=unstable_if action=reinterpret pc=0x00007f3e6138f8dc method=java.util.concurrent.SynchronousQueue$TransferStack.transfer(Ljava/lang/Object;ZJ)Ljava/lang/Object; @ 42
Event: 2050.475 Thread 0x00007f3e70f8f800 Uncommon trap: reason=unstable_if action=reinterpret pc=0x00007f3e61341efc method=sun.nio.ch.Util$BufferCache.get(I)Ljava/nio/ByteBuffer; @ 25
Event: 2110.463 Thread 0x00007f3e7134e800 Uncommon trap: reason=unstable_if action=reinterpret pc=0x00007f3e6138f800 method=java.util.concurrent.SynchronousQueue$TransferStack.awaitFulfill(Ljava/util/concurrent/SynchronousQueue$TransferStack$SNode;ZJ)Ljava/util/concurrent/SynchronousQueue$Transfe

Internal exceptions (10 events):
Event: 0.554 Thread 0x00007f3e70010800 Exception <a 'java/lang/ClassNotFoundException': org/apache/log4j/AppenderSkeletonCustomizer> (0x00000000e07b2a20) thrown at [/HUDSON3/workspace/8-2-build-linux-amd64/jdk8u121/8372/hotspot/src/share/vm/classfile/systemDictionary.cpp, line 210]
Event: 0.564 Thread 0x00007f3e70010800 Exception <a 'java/lang/ClassNotFoundException': org/apache/log4j/WriterAppenderCustomizer> (0x00000000e07e8720) thrown at [/HUDSON3/workspace/8-2-build-linux-amd64/jdk8u121/8372/hotspot/src/share/vm/classfile/systemDictionary.cpp, line 210]
Event: 0.576 Thread 0x00007f3e70010800 Exception <a 'java/lang/ClassNotFoundException': org/apache/log4j/ConsoleAppenderCustomizer> (0x00000000e0816988) thrown at [/HUDSON3/workspace/8-2-build-linux-amd64/jdk8u121/8372/hotspot/src/share/vm/classfile/systemDictionary.cpp, line 210]
Event: 0.993 Thread 0x00007f3e70010800 Exception <a 'java/security/PrivilegedActionException'> (0x00000000e0c90790) thrown at [/HUDSON3/workspace/8-2-build-linux-amd64/jdk8u121/8372/hotspot/src/share/vm/prims/jvm.cpp, line 1390]
Event: 0.993 Thread 0x00007f3e70010800 Exception <a 'java/security/PrivilegedActionException'> (0x00000000e0c90b88) thrown at [/HUDSON3/workspace/8-2-build-linux-amd64/jdk8u121/8372/hotspot/src/share/vm/prims/jvm.cpp, line 1390]
Event: 1.777 Thread 0x00007f3e70010800 Exception <a 'java/io/FileNotFoundException'> (0x00000000e0e2b028) thrown at [/HUDSON3/workspace/8-2-build-linux-amd64/jdk8u121/8372/hotspot/src/share/vm/prims/jni.cpp, line 709]
Event: 1.777 Thread 0x00007f3e70010800 Exception <a 'java/security/PrivilegedActionException'> (0x00000000e0e2b490) thrown at [/HUDSON3/workspace/8-2-build-linux-amd64/jdk8u121/8372/hotspot/src/share/vm/prims/jvm.cpp, line 1390]
Event: 1.777 Thread 0x00007f3e70010800 Exception <a 'java/lang/reflect/InvocationTargetException'> (0x00000000e0e2d550) thrown at [/HUDSON3/workspace/8-2-build-linux-amd64/jdk8u121/8372/hotspot/src/share/vm/runtime/reflection.cpp, line 1092]
Event: 1.955 Thread 0x00007f3e70010800 Exception <a 'java/lang/NoSuchFieldError': method resolution failed> (0x00000000e0fd3a98) thrown at [/HUDSON3/workspace/8-2-build-linux-amd64/jdk8u121/8372/hotspot/src/share/vm/prims/methodHandles.cpp, line 1146]
Event: 1.957 Thread 0x00007f3e70010800 Exception <a 'java/lang/NoSuchFieldError': method resolution failed> (0x00000000e0fe1158) thrown at [/HUDSON3/workspace/8-2-build-linux-amd64/jdk8u121/8372/hotspot/src/share/vm/prims/methodHandles.cpp, line 1146]

Events (10 events):
Event: 2709.006 Thread 0x00007f3e700b6000 flushing nmethod 0x00007f3e60faa110
Event: 2712.079 Thread 0x00007f3e700b6000 flushing nmethod 0x00007f3e6100d4d0
Event: 2712.079 Thread 0x00007f3e700b6000 flushing nmethod 0x00007f3e6100eb10
Event: 2712.081 Thread 0x00007f3e700b6000 flushing nmethod 0x00007f3e61040dd0
Event: 2716.248 Thread 0x00007f3e700b6000 flushing nmethod 0x00007f3e6119f8d0
Event: 2716.248 Thread 0x00007f3e700b6000 flushing nmethod 0x00007f3e611a1fd0
Event: 2716.248 Thread 0x00007f3e700b6000 flushing nmethod 0x00007f3e611b1610
Event: 2716.248 Thread 0x00007f3e700b6000 flushing nmethod 0x00007f3e611c4290
Event: 2716.249 Thread 0x00007f3e700b6000 flushing nmethod 0x00007f3e611e0090
Event: 2720.362 Thread 0x00007f3e700b6000 flushing nmethod 0x00007f3e61240910


Dynamic libraries:
00400000-00401000 r-xp 00000000 fc:00 158434                             /usr/lib/jvm/java-8-oracle/jre/bin/java
00600000-00601000 rw-p 00000000 fc:00 158434                             /usr/lib/jvm/java-8-oracle/jre/bin/java
00a9a000-00add000 rw-p 00000000 00:00 0                                  [heap]
e0000000-e14c0000 rw-p 00000000 00:00 0 
e14c0000-eaaa0000 ---p 00000000 00:00 0 
eaaa0000-ed400000 rw-p 00000000 00:00 0 
ed400000-100000000 ---p 00000000 00:00 0 
100000000-1002e0000 rw-p 00000000 00:00 0 
1002e0000-140000000 ---p 00000000 00:00 0 
7f3e50000000-7f3e50021000 rw-p 00000000 00:00 0 
7f3e50021000-7f3e54000000 ---p 00000000 00:00 0 
7f3e58000000-7f3e5994b000 rw-p 00000000 00:00 0 
7f3e5994b000-7f3e5c000000 ---p 00000000 00:00 0 
7f3e5c714000-7f3e5c7d4000 rw-p 00000000 00:00 0 
7f3e5c7d4000-7f3e5c914000 ---p 00000000 00:00 0 
7f3e5c914000-7f3e5cb14000 rw-p 00000000 00:00 0 
7f3e5cb14000-7f3e5cb27000 r--s 00345000 fc:00 158645                     /usr/lib/jvm/java-8-oracle/jre/lib/resources.jar
7f3e5cb27000-7f3e5cb2a000 ---p 00000000 00:00 0 
7f3e5cb2a000-7f3e5ce28000 rw-p 00000000 00:00 0 
7f3e5ce28000-7f3e5ce2b000 ---p 00000000 00:00 0 
7f3e5ce2b000-7f3e5cf29000 rw-p 00000000 00:00 0 
7f3e5cf29000-7f3e5cf2c000 ---p 00000000 00:00 0 
7f3e5cf2c000-7f3e5d02a000 rw-p 00000000 00:00 0 
7f3e5d02a000-7f3e5d040000 r-xp 00000000 fc:00 294                        /lib/x86_64-linux-gnu/libgcc_s.so.1
7f3e5d040000-7f3e5d23f000 ---p 00016000 fc:00 294                        /lib/x86_64-linux-gnu/libgcc_s.so.1
7f3e5d23f000-7f3e5d240000 rw-p 00015000 fc:00 294                        /lib/x86_64-linux-gnu/libgcc_s.so.1
7f3e5d241000-7f3e5d246000 r--s 002f9000 fc:00 158579                     /usr/lib/jvm/java-8-oracle/jre/lib/charsets.jar
7f3e5d246000-7f3e5d24c000 r--s 0003f000 fc:00 158629                     /usr/lib/jvm/java-8-oracle/jre/lib/ext/sunjce_provider.jar
7f3e5d24c000-7f3e5d27e000 r-xp 00000000 fc:00 158469                     /usr/lib/jvm/java-8-oracle/jre/lib/amd64/libsunec.so
7f3e5d27e000-7f3e5d47d000 ---p 00032000 fc:00 158469                     /usr/lib/jvm/java-8-oracle/jre/lib/amd64/libsunec.so
7f3e5d47d000-7f3e5d483000 rw-p 00031000 fc:00 158469                     /usr/lib/jvm/java-8-oracle/jre/lib/amd64/libsunec.so
7f3e5d483000-7f3e5d493000 rw-p 00000000 00:00 0 
7f3e5d493000-7f3e5d496000 ---p 00000000 00:00 0 
7f3e5d496000-7f3e5d794000 rw-p 00000000 00:00 0 
7f3e5d794000-7f3e5d797000 ---p 00000000 00:00 0 
7f3e5d797000-7f3e5d895000 rw-p 00000000 00:00 0 
7f3e5d895000-7f3e5d898000 ---p 00000000 00:00 0 
7f3e5d898000-7f3e5d996000 rw-p 00000000 00:00 0 
7f3e5d996000-7f3e5d9a7000 r-xp 00000000 fc:00 158515                     /usr/lib/jvm/java-8-oracle/jre/lib/amd64/libnio.so
7f3e5d9a7000-7f3e5dba6000 ---p 00011000 fc:00 158515                     /usr/lib/jvm/java-8-oracle/jre/lib/amd64/libnio.so
7f3e5dba6000-7f3e5dba7000 rw-p 00010000 fc:00 158515                     /usr/lib/jvm/java-8-oracle/jre/lib/amd64/libnio.so
7f3e5dba7000-7f3e5dda7000 rw-p 00000000 00:00 0 
7f3e5dda7000-7f3e5dda9000 r--s 00009000 fc:00 158632                     /usr/lib/jvm/java-8-oracle/jre/lib/ext/sunec.jar
7f3e5dda9000-7f3e5ddad000 r--s 0003a000 fc:00 158627                     /usr/lib/jvm/java-8-oracle/jre/lib/ext/sunpkcs11.jar
7f3e5ddad000-7f3e5dfad000 rw-p 00000000 00:00 0 
7f3e5dfad000-7f3e5dfc3000 r-xp 00000000 fc:00 158467                     /usr/lib/jvm/java-8-oracle/jre/lib/amd64/libnet.so
7f3e5dfc3000-7f3e5e1c3000 ---p 00016000 fc:00 158467                     /usr/lib/jvm/java-8-oracle/jre/lib/amd64/libnet.so
7f3e5e1c3000-7f3e5e1c4000 rw-p 00016000 fc:00 158467                     /usr/lib/jvm/java-8-oracle/jre/lib/amd64/libnet.so
7f3e5e1c4000-7f3e5e3c4000 rw-p 00000000 00:00 0 
7f3e5e3c4000-7f3e5e3c7000 r--s 0001a000 fc:00 158621                     /usr/lib/jvm/java-8-oracle/jre/lib/jce.jar
7f3e5e3c7000-7f3e5e3c8000 r-xp 00000000 fc:00 158507                     /usr/lib/jvm/java-8-oracle/jre/lib/amd64/libjaas_unix.so
7f3e5e3c8000-7f3e5e5c7000 ---p 00001000 fc:00 158507                     /usr/lib/jvm/java-8-oracle/jre/lib/amd64/libjaas_unix.so
7f3e5e5c7000-7f3e5e5c8000 rw-p 00000000 fc:00 158507                     /usr/lib/jvm/java-8-oracle/jre/lib/amd64/libjaas_unix.so
7f3e5e5c8000-7f3e5e5cb000 ---p 00000000 00:00 0 
7f3e5e5cb000-7f3e5e6c9000 rw-p 00000000 00:00 0 
7f3e5e6c9000-7f3e5e6cc000 ---p 00000000 00:00 0 
7f3e5e6cc000-7f3e5e902000 rw-p 00000000 00:00 0 
7f3e5e902000-7f3e5e91e000 r-xp 00000000 fd:20 12191592                   /mnt/data-dir/hadoop-2.5.2/lib/native/libhadoop.so.1.0.0
7f3e5e91e000-7f3e5eb1d000 ---p 0001c000 fd:20 12191592                   /mnt/data-dir/hadoop-2.5.2/lib/native/libhadoop.so.1.0.0
7f3e5eb1d000-7f3e5eb1e000 r--p 0001b000 fd:20 12191592                   /mnt/data-dir/hadoop-2.5.2/lib/native/libhadoop.so.1.0.0
7f3e5eb1e000-7f3e5eb1f000 rw-p 0001c000 fd:20 12191592                   /mnt/data-dir/hadoop-2.5.2/lib/native/libhadoop.so.1.0.0
7f3e5eb1f000-7f3e5eb28000 r-xp 00000000 fc:00 158490                     /usr/lib/jvm/java-8-oracle/jre/lib/amd64/libmanagement.so
7f3e5eb28000-7f3e5ed27000 ---p 00009000 fc:00 158490                     /usr/lib/jvm/java-8-oracle/jre/lib/amd64/libmanagement.so
7f3e5ed27000-7f3e5ed28000 rw-p 00008000 fc:00 158490                     /usr/lib/jvm/java-8-oracle/jre/lib/amd64/libmanagement.so
7f3e5ed28000-7f3e5ed29000 r--s 00001000 fc:00 37494                      /home/krose1/intermCompressionWithoutCombiner/mt.jar
7f3e5ed29000-7f3e5ed2d000 r--s 0009a000 fc:00 158452                     /usr/lib/jvm/java-8-oracle/jre/lib/jsse.jar
7f3e5ed2d000-7f3e5eda7000 r--s 010f6000 fc:00 293386                     /usr/lib/jvm/java-8-oracle/lib/tools.jar
7f3e5eda7000-7f3e5edb0000 r--s 0006f000 fd:20 12059334                   /mnt/data-dir/hadoop-2.5.2/share/hadoop/mapreduce/hadoop-mapreduce-client-app-2.5.2.jar
7f3e5edb0000-7f3e5edbb000 r--s 00097000 fd:20 12059336                   /mnt/data-dir/hadoop-2.5.2/share/hadoop/mapreduce/hadoop-mapreduce-client-common-2.5.2.jar
7f3e5edbb000-7f3e5edbd000 r--s 00009000 fd:20 12059312                   /mnt/data-dir/hadoop-2.5.2/share/hadoop/mapreduce/hadoop-mapreduce-client-shuffle-2.5.2.jar
7f3e5edbd000-7f3e5edd5000 r--s 00156000 fd:20 12059337                   /mnt/data-dir/hadoop-2.5.2/share/hadoop/mapreduce/hadoop-mapreduce-client-core-2.5.2.jar
7f3e5edd5000-7f3e5edda000 r--s 0003d000 fd:20 12059330                   /mnt/data-dir/hadoop-2.5.2/share/hadoop/mapreduce/hadoop-mapreduce-examples-2.5.2.jar
7f3e5edda000-7f3e5edf1000 r--s 00155000 fd:20 12059331                   /mnt/data-dir/hadoop-2.5.2/share/hadoop/mapreduce/hadoop-mapreduce-client-jobclient-2.5.2-tests.jar
7f3e5edf1000-7f3e5edf6000 r--s 00034000 fd:20 12059333                   /mnt/data-dir/hadoop-2.5.2/share/hadoop/mapreduce/hadoop-mapreduce-client-hs-2.5.2.jar
7f3e5edf6000-7f3e5edf7000 r--s 00008000 fd:20 12059332                   /mnt/data-dir/hadoop-2.5.2/share/hadoop/mapreduce/hadoop-mapreduce-client-jobclient-2.5.2.jar
7f3e5edf7000-7f3e5edf8000 r--s 00000000 fd:20 12059335                   /mnt/data-dir/hadoop-2.5.2/share/hadoop/mapreduce/hadoop-mapreduce-client-hs-plugins-2.5.2.jar
7f3e5edf8000-7f3e5edfd000 r--s 00036000 fd:20 12059349                   /mnt/data-dir/hadoop-2.5.2/share/hadoop/mapreduce/lib/commons-compress-1.4.1.jar
7f3e5edfd000-7f3e5edff000 r--s 00003000 fd:20 12059348                   /mnt/data-dir/hadoop-2.5.2/share/hadoop/mapreduce/lib/hadoop-annotations-2.5.2.jar
7f3e5edff000-7f3e5ee0e000 r--s 0009f000 fd:20 12059352                   /mnt/data-dir/hadoop-2.5.2/share/hadoop/mapreduce/lib/guice-3.0.jar
7f3e5ee0e000-7f3e5ee1c000 r--s 000b1000 fd:20 12059343                   /mnt/data-dir/hadoop-2.5.2/share/hadoop/mapreduce/lib/jackson-mapper-asl-1.9.13.jar
7f3e5ee1c000-7f3e5ee2e000 r--s 0009d000 fd:20 12059342                   /mnt/data-dir/hadoop-2.5.2/share/hadoop/mapreduce/lib/jersey-server-1.9.jar
7f3e5ee2e000-7f3e5ee30000 r--s 0000e000 fd:20 12059355                   /mnt/data-dir/hadoop-2.5.2/share/hadoop/mapreduce/lib/guice-servlet-3.0.jar
7f3e5ee30000-7f3e5ee32000 r--s 00000000 fd:20 12059346                   /mnt/data-dir/hadoop-2.5.2/share/hadoop/mapreduce/lib/aopalliance-1.0.jar
7f3e5ee32000-7f3e5ee33000 r--s 00003000 fd:20 12059351                   /mnt/data-dir/hadoop-2.5.2/share/hadoop/mapreduce/lib/jersey-guice-1.9.jar
7f3e5ee33000-7f3e5ee34000 r--s 0000a000 fd:20 12059354                   /mnt/data-dir/hadoop-2.5.2/share/hadoop/mapreduce/lib/asm-3.2.jar
7f3e5ee34000-7f3e5ee3b000 r--s 00044000 fd:20 12059344                   /mnt/data-dir/hadoop-2.5.2/share/hadoop/mapreduce/lib/avro-1.7.4.jar
7f3e5ee3b000-7f3e5ee3c000 r--s 00000000 fd:20 12059361                   /mnt/data-dir/hadoop-2.5.2/share/hadoop/mapreduce/lib/javax.inject-1.jar
7f3e5ee3c000-7f3e5ee3f000 r--s 000fd000 fd:20 12059359                   /mnt/data-dir/hadoop-2.5.2/share/hadoop/mapreduce/lib/leveldbjni-all-1.8.jar
7f3e5ee3f000-7f3e5ee45000 r--s 00036000 fd:20 12059358                   /mnt/data-dir/hadoop-2.5.2/share/hadoop/mapreduce/lib/junit-4.11.jar
7f3e5ee45000-7f3e5ee4f000 r--s 00066000 fd:20 12059350                   /mnt/data-dir/hadoop-2.5.2/share/hadoop/mapreduce/lib/jersey-core-1.9.jar
7f3e5ee4f000-7f3e5ee58000 r--s 0006f000 fd:20 12059341                   /mnt/data-dir/hadoop-2.5.2/share/hadoop/mapreduce/lib/log4j-1.2.17.jar
7f3e5ee58000-7f3e5ee5a000 r--s 00009000 fd:20 12059357                   /mnt/data-dir/hadoop-2.5.2/share/hadoop/mapreduce/lib/hamcrest-core-1.3.jar
7f3e5ee5a000-7f3e5ee62000 r--s 0007b000 fd:20 12059345                   /mnt/data-dir/hadoop-2.5.2/share/hadoop/mapreduce/lib/protobuf-java-2.5.0.jar
7f3e5ee62000-7f3e5ee66000 r--s 00035000 fd:20 12059360                   /mnt/data-dir/hadoop-2.5.2/share/hadoop/mapreduce/lib/jackson-core-asl-1.9.13.jar
7f3e5ee66000-7f3e5ee7d000 r--s 0010e000 fd:20 12059347                   /mnt/data-dir/hadoop-2.5.2/share/hadoop/mapreduce/lib/netty-3.6.2.Final.jar
7f3e5ee7d000-7f3e5ee81000 r--s 0002a000 fd:20 12059339                   /mnt/data-dir/hadoop-2.5.2/share/hadoop/mapreduce/lib/commons-io-2.4.jar
7f3e5ee81000-7f3e5ee85000 r--s 00014000 fd:20 12059353                   /mnt/data-dir/hadoop-2.5.2/share/hadoop/mapreduce/lib/xz-1.0.jar
7f3e5ee85000-7f3e5ee87000 r--s 000f2000 fd:20 12059356                   /mnt/data-dir/hadoop-2.5.2/share/hadoop/mapreduce/lib/snappy-java-1.0.4.1.jar
7f3e5ee87000-7f3e5ee89000 r--s 00006000 fd:20 12059340                   /mnt/data-dir/hadoop-2.5.2/share/hadoop/mapreduce/lib/paranamer-2.3.jar
7f3e5ee89000-7f3e5ee9d000 r--s 00146000 fd:20 12058907                   /mnt/data-dir/hadoop-2.5.2/share/hadoop/yarn/hadoop-yarn-common-2.5.2.jar
7f3e5ee9d000-7f3e5eea2000 r--s 00037000 fd:20 12058858                   /mnt/data-dir/hadoop-2.5.2/share/hadoop/yarn/hadoop-yarn-server-common-2.5.2.jar
7f3e5eea2000-7f3e5eeb9000 r--s 0017c000 fd:20 12058857                   /mnt/data-dir/hadoop-2.5.2/share/hadoop/yarn/hadoop-yarn-api-2.5.2.jar
7f3e5eeb9000-7f3e5eebc000 r--s 0001a000 fd:20 12058863                   /mnt/data-dir/hadoop-2.5.2/share/hadoop/yarn/hadoop-yarn-client-2.5.2.jar
7f3e5eebc000-7f3e5eebf000 r--s 00020000 fd:20 12058866                   /mnt/data-dir/hadoop-2.5.2/share/hadoop/yarn/hadoop-yarn-server-applicationhistoryservice-2.5.2.jar
7f3e5eebf000-7f3e5eecf000 r--s 000c1000 fd:20 12058862                   /mnt/data-dir/hadoop-2.5.2/share/hadoop/yarn/hadoop-yarn-server-resourcemanager-2.5.2.jar
7f3e5eecf000-7f3e5eed0000 r--s 00003000 fd:20 12058861                   /mnt/data-dir/hadoop-2.5.2/share/hadoop/yarn/hadoop-yarn-applications-unmanaged-am-launcher-2.5.2.jar
7f3e5eed0000-7f3e5eedc000 r--s 00077000 fd:20 12058860                   /mnt/data-dir/hadoop-2.5.2/share/hadoop/yarn/hadoop-yarn-server-nodemanager-2.5.2.jar
7f3e5eedc000-7f3e5eedd000 r--s 00006000 fd:20 12058859                   /mnt/data-dir/hadoop-2.5.2/share/hadoop/yarn/hadoop-yarn-server-web-proxy-2.5.2.jar
7f3e5eedd000-7f3e5eedf000 r--s 00009000 fd:20 12058856                   /mnt/data-dir/hadoop-2.5.2/share/hadoop/yarn/hadoop-yarn-applications-distributedshell-2.5.2.jar
7f3e5eedf000-7f3e5eee0000 r--s 00000000 fd:20 12058834                   /mnt/data-dir/hadoop-2.5.2/share/hadoop/yarn/hadoop-yarn-server-tests-2.5.2.jar
7f3e5eee0000-7f3e5eee3000 r--s 0001d000 fd:20 12058883                   /mnt/data-dir/hadoop-2.5.2/share/hadoop/yarn/lib/jersey-client-1.9.jar
7f3e5eee3000-7f3e5eee8000 r--s 00036000 fd:20 12058887                   /mnt/data-dir/hadoop-2.5.2/share/hadoop/yarn/lib/commons-compress-1.4.1.jar
7f3e5eee8000-7f3e5eeea000 r--s 0000f000 fd:20 12058876                   /mnt/data-dir/hadoop-2.5.2/share/hadoop/yarn/lib/jettison-1.1.jar
7f3e5eeea000-7f3e5eeef000 r--s 00041000 fd:20 12058902                   /mnt/data-dir/hadoop-2.5.2/share/hadoop/yarn/lib/commons-lang-2.6.jar
7f3e5eeef000-7f3e5eefe000 r--s 0009f000 fd:20 12058890                   /mnt/data-dir/hadoop-2.5.2/share/hadoop/yarn/lib/guice-3.0.jar
7f3e5eefe000-7f3e5ef0c000 r--s 0007f000 fd:20 12058899                   /mnt/data-dir/hadoop-2.5.2/share/hadoop/yarn/lib/commons-collections-3.2.1.jar
7f3e5ef0c000-7f3e5ef2d000 r--s 00172000 fd:20 12058886                   /mnt/data-dir/hadoop-2.5.2/share/hadoop/yarn/lib/guava-11.0.2.jar
7f3e5ef2d000-7f3e5ef2e000 r--s 00004000 fd:20 12058870                   /mnt/data-dir/hadoop-2.5.2/share/hadoop/yarn/lib/jackson-jaxrs-1.9.13.jar
7f3e5ef2e000-7f3e5ef3c000 r--s 000b1000 fd:20 12058878                   /mnt/data-dir/hadoop-2.5.2/share/hadoop/yarn/lib/jackson-mapper-asl-1.9.13.jar
7f3e5ef3c000-7f3e5ef4e000 r--s 0009d000 fd:20 12058877                   /mnt/data-dir/hadoop-2.5.2/share/hadoop/yarn/lib/jersey-server-1.9.jar
7f3e5ef4e000-7f3e5ef50000 r--s 0000e000 fd:20 12058898                   /mnt/data-dir/hadoop-2.5.2/share/hadoop/yarn/lib/guice-servlet-3.0.jar
7f3e5ef50000-7f3e5ef52000 r--s 00014000 fd:20 12058868                   /mnt/data-dir/hadoop-2.5.2/share/hadoop/yarn/lib/jline-0.9.94.jar
7f3e5ef52000-7f3e5ef54000 r--s 00009000 fd:20 12058880                   /mnt/data-dir/hadoop-2.5.2/share/hadoop/yarn/lib/commons-cli-1.2.jar
7f3e5ef54000-7f3e5ef56000 r--s 00000000 fd:20 12058884                   /mnt/data-dir/hadoop-2.5.2/share/hadoop/yarn/lib/aopalliance-1.0.jar
7f3e5ef56000-7f3e5ef5a000 r--s 00028000 fd:20 12058881                   /mnt/data-dir/hadoop-2.5.2/share/hadoop/yarn/lib/jetty-util-6.1.26.jar
7f3e5ef5a000-7f3e5ef5b000 r--s 00003000 fd:20 12058889                   /mnt/data-dir/hadoop-2.5.2/share/hadoop/yarn/lib/jersey-guice-1.9.jar
7f3e5ef5b000-7f3e5ef5c000 r--s 0000a000 fd:20 12058894                   /mnt/data-dir/hadoop-2.5.2/share/hadoop/yarn/lib/asm-3.2.jar
7f3e5ef5c000-7f3e5ef5e000 r--s 00018000 fd:20 12058905                   /mnt/data-dir/hadoop-2.5.2/share/hadoop/yarn/lib/servlet-api-2.5.jar
7f3e5ef5e000-7f3e5ef65000 r--s 0007d000 fd:20 12058900                   /mnt/data-dir/hadoop-2.5.2/share/hadoop/yarn/lib/jetty-6.1.26.jar
7f3e5ef65000-7f3e5ef66000 r--s 00000000 fd:20 12058906                   /mnt/data-dir/hadoop-2.5.2/share/hadoop/yarn/lib/javax.inject-1.jar
7f3e5ef66000-7f3e5ef69000 r--s 000fd000 fd:20 12058903                   /mnt/data-dir/hadoop-2.5.2/share/hadoop/yarn/lib/leveldbjni-all-1.8.jar
7f3e5ef69000-7f3e5ef6b000 r--s 0000e000 fd:20 12058896                   /mnt/data-dir/hadoop-2.5.2/share/hadoop/yarn/lib/commons-logging-1.1.3.jar
7f3e5ef6b000-7f3e5ef6d000 r--s 0000e000 fd:20 12058869                   /mnt/data-dir/hadoop-2.5.2/share/hadoop/yarn/lib/activation-1.1.jar
7f3e5ef6d000-7f3e5ef6e000 r--s 00006000 fd:20 12058895                   /mnt/data-dir/hadoop-2.5.2/share/hadoop/yarn/lib/jackson-xc-1.9.13.jar
7f3e5ef6e000-7f3e5ef70000 r--s 0000d000 fd:20 12058879                   /mnt/data-dir/hadoop-2.5.2/share/hadoop/yarn/lib/commons-codec-1.4.jar
7f3e5ef70000-7f3e5ef72000 r--s 00004000 fd:20 12058893                   /mnt/data-dir/hadoop-2.5.2/share/hadoop/yarn/lib/stax-api-1.0-2.jar
7f3e5ef72000-7f3e5ef7c000 r--s 00066000 fd:20 12058888                   /mnt/data-dir/hadoop-2.5.2/share/hadoop/yarn/lib/jersey-core-1.9.jar
7f3e5ef7c000-7f3e5ef85000 r--s 0006f000 fd:20 12058873                   /mnt/data-dir/hadoop-2.5.2/share/hadoop/yarn/lib/log4j-1.2.17.jar
7f3e5ef85000-7f3e5ef8d000 r--s 0007b000 fd:20 12058882                   /mnt/data-dir/hadoop-2.5.2/share/hadoop/yarn/lib/protobuf-java-2.5.0.jar
7f3e5ef8d000-7f3e5ef91000 r--s 00035000 fd:20 12058904                   /mnt/data-dir/hadoop-2.5.2/share/hadoop/yarn/lib/jackson-core-asl-1.9.13.jar
7f3e5ef91000-7f3e5efa8000 r--s 0010e000 fd:20 12058885                   /mnt/data-dir/hadoop-2.5.2/share/hadoop/yarn/lib/netty-3.6.2.Final.jar
7f3e5efa8000-7f3e5efac000 r--s 0002a000 fd:20 12058872                   /mnt/data-dir/hadoop-2.5.2/share/hadoop/yarn/lib/commons-io-2.4.jar
7f3e5efac000-7f3e5efaf000 r--s 00006000 fd:20 12058875                   /mnt/data-dir/hadoop-2.5.2/share/hadoop/yarn/lib/jsr305-1.3.9.jar
7f3e5efaf000-7f3e5efb3000 r--s 00021000 fd:20 12058897                   /mnt/data-dir/hadoop-2.5.2/share/hadoop/yarn/lib/jersey-json-1.9.jar
7f3e5efb3000-7f3e5efc6000 r--s 000c7000 fd:20 12058871                   /mnt/data-dir/hadoop-2.5.2/share/hadoop/yarn/lib/jaxb-impl-2.2.3-1.jar
7f3e5efc6000-7f3e5efc9000 r--s 00017000 fd:20 12058901                   /mnt/data-dir/hadoop-2.5.2/share/hadoop/yarn/lib/jaxb-api-2.2.2.jar
7f3e5efc9000-7f3e5efcd000 r--s 00014000 fd:20 12058891                   /mnt/data-dir/hadoop-2.5.2/share/hadoop/yarn/lib/xz-1.0.jar
7f3e5efcd000-7f3e5efd3000 r--s 00045000 fd:20 12058892                   /mnt/data-dir/hadoop-2.5.2/share/hadoop/yarn/lib/commons-httpclient-3.1.jar
7f3e5efd3000-7f3e5efdf000 r--s 000b6000 fd:20 12058874                   /mnt/data-dir/hadoop-2.5.2/share/hadoop/yarn/lib/zookeeper-3.4.6.jar
7f3e5efdf000-7f3e5efe1000 r--s 00015000 fd:20 12058676                   /mnt/data-dir/hadoop-2.5.2/share/hadoop/hdfs/hadoop-hdfs-nfs-2.5.2.jar
7f3e5efe1000-7f3e5f03e000 r--s 00668000 fd:20 12058675                   /mnt/data-dir/hadoop-2.5.2/share/hadoop/hdfs/hadoop-hdfs-2.5.2.jar
7f3e5f03e000-7f3e5f05c000 r--s 0027e000 fd:20 12058669                   /mnt/data-dir/hadoop-2.5.2/share/hadoop/hdfs/hadoop-hdfs-2.5.2-tests.jar
7f3e5f05c000-7f3e5f05d000 r--s 00005000 fd:20 12058728                   /mnt/data-dir/hadoop-2.5.2/share/hadoop/hdfs/lib/commons-daemon-1.0.13.jar
7f3e5f05d000-7f3e5f062000 r--s 00041000 fd:20 12058743                   /mnt/data-dir/hadoop-2.5.2/share/hadoop/hdfs/lib/commons-lang-2.6.jar
7f3e5f062000-7f3e5f065000 r--s 00016000 fd:20 12058725                   /mnt/data-dir/hadoop-2.5.2/share/hadoop/hdfs/lib/jsp-api-2.1.jar
7f3e5f065000-7f3e5f086000 r--s 00172000 fd:20 12058738                   /mnt/data-dir/hadoop-2.5.2/share/hadoop/hdfs/lib/guava-11.0.2.jar
7f3e5f086000-7f3e5f094000 r--s 000b1000 fd:20 12058732                   /mnt/data-dir/hadoop-2.5.2/share/hadoop/hdfs/lib/jackson-mapper-asl-1.9.13.jar
7f3e5f094000-7f3e5f0a6000 r--s 0009d000 fd:20 12058731                   /mnt/data-dir/hadoop-2.5.2/share/hadoop/hdfs/lib/jersey-server-1.9.jar
7f3e5f0a6000-7f3e5f0a8000 r--s 00009000 fd:20 12058734                   /mnt/data-dir/hadoop-2.5.2/share/hadoop/hdfs/lib/commons-cli-1.2.jar
7f3e5f0a8000-7f3e5f0ac000 r--s 00028000 fd:20 12058735                   /mnt/data-dir/hadoop-2.5.2/share/hadoop/hdfs/lib/jetty-util-6.1.26.jar
7f3e5f0ac000-7f3e5f0ad000 r--s 0000a000 fd:20 12058740                   /mnt/data-dir/hadoop-2.5.2/share/hadoop/hdfs/lib/asm-3.2.jar
7f3e5f0ad000-7f3e5f0af000 r--s 00018000 fd:20 12058745                   /mnt/data-dir/hadoop-2.5.2/share/hadoop/hdfs/lib/servlet-api-2.5.jar
7f3e5f0af000-7f3e5f0b6000 r--s 0007d000 fd:20 12058742                   /mnt/data-dir/hadoop-2.5.2/share/hadoop/hdfs/lib/jetty-6.1.26.jar
7f3e5f0b6000-7f3e5f0b9000 r--s 00019000 fd:20 12058730                   /mnt/data-dir/hadoop-2.5.2/share/hadoop/hdfs/lib/commons-el-1.0.jar
7f3e5f0b9000-7f3e5f0bb000 r--s 0000e000 fd:20 12058741                   /mnt/data-dir/hadoop-2.5.2/share/hadoop/hdfs/lib/commons-logging-1.1.3.jar
7f3e5f0bb000-7f3e5f0bd000 r--s 0000d000 fd:20 12058733                   /mnt/data-dir/hadoop-2.5.2/share/hadoop/hdfs/lib/commons-codec-1.4.jar
7f3e5f0bd000-7f3e5f0c7000 r--s 00066000 fd:20 12058739                   /mnt/data-dir/hadoop-2.5.2/share/hadoop/hdfs/lib/jersey-core-1.9.jar
7f3e5f0c7000-7f3e5f0d0000 r--s 0006f000 fd:20 12058727                   /mnt/data-dir/hadoop-2.5.2/share/hadoop/hdfs/lib/log4j-1.2.17.jar
7f3e5f0d0000-7f3e5f0d8000 r--s 0007b000 fd:20 12058736                   /mnt/data-dir/hadoop-2.5.2/share/hadoop/hdfs/lib/protobuf-java-2.5.0.jar
7f3e5f0d8000-7f3e5f0dc000 r--s 00035000 fd:20 12058744                   /mnt/data-dir/hadoop-2.5.2/share/hadoop/hdfs/lib/jackson-core-asl-1.9.13.jar
7f3e5f0dc000-7f3e5f0f3000 r--s 0010e000 fd:20 12058737                   /mnt/data-dir/hadoop-2.5.2/share/hadoop/hdfs/lib/netty-3.6.2.Final.jar
7f3e5f0f3000-7f3e5f0f7000 r--s 0002a000 fd:20 12058726                   /mnt/data-dir/hadoop-2.5.2/share/hadoop/hdfs/lib/commons-io-2.4.jar
7f3e5f0f7000-7f3e5f0fa000 r--s 00006000 fd:20 12058729                   /mnt/data-dir/hadoop-2.5.2/share/hadoop/hdfs/lib/jsr305-1.3.9.jar
7f3e5f0fa000-7f3e5f0fb000 r--s 00003000 fd:20 12058746                   /mnt/data-dir/hadoop-2.5.2/share/hadoop/hdfs/lib/xmlenc-0.52.jar
7f3e5f0fb000-7f3e5f0fd000 r--s 00011000 fd:20 12058747                   /mnt/data-dir/hadoop-2.5.2/share/hadoop/hdfs/lib/jasper-runtime-5.5.23.jar
7f3e5f0fd000-7f3e5f12c000 r--s 002a5000 fd:20 12058832                   /mnt/data-dir/hadoop-2.5.2/share/hadoop/common/hadoop-common-2.5.2.jar
7f3e5f12c000-7f3e5f146000 r--s 00170000 fd:20 12058754                   /mnt/data-dir/hadoop-2.5.2/share/hadoop/common/hadoop-common-2.5.2-tests.jar
7f3e5f146000-7f3e5f14a000 r--s 00021000 fd:20 12058831                   /mnt/data-dir/hadoop-2.5.2/share/hadoop/common/hadoop-nfs-2.5.2.jar
7f3e5f14a000-7f3e5f14f000 r--s 0003e000 fd:20 12058793                   /mnt/data-dir/hadoop-2.5.2/share/hadoop/common/lib/commons-net-3.1.jar
7f3e5f14f000-7f3e5f154000 r--s 00036000 fd:20 12058800                   /mnt/data-dir/hadoop-2.5.2/share/hadoop/common/lib/commons-compress-1.4.1.jar
7f3e5f154000-7f3e5f156000 r--s 0000f000 fd:20 12058787                   /mnt/data-dir/hadoop-2.5.2/share/hadoop/common/lib/jettison-1.1.jar
7f3e5f156000-7f3e5f158000 r--s 00003000 fd:20 12058798                   /mnt/data-dir/hadoop-2.5.2/share/hadoop/common/lib/hadoop-annotations-2.5.2.jar
7f3e5f158000-7f3e5f15d000 r--s 00041000 fd:20 12058822                   /mnt/data-dir/hadoop-2.5.2/share/hadoop/common/lib/commons-lang-2.6.jar
7f3e5f15d000-7f3e5f160000 r--s 00016000 fd:20 12058774                   /mnt/data-dir/hadoop-2.5.2/share/hadoop/common/lib/jsp-api-2.1.jar
7f3e5f160000-7f3e5f16e000 r--s 0007f000 fd:20 12058816                   /mnt/data-dir/hadoop-2.5.2/share/hadoop/common/lib/commons-collections-3.2.1.jar
7f3e5f16e000-7f3e5f18f000 r--s 00172000 fd:20 12058799                   /mnt/data-dir/hadoop-2.5.2/share/hadoop/common/lib/guava-11.0.2.jar
7f3e5f18f000-7f3e5f195000 r--s 00043000 fd:20 12058770                   /mnt/data-dir/hadoop-2.5.2/share/hadoop/common/lib/commons-configuration-1.6.jar
7f3e5f195000-7f3e5f197000 r--s 00012000 fd:20 12058804                   /mnt/data-dir/hadoop-2.5.2/share/hadoop/common/lib/api-util-1.0.0-M20.jar
7f3e5f197000-7f3e5f198000 r--s 00004000 fd:20 12058773                   /mnt/data-dir/hadoop-2.5.2/share/hadoop/common/lib/jackson-jaxrs-1.9.13.jar
7f3e5f198000-7f3e5f1a6000 r--s 000b1000 fd:20 12058789                   /mnt/data-dir/hadoop-2.5.2/share/hadoop/common/lib/jackson-mapper-asl-1.9.13.jar
7f3e5f1a6000-7f3e5f1b8000 r--s 0009d000 fd:20 12058788                   /mnt/data-dir/hadoop-2.5.2/share/hadoop/common/lib/jersey-server-1.9.jar
7f3e5f1b8000-7f3e5f1ba000 r--s 00009000 fd:20 12058792                   /mnt/data-dir/hadoop-2.5.2/share/hadoop/common/lib/commons-cli-1.2.jar
7f3e5f1ba000-7f3e5f1be000 r--s 00028000 fd:20 12058794                   /mnt/data-dir/hadoop-2.5.2/share/hadoop/common/lib/jetty-util-6.1.26.jar
7f3e5f1be000-7f3e5f1c3000 r--s 0002a000 fd:20 12058802                   /mnt/data-dir/hadoop-2.5.2/share/hadoop/common/lib/commons-beanutils-1.7.0.jar
7f3e5f1c3000-7f3e5f1c7000 r--s 00020000 fd:20 12058797                   /mnt/data-dir/hadoop-2.5.2/share/hadoop/common/lib/commons-digester-1.8.jar
7f3e5f1c7000-7f3e5f1c9000 r--s 0000b000 fd:20 12058784                   /mnt/data-dir/hadoop-2.5.2/share/hadoop/common/lib/hadoop-auth-2.5.2.jar
7f3e5f1c9000-7f3e5f1ca000 r--s 0000a000 fd:20 12058810                   /mnt/data-dir/hadoop-2.5.2/share/hadoop/common/lib/asm-3.2.jar
7f3e5f1ca000-7f3e5f1cc000 r--s 00018000 fd:20 12058826                   /mnt/data-dir/hadoop-2.5.2/share/hadoop/common/lib/servlet-api-2.5.jar
7f3e5f1cc000-7f3e5f1d3000 r--s 00044000 fd:20 12058790                   /mnt/data-dir/hadoop-2.5.2/share/hadoop/common/lib/avro-1.7.4.jar
7f3e5f1d3000-7f3e5f1da000 r--s 0007d000 fd:20 12058818                   /mnt/data-dir/hadoop-2.5.2/share/hadoop/common/lib/jetty-6.1.26.jar
7f3e5f1da000-7f3e5f1e3000 r--s 00061000 fd:20 12058779                   /mnt/data-dir/hadoop-2.5.2/share/hadoop/common/lib/httpclient-4.2.5.jar
7f3e5f1e3000-7f3e5f1f5000 r--s 00097000 fd:20 12058776                   /mnt/data-dir/hadoop-2.5.2/share/hadoop/common/lib/apacheds-kerberos-codec-2.0.0-M15.jar
7f3e5f1f5000-7f3e5f1f8000 r--s 00019000 fd:20 12058786                   /mnt/data-dir/hadoop-2.5.2/share/hadoop/common/lib/commons-el-1.0.jar
7f3e5f1f8000-7f3e5f1fe000 r--s 00036000 fd:20 12058823                   /mnt/data-dir/hadoop-2.5.2/share/hadoop/common/lib/junit-4.11.jar
7f3e5f1fe000-7f3e5f1ff000 r--s 0000a000 fd:20 12058828                   /mnt/data-dir/hadoop-2.5.2/share/hadoop/common/lib/apacheds-i18n-2.0.0-M15.jar
7f3e5f1ff000-7f3e5f21c000 r--s 0016a000 fd:20 12058817                   /mnt/data-dir/hadoop-2.5.2/share/hadoop/common/lib/commons-math3-3.1.1.jar
7f3e5f21c000-7f3e5f21e000 r--s 0000e000 fd:20 12058813                   /mnt/data-dir/hadoop-2.5.2/share/hadoop/common/lib/commons-logging-1.1.3.jar
7f3e5f21e000-7f3e5f220000 r--s 0000e000 fd:20 12058772                   /mnt/data-dir/hadoop-2.5.2/share/hadoop/common/lib/activation-1.1.jar
7f3e5f220000-7f3e5f221000 r--s 00006000 fd:20 12058812                   /mnt/data-dir/hadoop-2.5.2/share/hadoop/common/lib/jackson-xc-1.9.13.jar
7f3e5f221000-7f3e5f223000 r--s 0000d000 fd:20 12058791                   /mnt/data-dir/hadoop-2.5.2/share/hadoop/common/lib/commons-codec-1.4.jar
7f3e5f223000-7f3e5f226000 r--s 0002b000 fd:20 12058801                   /mnt/data-dir/hadoop-2.5.2/share/hadoop/common/lib/jsch-0.1.42.jar
7f3e5f226000-7f3e5f22a000 r--s 0002f000 fd:20 12058808                   /mnt/data-dir/hadoop-2.5.2/share/hadoop/common/lib/commons-beanutils-core-1.8.0.jar
7f3e5f22a000-7f3e5f22c000 r--s 00004000 fd:20 12058809                   /mnt/data-dir/hadoop-2.5.2/share/hadoop/common/lib/stax-api-1.0-2.jar
7f3e5f22c000-7f3e5f236000 r--s 00066000 fd:20 12058803                   /mnt/data-dir/hadoop-2.5.2/share/hadoop/common/lib/jersey-core-1.9.jar
7f3e5f236000-7f3e5f238000 r--s 00001000 fd:20 12058811                   /mnt/data-dir/hadoop-2.5.2/share/hadoop/common/lib/slf4j-log4j12-1.7.5.jar
7f3e5f238000-7f3e5f241000 r--s 0006f000 fd:20 12058780                   /mnt/data-dir/hadoop-2.5.2/share/hadoop/common/lib/log4j-1.2.17.jar
7f3e5f241000-7f3e5f24a000 r--s 0007b000 fd:20 12058781                   /mnt/data-dir/hadoop-2.5.2/share/hadoop/common/lib/jets3t-0.9.0.jar
7f3e5f24a000-7f3e5f24c000 r--s 00009000 fd:20 12058820                   /mnt/data-dir/hadoop-2.5.2/share/hadoop/common/lib/hamcrest-core-1.3.jar
7f3e5f24c000-7f3e5f254000 r--s 0007b000 fd:20 12058795                   /mnt/data-dir/hadoop-2.5.2/share/hadoop/common/lib/protobuf-java-2.5.0.jar
7f3e5f254000-7f3e5f256000 r--s 00005000 fd:20 12058815                   /mnt/data-dir/hadoop-2.5.2/share/hadoop/common/lib/slf4j-api-1.7.5.jar
7f3e5f256000-7f3e5f25a000 r--s 00035000 fd:20 12058824                   /mnt/data-dir/hadoop-2.5.2/share/hadoop/common/lib/jackson-core-asl-1.9.13.jar
7f3e5f25a000-7f3e5f271000 r--s 0010e000 fd:20 12058796                   /mnt/data-dir/hadoop-2.5.2/share/hadoop/common/lib/netty-3.6.2.Final.jar
7f3e5f271000-7f3e5f275000 r--s 0002a000 fd:20 12058777                   /mnt/data-dir/hadoop-2.5.2/share/hadoop/common/lib/commons-io-2.4.jar
7f3e5f275000-7f3e5f27b000 r--s 00032000 fd:20 12058827                   /mnt/data-dir/hadoop-2.5.2/share/hadoop/common/lib/httpcore-4.2.5.jar
7f3e5f27b000-7f3e5f28e000 r--s 000c7000 fd:20 12058775                   /mnt/data-dir/hadoop-2.5.2/share/hadoop/common/lib/jaxb-impl-2.2.3-1.jar
7f3e5f28e000-7f3e5f2ab000 r--s 0013e000 fd:20 12058825                   /mnt/data-dir/hadoop-2.5.2/share/hadoop/common/lib/mockito-all-1.8.5.jar
7f3e5f2ab000-7f3e5f2ac000 ---p 00000000 00:00 0 
7f3e5f2ac000-7f3e5f3ac000 rw-p 00000000 00:00 0 
7f3e5f3ac000-7f3e5f3af000 ---p 00000000 00:00 0 
7f3e5f3af000-7f3e5f4ad000 rw-p 00000000 00:00 0 
7f3e5f4ad000-7f3e5f4b0000 ---p 00000000 00:00 0 
7f3e5f4b0000-7f3e5f5ae000 rw-p 00000000 00:00 0 
7f3e5f5ae000-7f3e5f5b1000 ---p 00000000 00:00 0 
7f3e5f5b1000-7f3e5f6af000 rw-p 00000000 00:00 0 
7f3e5f6af000-7f3e5f6b2000 ---p 00000000 00:00 0 
7f3e5f6b2000-7f3e5f7b0000 rw-p 00000000 00:00 0 
7f3e5f7b0000-7f3e5fa79000 r--p 00000000 fc:00 136975                     /usr/lib/locale/locale-archive
7f3e5fa79000-7f3e5fa7c000 ---p 00000000 00:00 0 
7f3e5fa7c000-7f3e5fb7a000 rw-p 00000000 00:00 0 
7f3e5fb7a000-7f3e5fb7d000 ---p 00000000 00:00 0 
7f3e5fb7d000-7f3e5fc7b000 rw-p 00000000 00:00 0 
7f3e5fc7b000-7f3e5fc7c000 ---p 00000000 00:00 0 
7f3e5fc7c000-7f3e5fdcb000 rw-p 00000000 00:00 0 
7f3e5fdcb000-7f3e5ffa4000 r--s 03d3e000 fc:00 158616                     /usr/lib/jvm/java-8-oracle/jre/lib/rt.jar
7f3e5ffa4000-7f3e6081a000 rw-p 00000000 00:00 0 
7f3e6081a000-7f3e6083b000 rw-p 00000000 00:00 0 
7f3e6083b000-7f3e60bda000 ---p 00000000 00:00 0 
7f3e60bda000-7f3e6140a000 rwxp 00000000 00:00 0 
7f3e6141a000-7f3e6fbda000 ---p 00000000 00:00 0 
7f3e6fbda000-7f3e6fbf4000 r-xp 00000000 fc:00 158477                     /usr/lib/jvm/java-8-oracle/jre/lib/amd64/libzip.so
7f3e6fbf4000-7f3e6fdf4000 ---p 0001a000 fc:00 158477                     /usr/lib/jvm/java-8-oracle/jre/lib/amd64/libzip.so
7f3e6fdf4000-7f3e6fdf5000 rw-p 0001a000 fc:00 158477                     /usr/lib/jvm/java-8-oracle/jre/lib/amd64/libzip.so
7f3e6fdf5000-7f3e6fdff000 r-xp 00000000 fc:00 329                        /lib/x86_64-linux-gnu/libnss_files-2.19.so
7f3e6fdff000-7f3e6fffe000 ---p 0000a000 fc:00 329                        /lib/x86_64-linux-gnu/libnss_files-2.19.so
7f3e6fffe000-7f3e6ffff000 r--p 00009000 fc:00 329                        /lib/x86_64-linux-gnu/libnss_files-2.19.so
7f3e6ffff000-7f3e70000000 rw-p 0000a000 fc:00 329                        /lib/x86_64-linux-gnu/libnss_files-2.19.so
7f3e70000000-7f3e716fd000 rw-p 00000000 00:00 0 
7f3e716fd000-7f3e74000000 ---p 00000000 00:00 0 
7f3e74000000-7f3e74003000 r--s 00006000 fd:20 12058783                   /mnt/data-dir/hadoop-2.5.2/share/hadoop/common/lib/jsr305-1.3.9.jar
7f3e74003000-7f3e74007000 r--s 00021000 fd:20 12058814                   /mnt/data-dir/hadoop-2.5.2/share/hadoop/common/lib/jersey-json-1.9.jar
7f3e74007000-7f3e74008000 r--s 00003000 fd:20 12058829                   /mnt/data-dir/hadoop-2.5.2/share/hadoop/common/lib/xmlenc-0.52.jar
7f3e74008000-7f3e74009000 r--s 00004000 fd:20 12058785                   /mnt/data-dir/hadoop-2.5.2/share/hadoop/common/lib/java-xmlbuilder-0.4.jar
7f3e74009000-7f3e7400b000 r--s 00003000 fd:20 12058805                   /mnt/data-dir/hadoop-2.5.2/share/hadoop/common/lib/api-asn1-api-1.0.0-M20.jar
7f3e7400b000-7f3e7400e000 r--s 00017000 fd:20 12058821                   /mnt/data-dir/hadoop-2.5.2/share/hadoop/common/lib/jaxb-api-2.2.2.jar
7f3e7400e000-7f3e74014000 r--s 00045000 fd:20 12058807                   /mnt/data-dir/hadoop-2.5.2/share/hadoop/common/lib/commons-httpclient-3.1.jar
7f3e74014000-7f3e7407a000 rw-p 00000000 00:00 0 
7f3e7407a000-7f3e740c4000 ---p 00000000 00:00 0 
7f3e740c4000-7f3e740d9000 rw-p 00000000 00:00 0 
7f3e740d9000-7f3e7416f000 ---p 00000000 00:00 0 
7f3e7416f000-7f3e74170000 rw-p 00000000 00:00 0 
7f3e74170000-7f3e7417b000 r-xp 00000000 fc:00 333                        /lib/x86_64-linux-gnu/libnss_nis-2.19.so
7f3e7417b000-7f3e7437a000 ---p 0000b000 fc:00 333                        /lib/x86_64-linux-gnu/libnss_nis-2.19.so
7f3e7437a000-7f3e7437b000 r--p 0000a000 fc:00 333                        /lib/x86_64-linux-gnu/libnss_nis-2.19.so
7f3e7437b000-7f3e7437c000 rw-p 0000b000 fc:00 333                        /lib/x86_64-linux-gnu/libnss_nis-2.19.so
7f3e7437c000-7f3e74393000 r-xp 00000000 fc:00 323                        /lib/x86_64-linux-gnu/libnsl-2.19.so
7f3e74393000-7f3e74592000 ---p 00017000 fc:00 323                        /lib/x86_64-linux-gnu/libnsl-2.19.so
7f3e74592000-7f3e74593000 r--p 00016000 fc:00 323                        /lib/x86_64-linux-gnu/libnsl-2.19.so
7f3e74593000-7f3e74594000 rw-p 00017000 fc:00 323                        /lib/x86_64-linux-gnu/libnsl-2.19.so
7f3e74594000-7f3e74596000 rw-p 00000000 00:00 0 
7f3e74596000-7f3e7459f000 r-xp 00000000 fc:00 325                        /lib/x86_64-linux-gnu/libnss_compat-2.19.so
7f3e7459f000-7f3e7479e000 ---p 00009000 fc:00 325                        /lib/x86_64-linux-gnu/libnss_compat-2.19.so
7f3e7479e000-7f3e7479f000 r--p 00008000 fc:00 325                        /lib/x86_64-linux-gnu/libnss_compat-2.19.so
7f3e7479f000-7f3e747a0000 rw-p 00009000 fc:00 325                        /lib/x86_64-linux-gnu/libnss_compat-2.19.so
7f3e747a0000-7f3e747cb000 r-xp 00000000 fc:00 158494                     /usr/lib/jvm/java-8-oracle/jre/lib/amd64/libjava.so
7f3e747cb000-7f3e749ca000 ---p 0002b000 fc:00 158494                     /usr/lib/jvm/java-8-oracle/jre/lib/amd64/libjava.so
7f3e749ca000-7f3e749cc000 rw-p 0002a000 fc:00 158494                     /usr/lib/jvm/java-8-oracle/jre/lib/amd64/libjava.so
7f3e749cc000-7f3e749d9000 r-xp 00000000 fc:00 158491                     /usr/lib/jvm/java-8-oracle/jre/lib/amd64/libverify.so
7f3e749d9000-7f3e74bd8000 ---p 0000d000 fc:00 158491                     /usr/lib/jvm/java-8-oracle/jre/lib/amd64/libverify.so
7f3e74bd8000-7f3e74bda000 rw-p 0000c000 fc:00 158491                     /usr/lib/jvm/java-8-oracle/jre/lib/amd64/libverify.so
7f3e74bda000-7f3e74be1000 r-xp 00000000 fc:00 366                        /lib/x86_64-linux-gnu/librt-2.19.so
7f3e74be1000-7f3e74de0000 ---p 00007000 fc:00 366                        /lib/x86_64-linux-gnu/librt-2.19.so
7f3e74de0000-7f3e74de1000 r--p 00006000 fc:00 366                        /lib/x86_64-linux-gnu/librt-2.19.so
7f3e74de1000-7f3e74de2000 rw-p 00007000 fc:00 366                        /lib/x86_64-linux-gnu/librt-2.19.so
7f3e74de2000-7f3e74ee7000 r-xp 00000000 fc:00 308                        /lib/x86_64-linux-gnu/libm-2.19.so
7f3e74ee7000-7f3e750e6000 ---p 00105000 fc:00 308                        /lib/x86_64-linux-gnu/libm-2.19.so
7f3e750e6000-7f3e750e7000 r--p 00104000 fc:00 308                        /lib/x86_64-linux-gnu/libm-2.19.so
7f3e750e7000-7f3e750e8000 rw-p 00105000 fc:00 308                        /lib/x86_64-linux-gnu/libm-2.19.so
7f3e750e8000-7f3e75db6000 r-xp 00000000 fc:00 158460                     /usr/lib/jvm/java-8-oracle/jre/lib/amd64/server/libjvm.so
7f3e75db6000-7f3e75fb6000 ---p 00cce000 fc:00 158460                     /usr/lib/jvm/java-8-oracle/jre/lib/amd64/server/libjvm.so
7f3e75fb6000-7f3e7608f000 rw-p 00cce000 fc:00 158460                     /usr/lib/jvm/java-8-oracle/jre/lib/amd64/server/libjvm.so
7f3e7608f000-7f3e760da000 rw-p 00000000 00:00 0 
7f3e760da000-7f3e76294000 r-xp 00000000 fc:00 270                        /lib/x86_64-linux-gnu/libc-2.19.so
7f3e76294000-7f3e76494000 ---p 001ba000 fc:00 270                        /lib/x86_64-linux-gnu/libc-2.19.so
7f3e76494000-7f3e76498000 r--p 001ba000 fc:00 270                        /lib/x86_64-linux-gnu/libc-2.19.so
7f3e76498000-7f3e7649a000 rw-p 001be000 fc:00 270                        /lib/x86_64-linux-gnu/libc-2.19.so
7f3e7649a000-7f3e7649f000 rw-p 00000000 00:00 0 
7f3e7649f000-7f3e764a2000 r-xp 00000000 fc:00 286                        /lib/x86_64-linux-gnu/libdl-2.19.so
7f3e764a2000-7f3e766a1000 ---p 00003000 fc:00 286                        /lib/x86_64-linux-gnu/libdl-2.19.so
7f3e766a1000-7f3e766a2000 r--p 00002000 fc:00 286                        /lib/x86_64-linux-gnu/libdl-2.19.so
7f3e766a2000-7f3e766a3000 rw-p 00003000 fc:00 286                        /lib/x86_64-linux-gnu/libdl-2.19.so
7f3e766a3000-7f3e766b8000 r-xp 00000000 fc:00 158518                     /usr/lib/jvm/java-8-oracle/jre/lib/amd64/jli/libjli.so
7f3e766b8000-7f3e768b8000 ---p 00015000 fc:00 158518                     /usr/lib/jvm/java-8-oracle/jre/lib/amd64/jli/libjli.so
7f3e768b8000-7f3e768b9000 rw-p 00015000 fc:00 158518                     /usr/lib/jvm/java-8-oracle/jre/lib/amd64/jli/libjli.so
7f3e768b9000-7f3e768d2000 r-xp 00000000 fc:00 360                        /lib/x86_64-linux-gnu/libpthread-2.19.so
7f3e768d2000-7f3e76ad1000 ---p 00019000 fc:00 360                        /lib/x86_64-linux-gnu/libpthread-2.19.so
7f3e76ad1000-7f3e76ad2000 r--p 00018000 fc:00 360                        /lib/x86_64-linux-gnu/libpthread-2.19.so
7f3e76ad2000-7f3e76ad3000 rw-p 00019000 fc:00 360                        /lib/x86_64-linux-gnu/libpthread-2.19.so
7f3e76ad3000-7f3e76ad7000 rw-p 00000000 00:00 0 
7f3e76ad7000-7f3e76afa000 r-xp 00000000 fc:00 250                        /lib/x86_64-linux-gnu/ld-2.19.so
7f3e76afa000-7f3e76afe000 r--s 00014000 fd:20 12058806                   /mnt/data-dir/hadoop-2.5.2/share/hadoop/common/lib/xz-1.0.jar
7f3e76afe000-7f3e76b03000 r--s 0005f000 fd:20 12058771                   /mnt/data-dir/hadoop-2.5.2/share/hadoop/common/lib/jasper-compiler-5.5.23.jar
7f3e76b03000-7f3e76b0f000 r--s 000b6000 fd:20 12058782                   /mnt/data-dir/hadoop-2.5.2/share/hadoop/common/lib/zookeeper-3.4.6.jar
7f3e76b0f000-7f3e76b11000 r--s 000f2000 fd:20 12058819                   /mnt/data-dir/hadoop-2.5.2/share/hadoop/common/lib/snappy-java-1.0.4.1.jar
7f3e76b11000-7f3e76b13000 r--s 00006000 fd:20 12058778                   /mnt/data-dir/hadoop-2.5.2/share/hadoop/common/lib/paranamer-2.3.jar
7f3e76b13000-7f3e76b50000 rw-p 00000000 00:00 0 
7f3e76b50000-7f3e76be6000 ---p 00000000 00:00 0 
7f3e76be6000-7f3e76be9000 ---p 00000000 00:00 0 
7f3e76be9000-7f3e76ceb000 rw-p 00000000 00:00 0 
7f3e76ceb000-7f3e76ced000 r--s 00011000 fd:20 12058830                   /mnt/data-dir/hadoop-2.5.2/share/hadoop/common/lib/jasper-runtime-5.5.23.jar
7f3e76ced000-7f3e76cf5000 rw-s 00000000 fc:00 177225                     /tmp/hsperfdata_krose1/8343
7f3e76cf5000-7f3e76cf6000 rw-p 00000000 00:00 0 
7f3e76cf6000-7f3e76cf7000 r--p 00000000 00:00 0 
7f3e76cf7000-7f3e76cf9000 rw-p 00000000 00:00 0 
7f3e76cf9000-7f3e76cfa000 r--p 00022000 fc:00 250                        /lib/x86_64-linux-gnu/ld-2.19.so
7f3e76cfa000-7f3e76cfb000 rw-p 00023000 fc:00 250                        /lib/x86_64-linux-gnu/ld-2.19.so
7f3e76cfb000-7f3e76cfc000 rw-p 00000000 00:00 0 
7ffd6a778000-7ffd6a79a000 rw-p 00000000 00:00 0                          [stack]
7ffd6a7b8000-7ffd6a7ba000 r--p 00000000 00:00 0                          [vvar]
7ffd6a7ba000-7ffd6a7bc000 r-xp 00000000 00:00 0                          [vdso]
ffffffffff600000-ffffffffff601000 r-xp 00000000 00:00 0                  [vsyscall]

VM Arguments:
jvm_args: -Xmx1000m -Djava.net.preferIPv4Stack=true -Dhadoop.log.dir=/mnt/logs -Dhadoop.log.file=hadoop.log -Dhadoop.home.dir=/mnt/data-dir/hadoop-2.5.2 -Dhadoop.id.str=krose1 -Dhadoop.root.logger=INFO,console -Djava.library.path=/mnt/data-dir/hadoop-2.5.2/lib/native -Dhadoop.policy.file=hadoop-policy.xml -Djava.net.preferIPv4Stack=true -Xmx512m -Dhadoop.security.logger=INFO,NullAppender 
java_command: org.apache.hadoop.util.RunJar mt.jar MaxTemperatureWithMapOutputCompression /user/root/ncdc/90and92/1990and1992.txt.bz2 /user/krose1/output/week07/intermcompression/withoutcombiner/bz/two/01
java_class_path (initial): /mnt/data-dir/hadoop-2.5.2/etc/hadoop:/mnt/data-dir/hadoop-2.5.2/share/hadoop/common/lib/jasper-runtime-5.5.23.jar:/mnt/data-dir/hadoop-2.5.2/share/hadoop/common/lib/mockito-all-1.8.5.jar:/mnt/data-dir/hadoop-2.5.2/share/hadoop/common/lib/paranamer-2.3.jar:/mnt/data-dir/hadoop-2.5.2/share/hadoop/common/lib/snappy-java-1.0.4.1.jar:/mnt/data-dir/hadoop-2.5.2/share/hadoop/common/lib/zookeeper-3.4.6.jar:/mnt/data-dir/hadoop-2.5.2/share/hadoop/common/lib/jasper-compiler-5.5.23.jar:/mnt/data-dir/hadoop-2.5.2/share/hadoop/common/lib/commons-httpclient-3.1.jar:/mnt/data-dir/hadoop-2.5.2/share/hadoop/common/lib/xz-1.0.jar:/mnt/data-dir/hadoop-2.5.2/share/hadoop/common/lib/jaxb-api-2.2.2.jar:/mnt/data-dir/hadoop-2.5.2/share/hadoop/common/lib/api-asn1-api-1.0.0-M20.jar:/mnt/data-dir/hadoop-2.5.2/share/hadoop/common/lib/jaxb-impl-2.2.3-1.jar:/mnt/data-dir/hadoop-2.5.2/share/hadoop/common/lib/java-xmlbuilder-0.4.jar:/mnt/data-dir/hadoop-2.5.2/share/hadoop/common/lib/xmlenc-0.52.jar:/mnt/data-dir/hadoop-2.5.2/share/hadoop/common/lib/jersey-json-1.9.jar:/mnt/data-dir/hadoop-2.5.2/share/hadoop/common/lib/httpcore-4.2.5.jar:/mnt/data-dir/hadoop-2.5.2/share/hadoop/common/lib/jsr305-1.3.9.jar:/mnt/data-dir/hadoop-2.5.2/share/hadoop/common/lib/commons-io-2.4.jar:/mnt/data-dir/hadoop-2.5.2/share/hadoop/common/lib/netty-3.6.2.Final.jar:/mnt/data-dir/hadoop-2.5.2/share/hadoop/common/lib/jackson-core-asl-1.9.13.jar:/mnt/data-dir/hadoop-2.5.2/share/hadoop/common/lib/slf4j-api-1.7.5.jar:/mnt/data-dir/hadoop-2.5.2/share/hadoop/common/lib/protobuf-java-2.5.0.jar:/mnt/data-dir/hadoop-2.5.2/share/hadoop/common/lib/hamcrest-core-1.3.jar:/mnt/data-dir/hadoop-2.5.2/share/hadoop/common/lib/jets3t-0.9.0.jar:/mnt/data-dir/hadoop-2.5.2/share/hadoop/common/lib/log4j-1.2.17.jar:/mnt/data-dir/hadoop-2.5.2/share/hadoop/common/lib/slf4j-log4j12-1.7.5.jar:/mnt/data-dir/hadoop-2.5.2/share/hadoop/common/lib/jersey-core-1.9.jar:/mnt/data-dir/hadoop-2.5.2/share/hadoop/common/lib/stax
Launcher Type: SUN_STANDARD

Environment Variables:
JAVA_HOME=/usr
CLASSPATH=/mnt/data-dir/hadoop-2.5.2/etc/hadoop:/mnt/data-dir/hadoop-2.5.2/share/hadoop/common/lib/*:/mnt/data-dir/hadoop-2.5.2/share/hadoop/common/*:/mnt/data-dir/hadoop-2.5.2/share/hadoop/hdfs:/mnt/data-dir/hadoop-2.5.2/share/hadoop/hdfs/lib/*:/mnt/data-dir/hadoop-2.5.2/share/hadoop/hdfs/*:/mnt/data-dir/hadoop-2.5.2/share/hadoop/yarn/lib/*:/mnt/data-dir/hadoop-2.5.2/share/hadoop/yarn/*:/mnt/data-dir/hadoop-2.5.2/share/hadoop/mapreduce/lib/*:/mnt/data-dir/hadoop-2.5.2/share/hadoop/mapreduce/*:/usr/lib/jvm/java-8-oracle/lib/tools.jar:/mnt/data-dir/hadoop-2.5.2/contrib/capacity-scheduler/*.jar
PATH=/sbin:/usr/sbin:/bin:/usr/bin:/mnt/data-dir/hadoop-2.5.2/bin:/mnt/data-dir/hadoop-2.5.2/sbin:/usr/local/bin
LD_LIBRARY_PATH=:/mnt/data-dir/hadoop-2.5.2/lib/native
SHELL=/bin/bash

Signal Handlers:
SIGSEGV: [libjvm.so+0xac78c0], sa_mask[0]=11111111011111111101111111111110, sa_flags=SA_RESTART|SA_SIGINFO
SIGBUS: [libjvm.so+0xac78c0], sa_mask[0]=11111111011111111101111111111110, sa_flags=SA_RESTART|SA_SIGINFO
SIGFPE: [libjvm.so+0x920ac0], sa_mask[0]=11111111011111111101111111111110, sa_flags=SA_RESTART|SA_SIGINFO
SIGPIPE: [libjvm.so+0x920ac0], sa_mask[0]=11111111011111111101111111111110, sa_flags=SA_RESTART|SA_SIGINFO
SIGXFSZ: [libjvm.so+0x920ac0], sa_mask[0]=11111111011111111101111111111110, sa_flags=SA_RESTART|SA_SIGINFO
SIGILL: [libjvm.so+0x920ac0], sa_mask[0]=11111111011111111101111111111110, sa_flags=SA_RESTART|SA_SIGINFO
SIGUSR1: SIG_DFL, sa_mask[0]=00000000000000000000000000000000, sa_flags=none
SIGUSR2: [libjvm.so+0x922300], sa_mask[0]=00000000000000000000000000000000, sa_flags=SA_RESTART|SA_SIGINFO
SIGHUP: [libjvm.so+0x923700], sa_mask[0]=11111111011111111101111111111110, sa_flags=SA_RESTART|SA_SIGINFO
SIGINT: [libjvm.so+0x923700], sa_mask[0]=11111111011111111101111111111110, sa_flags=SA_RESTART|SA_SIGINFO
SIGTERM: [libjvm.so+0x923700], sa_mask[0]=11111111011111111101111111111110, sa_flags=SA_RESTART|SA_SIGINFO
SIGQUIT: [libjvm.so+0x923700], sa_mask[0]=11111111011111111101111111111110, sa_flags=SA_RESTART|SA_SIGINFO


---------------  S Y S T E M  ---------------

OS:DISTRIB_ID=Ubuntu
DISTRIB_RELEASE=14.04
DISTRIB_CODENAME=trusty
DISTRIB_DESCRIPTION="Ubuntu 14.04.5 LTS"

uname:Linux 4.4.0-31-generic #50~14.04.1-Ubuntu SMP Wed Jul 13 01:07:32 UTC 2016 x86_64
libc:glibc 2.19 NPTL 2.19 
rlimit: STACK 8192k, CORE 0k, NPROC 15718, NOFILE 4096, AS infinity
load average:2.29 2.55 3.05

/proc/meminfo:
MemTotal:        4047016 kB
MemFree:           87208 kB
MemAvailable:          0 kB
Buffers:             704 kB
Cached:            13312 kB
SwapCached:          124 kB
Active:          3033124 kB
Inactive:         779104 kB
Active(anon):    3025772 kB
Inactive(anon):   773004 kB
Active(file):       7352 kB
Inactive(file):     6100 kB
Unevictable:           0 kB
Mlocked:               0 kB
SwapTotal:        524284 kB
SwapFree:              0 kB
Dirty:               312 kB
Writeback:             0 kB
AnonPages:       3798296 kB
Mapped:             9784 kB
Shmem:               352 kB
Slab:              53992 kB
SReclaimable:      21232 kB
SUnreclaim:        32760 kB
KernelStack:       14080 kB
PageTables:        53752 kB
NFS_Unstable:          0 kB
Bounce:                0 kB
WritebackTmp:          0 kB
CommitLimit:     2547792 kB
Committed_AS:    5629476 kB
VmallocTotal:   34359738367 kB
VmallocUsed:           0 kB
VmallocChunk:          0 kB
HardwareCorrupted:     0 kB
AnonHugePages:   1134592 kB
CmaTotal:              0 kB
CmaFree:               0 kB
HugePages_Total:       0
HugePages_Free:        0
HugePages_Rsvd:        0
HugePages_Surp:        0
Hugepagesize:       2048 kB
DirectMap4k:       40948 kB
DirectMap2M:     4153344 kB


CPU:total 1 (1 cores per cpu, 1 threads per core) family 6 model 13 stepping 3, cmov, cx8, fxsr, mmx, sse, sse2, sse3, tsc

/proc/cpuinfo:
processor	: 0
vendor_id	: GenuineIntel
cpu family	: 6
model		: 13
model name	: QEMU Virtual CPU version (cpu64-rhel6)
stepping	: 3
microcode	: 0x1
cpu MHz		: 2400.084
cache size	: 4096 KB
physical id	: 0
siblings	: 1
core id		: 0
cpu cores	: 1
apicid		: 0
initial apicid	: 0
fpu		: yes
fpu_exception	: yes
cpuid level	: 4
wp		: yes
flags		: fpu de pse tsc msr pae mce cx8 apic sep mtrr pge mca cmov pse36 clflush mmx fxsr sse sse2 syscall nx lm nopl pni cx16 hypervisor lahf_lm
bugs		:
bogomips	: 4800.16
clflush size	: 64
cache_alignment	: 64
address sizes	: 40 bits physical, 48 bits virtual
power management:



Memory: 4k page, physical 4047016k(87208k free), swap 524284k(0k free)

vm_info: Java HotSpot(TM) 64-Bit Server VM (25.121-b13) for linux-amd64 JRE (1.8.0_121-b13), built on Dec 12 2016 16:36:53 by "java_re" with gcc 4.3.0 20080428 (Red Hat 4.3.0-8)

time: Wed Mar  8 00:37:38 2017
elapsed time: 2727 seconds (0d 0h 45m 27s)

