#
# There is insufficient memory for the Java Runtime Environment to continue.
# Native memory allocation (mmap) failed to map 65536 bytes for committing reserved memory.
# Possible reasons:
#   The system is out of physical RAM or swap space
#   In 32 bit mode, the process size limit was hit
# Possible solutions:
#   Reduce memory load on the system
#   Increase physical memory or swap space
#   Check if swap backing store is full
#   Use 64 bit Java on a 64 bit OS
#   Decrease Java heap size (-Xmx/-Xms)
#   Decrease number of Java threads
#   Decrease Java thread stack sizes (-Xss)
#   Set larger code cache with -XX:ReservedCodeCacheSize=
# This output file may be truncated or incomplete.
#
#  Out of Memory Error (os_linux.cpp:2627), pid=9131, tid=0x00007fd0d7724700
#
# JRE version: Java(TM) SE Runtime Environment (8.0_121-b13) (build 1.8.0_121-b13)
# Java VM: Java HotSpot(TM) 64-Bit Server VM (25.121-b13 mixed mode linux-amd64 compressed oops)
# Failed to write core dump. Core dumps have been disabled. To enable core dumping, try "ulimit -c unlimited" before starting Java again
#

---------------  T H R E A D  ---------------

Current thread (0x00007fd0e80b6000):  JavaThread "C2 CompilerThread0" daemon [_thread_in_vm, id=9175, stack(0x00007fd0d7624000,0x00007fd0d7725000)]

Stack: [0x00007fd0d7624000,0x00007fd0d7725000],  sp=0x00007fd0d7721830,  free space=1014k
Native frames: (J=compiled Java code, j=interpreted, Vv=VM code, C=native code)
V  [libjvm.so+0xac703a]  VMError::report_and_die()+0x2ba
V  [libjvm.so+0x4fc7eb]  report_vm_out_of_memory(char const*, int, unsigned long, VMErrorType, char const*)+0x8b
V  [libjvm.so+0x923c43]  os::Linux::commit_memory_impl(char*, unsigned long, bool)+0x103
V  [libjvm.so+0x924199]  os::pd_commit_memory(char*, unsigned long, unsigned long, bool)+0x29
V  [libjvm.so+0x91e4aa]  os::commit_memory(char*, unsigned long, unsigned long, bool)+0x2a
V  [libjvm.so+0xac2d99]  VirtualSpace::expand_by(unsigned long, bool)+0x199
V  [libjvm.so+0x61ad7c]  CodeHeap::expand_by(unsigned long)+0x8c
V  [libjvm.so+0x4805c0]  CodeCache::allocate(int, bool)+0x60
V  [libjvm.so+0x8ec2ac]  nmethod::new_nmethod(methodHandle, int, int, CodeOffsets*, int, DebugInformationRecorder*, Dependencies*, CodeBuffer*, int, OopMapSet*, ExceptionHandlerTable*, ImplicitExceptionTable*, AbstractCompiler*, int)+0x1fc
V  [libjvm.so+0x415e0b]  ciEnv::register_method(ciMethod*, int, CodeOffsets*, int, CodeBuffer*, int, OopMapSet*, ExceptionHandlerTable*, ImplicitExceptionTable*, AbstractCompiler*, int, bool, bool, RTMState)+0x42b
V  [libjvm.so+0x4a5a5d]  Compile::Compile(ciEnv*, C2Compiler*, ciMethod*, int, bool, bool, bool)+0x15ad
V  [libjvm.so+0x3f2615]  C2Compiler::compile_method(ciEnv*, ciMethod*, int)+0x1f5
V  [libjvm.so+0x4afeaa]  CompileBroker::invoke_compiler_on_method(CompileTask*)+0xc9a
V  [libjvm.so+0x4b0e56]  CompileBroker::compiler_thread_loop()+0x5d6
V  [libjvm.so+0xa75543]  JavaThread::thread_main_inner()+0x103
V  [libjvm.so+0xa7568c]  JavaThread::run()+0x11c
V  [libjvm.so+0x926268]  java_start(Thread*)+0x108
C  [libpthread.so.0+0x8184]  start_thread+0xc4


Current CompileTask:
C2:2750197 2972       4       org.apache.hadoop.mapred.ClientServiceDelegate::getJobStatus (135 bytes)


---------------  P R O C E S S  ---------------

Java Threads: ( => current thread )
  0x00007fd0e8ce1000 JavaThread "IPC Parameter Sending Thread #1" daemon [_thread_blocked, id=30329, stack(0x00007fd0d4ebb000,0x00007fd0d4fbc000)]
  0x00007fd0e8d4e000 JavaThread "IPC Client (1095293768) connection to euca-192-168-166-50.eucalyptus.internal/192.168.166.50:8032 from krose1" daemon [_thread_blocked, id=9338, stack(0x00007fd0d5526000,0x00007fd0d5627000)]
  0x00007fd0e8c36800 JavaThread "Thread-3" daemon [_thread_in_native, id=9331, stack(0x00007fd0d665b000,0x00007fd0d675c000)]
  0x00007fd0e80d5800 JavaThread "Service Thread" daemon [_thread_blocked, id=9177, stack(0x00007fd0d7422000,0x00007fd0d7523000)]
  0x00007fd0e80b8000 JavaThread "C1 CompilerThread1" daemon [_thread_blocked, id=9176, stack(0x00007fd0d7523000,0x00007fd0d7624000)]
=>0x00007fd0e80b6000 JavaThread "C2 CompilerThread0" daemon [_thread_in_vm, id=9175, stack(0x00007fd0d7624000,0x00007fd0d7725000)]
  0x00007fd0e80b4800 JavaThread "Signal Dispatcher" daemon [_thread_blocked, id=9174, stack(0x00007fd0d7725000,0x00007fd0d7826000)]
  0x00007fd0e8081000 JavaThread "Finalizer" daemon [_thread_blocked, id=9170, stack(0x00007fd0d7aef000,0x00007fd0d7bf0000)]
  0x00007fd0e807c800 JavaThread "Reference Handler" daemon [_thread_blocked, id=9169, stack(0x00007fd0d7bf0000,0x00007fd0d7cf1000)]
  0x00007fd0e8010800 JavaThread "main" [_thread_blocked, id=9147, stack(0x00007fd0eec79000,0x00007fd0eed7a000)]

Other Threads:
  0x00007fd0e8075000 VMThread [stack: 0x00007fd0d7cf1000,0x00007fd0d7df2000] [id=9168]
  0x00007fd0e80d9000 WatcherThread [stack: 0x00007fd0d7321000,0x00007fd0d7422000] [id=9178]

VM state:not at safepoint (normal execution)

VM Mutex/Monitor currently owned by a thread:  ([mutex/lock_event])
[0x00007fd0e800bf90] CodeCache_lock - owner thread: 0x00007fd0e80b6000
[0x00007fd0e800d610] Compile_lock - owner thread: 0x00007fd0e80b6000
[0x00007fd0e800d710] MethodCompileQueue_lock - owner thread: 0x00007fd0e80b6000

Heap:
 def new generation   total 19136K, used 4536K [0x00000000e0000000, 0x00000000e14c0000, 0x00000000eaaa0000)
  eden space 17024K,  26% used [0x00000000e0000000, 0x00000000e045dda0, 0x00000000e10a0000)
  from space 2112K,   3% used [0x00000000e10a0000, 0x00000000e10b03f8, 0x00000000e12b0000)
  to   space 2112K,   0% used [0x00000000e12b0000, 0x00000000e12b0000, 0x00000000e14c0000)
 tenured generation   total 42368K, used 8387K [0x00000000eaaa0000, 0x00000000ed400000, 0x0000000100000000)
   the space 42368K,  19% used [0x00000000eaaa0000, 0x00000000eb2d0e50, 0x00000000eb2d1000, 0x00000000ed400000)
 Metaspace       used 25745K, capacity 25996K, committed 26240K, reserved 1073152K
  class space    used 2866K, capacity 2939K, committed 2944K, reserved 1048576K

Card table byte_map: [0x00007fd0ec102000,0x00007fd0ec203000] byte_map_base: 0x00007fd0eba02000

Polling page: 0x00007fd0eed89000

CodeCache: size=245760Kb used=8292Kb max_used=8292Kb free=237467Kb
 bounds [0x00007fd0d8bda000, 0x00007fd0d940a000, 0x00007fd0e7bda000]
 total_blobs=2979 nmethods=2528 adapters=363
 compilation: enabled

Compilation events (10 events):
Event: 2745.629 Thread 0x00007fd0e80b6000 nmethod 2967 0x00007fd0d93f6750 code [0x00007fd0d93f69e0, 0x00007fd0d93f8a08]
Event: 2745.629 Thread 0x00007fd0e80b6000 2968   !   4       java.text.DecimalFormat::format (255 bytes)
Event: 2745.646 Thread 0x00007fd0e80b6000 nmethod 2968 0x00007fd0d93e4450 code [0x00007fd0d93e45e0, 0x00007fd0d93e4f08]
Event: 2746.491 Thread 0x00007fd0e80b6000 2969   !   4       org.apache.hadoop.yarn.client.api.impl.YarnClientImpl::getApplicationReport (67 bytes)
Event: 2746.523 Thread 0x00007fd0e80b6000 nmethod 2969 0x00007fd0d93e9650 code [0x00007fd0d93e98e0, 0x00007fd0d93ea448]
Event: 2746.523 Thread 0x00007fd0e80b6000 2970       4       org.apache.hadoop.yarn.proto.YarnServiceProtos$GetApplicationReportResponseProto::newBuilderForType (5 bytes)
Event: 2746.526 Thread 0x00007fd0e80b6000 nmethod 2970 0x00007fd0d93e2850 code [0x00007fd0d93e29a0, 0x00007fd0d93e2ab8]
Event: 2747.493 Thread 0x00007fd0e80b6000 2971  s!   4       org.apache.hadoop.mapred.ClientCache::getClient (94 bytes)
Event: 2747.547 Thread 0x00007fd0e80b6000 nmethod 2971 0x00007fd0d93fa850 code [0x00007fd0d93faa60, 0x00007fd0d93fb698]
Event: 2747.547 Thread 0x00007fd0e80b6000 2972       4       org.apache.hadoop.mapred.ClientServiceDelegate::getJobStatus (135 bytes)

GC Heap History (10 events):
Event: 476.221 GC heap before
{Heap before GC invocations=12 (full 1):
 def new generation   total 19136K, used 18758K [0x00000000e0000000, 0x00000000e14c0000, 0x00000000eaaa0000)
  eden space 17024K,  99% used [0x00000000e0000000, 0x00000000e109f6a8, 0x00000000e10a0000)
  from space 2112K,  82% used [0x00000000e12b0000, 0x00000000e14623a0, 0x00000000e14c0000)
  to   space 2112K,   0% used [0x00000000e10a0000, 0x00000000e10a0000, 0x00000000e12b0000)
 tenured generation   total 42368K, used 8000K [0x00000000eaaa0000, 0x00000000ed400000, 0x0000000100000000)
   the space 42368K,  18% used [0x00000000eaaa0000, 0x00000000eb2700b0, 0x00000000eb270200, 0x00000000ed400000)
 Metaspace       used 25740K, capacity 25996K, committed 26240K, reserved 1073152K
  class space    used 2865K, capacity 2939K, committed 2944K, reserved 1048576K
Event: 476.274 GC heap after
Heap after GC invocations=13 (full 1):
 def new generation   total 19136K, used 166K [0x00000000e0000000, 0x00000000e14c0000, 0x00000000eaaa0000)
  eden space 17024K,   0% used [0x00000000e0000000, 0x00000000e0000000, 0x00000000e10a0000)
  from space 2112K,   7% used [0x00000000e10a0000, 0x00000000e10c98c8, 0x00000000e12b0000)
  to   space 2112K,   0% used [0x00000000e12b0000, 0x00000000e12b0000, 0x00000000e14c0000)
 tenured generation   total 42368K, used 8387K [0x00000000eaaa0000, 0x00000000ed400000, 0x0000000100000000)
   the space 42368K,  19% used [0x00000000eaaa0000, 0x00000000eb2d0e50, 0x00000000eb2d1000, 0x00000000ed400000)
 Metaspace       used 25740K, capacity 25996K, committed 26240K, reserved 1073152K
  class space    used 2865K, capacity 2939K, committed 2944K, reserved 1048576K
}
Event: 1004.914 GC heap before
{Heap before GC invocations=13 (full 1):
 def new generation   total 19136K, used 17190K [0x00000000e0000000, 0x00000000e14c0000, 0x00000000eaaa0000)
  eden space 17024K, 100% used [0x00000000e0000000, 0x00000000e10a0000, 0x00000000e10a0000)
  from space 2112K,   7% used [0x00000000e10a0000, 0x00000000e10c98c8, 0x00000000e12b0000)
  to   space 2112K,   0% used [0x00000000e12b0000, 0x00000000e12b0000, 0x00000000e14c0000)
 tenured generation   total 42368K, used 8387K [0x00000000eaaa0000, 0x00000000ed400000, 0x0000000100000000)
   the space 42368K,  19% used [0x00000000eaaa0000, 0x00000000eb2d0e50, 0x00000000eb2d1000, 0x00000000ed400000)
 Metaspace       used 25742K, capacity 25996K, committed 26240K, reserved 1073152K
  class space    used 2865K, capacity 2939K, committed 2944K, reserved 1048576K
Event: 1004.970 GC heap after
Heap after GC invocations=14 (full 1):
 def new generation   total 19136K, used 63K [0x00000000e0000000, 0x00000000e14c0000, 0x00000000eaaa0000)
  eden space 17024K,   0% used [0x00000000e0000000, 0x00000000e0000000, 0x00000000e10a0000)
  from space 2112K,   2% used [0x00000000e12b0000, 0x00000000e12bfc98, 0x00000000e14c0000)
  to   space 2112K,   0% used [0x00000000e10a0000, 0x00000000e10a0000, 0x00000000e12b0000)
 tenured generation   total 42368K, used 8387K [0x00000000eaaa0000, 0x00000000ed400000, 0x0000000100000000)
   the space 42368K,  19% used [0x00000000eaaa0000, 0x00000000eb2d0e50, 0x00000000eb2d1000, 0x00000000ed400000)
 Metaspace       used 25742K, capacity 25996K, committed 26240K, reserved 1073152K
  class space    used 2865K, capacity 2939K, committed 2944K, reserved 1048576K
}
Event: 1536.979 GC heap before
{Heap before GC invocations=14 (full 1):
 def new generation   total 19136K, used 17087K [0x00000000e0000000, 0x00000000e14c0000, 0x00000000eaaa0000)
  eden space 17024K, 100% used [0x00000000e0000000, 0x00000000e10a0000, 0x00000000e10a0000)
  from space 2112K,   2% used [0x00000000e12b0000, 0x00000000e12bfc98, 0x00000000e14c0000)
  to   space 2112K,   0% used [0x00000000e10a0000, 0x00000000e10a0000, 0x00000000e12b0000)
 tenured generation   total 42368K, used 8387K [0x00000000eaaa0000, 0x00000000ed400000, 0x0000000100000000)
   the space 42368K,  19% used [0x00000000eaaa0000, 0x00000000eb2d0e50, 0x00000000eb2d1000, 0x00000000ed400000)
 Metaspace       used 25743K, capacity 25996K, committed 26240K, reserved 1073152K
  class space    used 2865K, capacity 2939K, committed 2944K, reserved 1048576K
Event: 1536.999 GC heap after
Heap after GC invocations=15 (full 1):
 def new generation   total 19136K, used 63K [0x00000000e0000000, 0x00000000e14c0000, 0x00000000eaaa0000)
  eden space 17024K,   0% used [0x00000000e0000000, 0x00000000e0000000, 0x00000000e10a0000)
  from space 2112K,   3% used [0x00000000e10a0000, 0x00000000e10afe60, 0x00000000e12b0000)
  to   space 2112K,   0% used [0x00000000e12b0000, 0x00000000e12b0000, 0x00000000e14c0000)
 tenured generation   total 42368K, used 8387K [0x00000000eaaa0000, 0x00000000ed400000, 0x0000000100000000)
   the space 42368K,  19% used [0x00000000eaaa0000, 0x00000000eb2d0e50, 0x00000000eb2d1000, 0x00000000ed400000)
 Metaspace       used 25743K, capacity 25996K, committed 26240K, reserved 1073152K
  class space    used 2865K, capacity 2939K, committed 2944K, reserved 1048576K
}
Event: 2077.787 GC heap before
{Heap before GC invocations=15 (full 1):
 def new generation   total 19136K, used 17087K [0x00000000e0000000, 0x00000000e14c0000, 0x00000000eaaa0000)
  eden space 17024K, 100% used [0x00000000e0000000, 0x00000000e10a0000, 0x00000000e10a0000)
  from space 2112K,   3% used [0x00000000e10a0000, 0x00000000e10afe60, 0x00000000e12b0000)
  to   space 2112K,   0% used [0x00000000e12b0000, 0x00000000e12b0000, 0x00000000e14c0000)
 tenured generation   total 42368K, used 8387K [0x00000000eaaa0000, 0x00000000ed400000, 0x0000000100000000)
   the space 42368K,  19% used [0x00000000eaaa0000, 0x00000000eb2d0e50, 0x00000000eb2d1000, 0x00000000ed400000)
 Metaspace       used 25744K, capacity 25996K, committed 26240K, reserved 1073152K
  class space    used 2866K, capacity 2939K, committed 2944K, reserved 1048576K
Event: 2077.799 GC heap after
Heap after GC invocations=16 (full 1):
 def new generation   total 19136K, used 64K [0x00000000e0000000, 0x00000000e14c0000, 0x00000000eaaa0000)
  eden space 17024K,   0% used [0x00000000e0000000, 0x00000000e0000000, 0x00000000e10a0000)
  from space 2112K,   3% used [0x00000000e12b0000, 0x00000000e12c0328, 0x00000000e14c0000)
  to   space 2112K,   0% used [0x00000000e10a0000, 0x00000000e10a0000, 0x00000000e12b0000)
 tenured generation   total 42368K, used 8387K [0x00000000eaaa0000, 0x00000000ed400000, 0x0000000100000000)
   the space 42368K,  19% used [0x00000000eaaa0000, 0x00000000eb2d0e50, 0x00000000eb2d1000, 0x00000000ed400000)
 Metaspace       used 25744K, capacity 25996K, committed 26240K, reserved 1073152K
  class space    used 2866K, capacity 2939K, committed 2944K, reserved 1048576K
}
Event: 2619.126 GC heap before
{Heap before GC invocations=16 (full 1):
 def new generation   total 19136K, used 17088K [0x00000000e0000000, 0x00000000e14c0000, 0x00000000eaaa0000)
  eden space 17024K, 100% used [0x00000000e0000000, 0x00000000e10a0000, 0x00000000e10a0000)
  from space 2112K,   3% used [0x00000000e12b0000, 0x00000000e12c0328, 0x00000000e14c0000)
  to   space 2112K,   0% used [0x00000000e10a0000, 0x00000000e10a0000, 0x00000000e12b0000)
 tenured generation   total 42368K, used 8387K [0x00000000eaaa0000, 0x00000000ed400000, 0x0000000100000000)
   the space 42368K,  19% used [0x00000000eaaa0000, 0x00000000eb2d0e50, 0x00000000eb2d1000, 0x00000000ed400000)
 Metaspace       used 25744K, capacity 25996K, committed 26240K, reserved 1073152K
  class space    used 2866K, capacity 2939K, committed 2944K, reserved 1048576K
Event: 2619.163 GC heap after
Heap after GC invocations=17 (full 1):
 def new generation   total 19136K, used 64K [0x00000000e0000000, 0x00000000e14c0000, 0x00000000eaaa0000)
  eden space 17024K,   0% used [0x00000000e0000000, 0x00000000e0000000, 0x00000000e10a0000)
  from space 2112K,   3% used [0x00000000e10a0000, 0x00000000e10b03f8, 0x00000000e12b0000)
  to   space 2112K,   0% used [0x00000000e12b0000, 0x00000000e12b0000, 0x00000000e14c0000)
 tenured generation   total 42368K, used 8387K [0x00000000eaaa0000, 0x00000000ed400000, 0x0000000100000000)
   the space 42368K,  19% used [0x00000000eaaa0000, 0x00000000eb2d0e50, 0x00000000eb2d1000, 0x00000000ed400000)
 Metaspace       used 25744K, capacity 25996K, committed 26240K, reserved 1073152K
  class space    used 2866K, capacity 2939K, committed 2944K, reserved 1048576K
}

Deoptimization events (10 events):
Event: 21.253 Thread 0x00007fd0e8010800 Uncommon trap: reason=class_check action=maybe_recompile pc=0x00007fd0d90883b0 method=java.util.regex.Pattern$Curly.match(Ljava/util/regex/Matcher;ILjava/lang/CharSequence;)Z @ 19
Event: 21.253 Thread 0x00007fd0e8010800 Uncommon trap: reason=class_check action=maybe_recompile pc=0x00007fd0d90883b0 method=java.util.regex.Pattern$Curly.match(Ljava/util/regex/Matcher;ILjava/lang/CharSequence;)Z @ 19
Event: 21.431 Thread 0x00007fd0e8de9800 Uncommon trap: reason=bimorphic action=maybe_recompile pc=0x00007fd0d901baf0 method=java.io.DataOutputStream.writeShort(I)V @ 12
Event: 21.678 Thread 0x00007fd0e8de9800 Uncommon trap: reason=bimorphic action=maybe_recompile pc=0x00007fd0d901baf0 method=java.io.DataOutputStream.writeShort(I)V @ 12
Event: 22.859 Thread 0x00007fd0e8dfa800 Uncommon trap: reason=bimorphic action=maybe_recompile pc=0x00007fd0d901baf0 method=java.io.DataOutputStream.writeShort(I)V @ 12
Event: 23.994 Thread 0x00007fd0e8010800 Uncommon trap: reason=unstable_if action=reinterpret pc=0x00007fd0d911d0f8 method=java.nio.Buffer.hasRemaining()Z @ 8
Event: 2619.165 Thread 0x00007fd0e8010800 Uncommon trap: reason=unstable_if action=reinterpret pc=0x00007fd0d9129b5c method=java.util.concurrent.SynchronousQueue$TransferStack.transfer(Ljava/lang/Object;ZJ)Ljava/lang/Object; @ 42
Event: 2619.179 Thread 0x00007fd0e8010800 Uncommon trap: reason=unstable_if action=reinterpret pc=0x00007fd0d9361c64 method=java.util.WeakHashMap.get(Ljava/lang/Object;)Ljava/lang/Object; @ 35
Event: 2619.186 Thread 0x00007fd0e8ce1000 Uncommon trap: reason=unstable_if action=reinterpret pc=0x00007fd0d9341abc method=sun.nio.ch.Util$BufferCache.get(I)Ljava/nio/ByteBuffer; @ 25
Event: 2679.164 Thread 0x00007fd0e8ce2000 Uncommon trap: reason=unstable_if action=reinterpret pc=0x00007fd0d9129a80 method=java.util.concurrent.SynchronousQueue$TransferStack.awaitFulfill(Ljava/util/concurrent/SynchronousQueue$TransferStack$SNode;ZJ)Ljava/util/concurrent/SynchronousQueue$Transfe

Internal exceptions (10 events):
Event: 3.784 Thread 0x00007fd0e8010800 Exception <a 'java/lang/ClassNotFoundException': org/apache/log4j/WriterAppenderCustomizer> (0x00000000e07e8968) thrown at [/HUDSON3/workspace/8-2-build-linux-amd64/jdk8u121/8372/hotspot/src/share/vm/classfile/systemDictionary.cpp, line 210]
Event: 3.856 Thread 0x00007fd0e8010800 Exception <a 'java/lang/ClassNotFoundException': org/apache/log4j/ConsoleAppenderCustomizer> (0x00000000e0816b40) thrown at [/HUDSON3/workspace/8-2-build-linux-amd64/jdk8u121/8372/hotspot/src/share/vm/classfile/systemDictionary.cpp, line 210]
Event: 5.409 Thread 0x00007fd0e8010800 Exception <a 'java/security/PrivilegedActionException'> (0x00000000e0c90918) thrown at [/HUDSON3/workspace/8-2-build-linux-amd64/jdk8u121/8372/hotspot/src/share/vm/prims/jvm.cpp, line 1390]
Event: 5.409 Thread 0x00007fd0e8010800 Exception <a 'java/security/PrivilegedActionException'> (0x00000000e0c90d10) thrown at [/HUDSON3/workspace/8-2-build-linux-amd64/jdk8u121/8372/hotspot/src/share/vm/prims/jvm.cpp, line 1390]
Event: 8.331 Thread 0x00007fd0e8010800 Exception <a 'java/io/FileNotFoundException'> (0x00000000e0e2ada0) thrown at [/HUDSON3/workspace/8-2-build-linux-amd64/jdk8u121/8372/hotspot/src/share/vm/prims/jni.cpp, line 709]
Event: 8.331 Thread 0x00007fd0e8010800 Exception <a 'java/security/PrivilegedActionException'> (0x00000000e0e2b208) thrown at [/HUDSON3/workspace/8-2-build-linux-amd64/jdk8u121/8372/hotspot/src/share/vm/prims/jvm.cpp, line 1390]
Event: 8.331 Thread 0x00007fd0e8010800 Exception <a 'java/lang/reflect/InvocationTargetException'> (0x00000000e0e2d2c8) thrown at [/HUDSON3/workspace/8-2-build-linux-amd64/jdk8u121/8372/hotspot/src/share/vm/runtime/reflection.cpp, line 1092]
Event: 8.881 Thread 0x00007fd0e8010800 Exception <a 'java/lang/NoSuchFieldError': method resolution failed> (0x00000000e0fd4a08) thrown at [/HUDSON3/workspace/8-2-build-linux-amd64/jdk8u121/8372/hotspot/src/share/vm/prims/methodHandles.cpp, line 1146]
Event: 8.905 Thread 0x00007fd0e8010800 Exception <a 'java/lang/NoSuchFieldError': method resolution failed> (0x00000000e0fe20c8) thrown at [/HUDSON3/workspace/8-2-build-linux-amd64/jdk8u121/8372/hotspot/src/share/vm/prims/methodHandles.cpp, line 1146]
Event: 2619.179 Thread 0x00007fd0e8010800 Implicit null exception at 0x00007fd0d9361b9b to 0x00007fd0d9361c51

Events (10 events):
Event: 2651.493 Thread 0x00007fd0e80b6000 flushing nmethod 0x00007fd0d8e02b90
Event: 2679.164 Thread 0x00007fd0e8ce2000 Uncommon trap: trap_request=0xffffff65 fr.pc=0x00007fd0d9129a80
Event: 2679.165 Thread 0x00007fd0e8ce2000 DEOPT PACKING pc=0x00007fd0d9129a80 sp=0x00007fd0d5926390
Event: 2679.165 Thread 0x00007fd0e8ce2000 DEOPT UNPACKING pc=0x00007fd0d8bdef69 sp=0x00007fd0d59262a8 mode 2
Event: 2679.167 Thread 0x00007fd0e8ce2000 Thread exited: 0x00007fd0e8ce2000
Event: 2703.081 Thread 0x00007fd0e80b6000 flushing nmethod 0x00007fd0d901df90
Event: 2703.081 Thread 0x00007fd0e80b6000 flushing nmethod 0x00007fd0d901e550
Event: 2703.081 Thread 0x00007fd0e80b6000 flushing nmethod 0x00007fd0d9045050
Event: 2712.260 Thread 0x00007fd0e80b6000 flushing nmethod 0x00007fd0d90dae90
Event: 2713.207 Thread 0x00007fd0e80b6000 flushing nmethod 0x00007fd0d9150e50


Dynamic libraries:
00400000-00401000 r-xp 00000000 fc:00 158434                             /usr/lib/jvm/java-8-oracle/jre/bin/java
00600000-00601000 rw-p 00000000 fc:00 158434                             /usr/lib/jvm/java-8-oracle/jre/bin/java
01a22000-02044000 rw-p 00000000 00:00 0                                  [heap]
e0000000-e14c0000 rw-p 00000000 00:00 0 
e14c0000-eaaa0000 ---p 00000000 00:00 0 
eaaa0000-ed400000 rw-p 00000000 00:00 0 
ed400000-100000000 ---p 00000000 00:00 0 
100000000-1002e0000 rw-p 00000000 00:00 0 
1002e0000-140000000 ---p 00000000 00:00 0 
7fd0c8000000-7fd0c802a000 rw-p 00000000 00:00 0 
7fd0c802a000-7fd0cc000000 ---p 00000000 00:00 0 
7fd0d0000000-7fd0d1968000 rw-p 00000000 00:00 0 
7fd0d1968000-7fd0d4000000 ---p 00000000 00:00 0 
7fd0d47a7000-7fd0d4867000 rw-p 00000000 00:00 0 
7fd0d4867000-7fd0d49a7000 ---p 00000000 00:00 0 
7fd0d49a7000-7fd0d4ba7000 rw-p 00000000 00:00 0 
7fd0d4ba7000-7fd0d4bba000 r--s 00345000 fc:00 158645                     /usr/lib/jvm/java-8-oracle/jre/lib/resources.jar
7fd0d4bba000-7fd0d4bbd000 ---p 00000000 00:00 0 
7fd0d4bbd000-7fd0d4ebb000 rw-p 00000000 00:00 0 
7fd0d4ebb000-7fd0d4ebe000 ---p 00000000 00:00 0 
7fd0d4ebe000-7fd0d4fbc000 rw-p 00000000 00:00 0 
7fd0d4fbc000-7fd0d4fbf000 ---p 00000000 00:00 0 
7fd0d4fbf000-7fd0d50bd000 rw-p 00000000 00:00 0 
7fd0d50bd000-7fd0d50d3000 r-xp 00000000 fc:00 294                        /lib/x86_64-linux-gnu/libgcc_s.so.1
7fd0d50d3000-7fd0d52d2000 ---p 00016000 fc:00 294                        /lib/x86_64-linux-gnu/libgcc_s.so.1
7fd0d52d2000-7fd0d52d3000 rw-p 00015000 fc:00 294                        /lib/x86_64-linux-gnu/libgcc_s.so.1
7fd0d52d4000-7fd0d52d9000 r--s 002f9000 fc:00 158579                     /usr/lib/jvm/java-8-oracle/jre/lib/charsets.jar
7fd0d52d9000-7fd0d52df000 r--s 0003f000 fc:00 158629                     /usr/lib/jvm/java-8-oracle/jre/lib/ext/sunjce_provider.jar
7fd0d52df000-7fd0d5311000 r-xp 00000000 fc:00 158469                     /usr/lib/jvm/java-8-oracle/jre/lib/amd64/libsunec.so
7fd0d5311000-7fd0d5510000 ---p 00032000 fc:00 158469                     /usr/lib/jvm/java-8-oracle/jre/lib/amd64/libsunec.so
7fd0d5510000-7fd0d5516000 rw-p 00031000 fc:00 158469                     /usr/lib/jvm/java-8-oracle/jre/lib/amd64/libsunec.so
7fd0d5516000-7fd0d5526000 rw-p 00000000 00:00 0 
7fd0d5526000-7fd0d5529000 ---p 00000000 00:00 0 
7fd0d5529000-7fd0d5827000 rw-p 00000000 00:00 0 
7fd0d5827000-7fd0d582a000 ---p 00000000 00:00 0 
7fd0d582a000-7fd0d5928000 rw-p 00000000 00:00 0 
7fd0d5928000-7fd0d592b000 ---p 00000000 00:00 0 
7fd0d592b000-7fd0d5a29000 rw-p 00000000 00:00 0 
7fd0d5a29000-7fd0d5a3a000 r-xp 00000000 fc:00 158515                     /usr/lib/jvm/java-8-oracle/jre/lib/amd64/libnio.so
7fd0d5a3a000-7fd0d5c39000 ---p 00011000 fc:00 158515                     /usr/lib/jvm/java-8-oracle/jre/lib/amd64/libnio.so
7fd0d5c39000-7fd0d5c3a000 rw-p 00010000 fc:00 158515                     /usr/lib/jvm/java-8-oracle/jre/lib/amd64/libnio.so
7fd0d5c3a000-7fd0d5e3a000 rw-p 00000000 00:00 0 
7fd0d5e3a000-7fd0d5e3c000 r--s 00009000 fc:00 158632                     /usr/lib/jvm/java-8-oracle/jre/lib/ext/sunec.jar
7fd0d5e3c000-7fd0d5e40000 r--s 0003a000 fc:00 158627                     /usr/lib/jvm/java-8-oracle/jre/lib/ext/sunpkcs11.jar
7fd0d5e40000-7fd0d6040000 rw-p 00000000 00:00 0 
7fd0d6040000-7fd0d6056000 r-xp 00000000 fc:00 158467                     /usr/lib/jvm/java-8-oracle/jre/lib/amd64/libnet.so
7fd0d6056000-7fd0d6256000 ---p 00016000 fc:00 158467                     /usr/lib/jvm/java-8-oracle/jre/lib/amd64/libnet.so
7fd0d6256000-7fd0d6257000 rw-p 00016000 fc:00 158467                     /usr/lib/jvm/java-8-oracle/jre/lib/amd64/libnet.so
7fd0d6257000-7fd0d6457000 rw-p 00000000 00:00 0 
7fd0d6457000-7fd0d645a000 r--s 0001a000 fc:00 158621                     /usr/lib/jvm/java-8-oracle/jre/lib/jce.jar
7fd0d645a000-7fd0d645b000 r-xp 00000000 fc:00 158507                     /usr/lib/jvm/java-8-oracle/jre/lib/amd64/libjaas_unix.so
7fd0d645b000-7fd0d665a000 ---p 00001000 fc:00 158507                     /usr/lib/jvm/java-8-oracle/jre/lib/amd64/libjaas_unix.so
7fd0d665a000-7fd0d665b000 rw-p 00000000 fc:00 158507                     /usr/lib/jvm/java-8-oracle/jre/lib/amd64/libjaas_unix.so
7fd0d665b000-7fd0d665e000 ---p 00000000 00:00 0 
7fd0d665e000-7fd0d675c000 rw-p 00000000 00:00 0 
7fd0d675c000-7fd0d675f000 ---p 00000000 00:00 0 
7fd0d675f000-7fd0d6995000 rw-p 00000000 00:00 0 
7fd0d6995000-7fd0d69b1000 r-xp 00000000 fd:20 12191592                   /mnt/data-dir/hadoop-2.5.2/lib/native/libhadoop.so.1.0.0
7fd0d69b1000-7fd0d6bb0000 ---p 0001c000 fd:20 12191592                   /mnt/data-dir/hadoop-2.5.2/lib/native/libhadoop.so.1.0.0
7fd0d6bb0000-7fd0d6bb1000 r--p 0001b000 fd:20 12191592                   /mnt/data-dir/hadoop-2.5.2/lib/native/libhadoop.so.1.0.0
7fd0d6bb1000-7fd0d6bb2000 rw-p 0001c000 fd:20 12191592                   /mnt/data-dir/hadoop-2.5.2/lib/native/libhadoop.so.1.0.0
7fd0d6bb2000-7fd0d6bbb000 r-xp 00000000 fc:00 158490                     /usr/lib/jvm/java-8-oracle/jre/lib/amd64/libmanagement.so
7fd0d6bbb000-7fd0d6dba000 ---p 00009000 fc:00 158490                     /usr/lib/jvm/java-8-oracle/jre/lib/amd64/libmanagement.so
7fd0d6dba000-7fd0d6dbb000 rw-p 00008000 fc:00 158490                     /usr/lib/jvm/java-8-oracle/jre/lib/amd64/libmanagement.so
7fd0d6dbb000-7fd0d6dbc000 r--s 00001000 fc:00 37503                      /home/krose1/intermCompressionWithCombiner/mt.jar
7fd0d6dbc000-7fd0d6dc0000 r--s 0009a000 fc:00 158452                     /usr/lib/jvm/java-8-oracle/jre/lib/jsse.jar
7fd0d6dc0000-7fd0d6e3a000 r--s 010f6000 fc:00 293386                     /usr/lib/jvm/java-8-oracle/lib/tools.jar
7fd0d6e3a000-7fd0d6e43000 r--s 0006f000 fd:20 12059334                   /mnt/data-dir/hadoop-2.5.2/share/hadoop/mapreduce/hadoop-mapreduce-client-app-2.5.2.jar
7fd0d6e43000-7fd0d6e4e000 r--s 00097000 fd:20 12059336                   /mnt/data-dir/hadoop-2.5.2/share/hadoop/mapreduce/hadoop-mapreduce-client-common-2.5.2.jar
7fd0d6e4e000-7fd0d6e50000 r--s 00009000 fd:20 12059312                   /mnt/data-dir/hadoop-2.5.2/share/hadoop/mapreduce/hadoop-mapreduce-client-shuffle-2.5.2.jar
7fd0d6e50000-7fd0d6e68000 r--s 00156000 fd:20 12059337                   /mnt/data-dir/hadoop-2.5.2/share/hadoop/mapreduce/hadoop-mapreduce-client-core-2.5.2.jar
7fd0d6e68000-7fd0d6e6d000 r--s 0003d000 fd:20 12059330                   /mnt/data-dir/hadoop-2.5.2/share/hadoop/mapreduce/hadoop-mapreduce-examples-2.5.2.jar
7fd0d6e6d000-7fd0d6e84000 r--s 00155000 fd:20 12059331                   /mnt/data-dir/hadoop-2.5.2/share/hadoop/mapreduce/hadoop-mapreduce-client-jobclient-2.5.2-tests.jar
7fd0d6e84000-7fd0d6e89000 r--s 00034000 fd:20 12059333                   /mnt/data-dir/hadoop-2.5.2/share/hadoop/mapreduce/hadoop-mapreduce-client-hs-2.5.2.jar
7fd0d6e89000-7fd0d6e8a000 r--s 00008000 fd:20 12059332                   /mnt/data-dir/hadoop-2.5.2/share/hadoop/mapreduce/hadoop-mapreduce-client-jobclient-2.5.2.jar
7fd0d6e8a000-7fd0d6e8b000 r--s 00000000 fd:20 12059335                   /mnt/data-dir/hadoop-2.5.2/share/hadoop/mapreduce/hadoop-mapreduce-client-hs-plugins-2.5.2.jar
7fd0d6e8b000-7fd0d6e90000 r--s 00036000 fd:20 12059349                   /mnt/data-dir/hadoop-2.5.2/share/hadoop/mapreduce/lib/commons-compress-1.4.1.jar
7fd0d6e90000-7fd0d6e92000 r--s 00003000 fd:20 12059348                   /mnt/data-dir/hadoop-2.5.2/share/hadoop/mapreduce/lib/hadoop-annotations-2.5.2.jar
7fd0d6e92000-7fd0d6ea1000 r--s 0009f000 fd:20 12059352                   /mnt/data-dir/hadoop-2.5.2/share/hadoop/mapreduce/lib/guice-3.0.jar
7fd0d6ea1000-7fd0d6eaf000 r--s 000b1000 fd:20 12059343                   /mnt/data-dir/hadoop-2.5.2/share/hadoop/mapreduce/lib/jackson-mapper-asl-1.9.13.jar
7fd0d6eaf000-7fd0d6ec1000 r--s 0009d000 fd:20 12059342                   /mnt/data-dir/hadoop-2.5.2/share/hadoop/mapreduce/lib/jersey-server-1.9.jar
7fd0d6ec1000-7fd0d6ec3000 r--s 0000e000 fd:20 12059355                   /mnt/data-dir/hadoop-2.5.2/share/hadoop/mapreduce/lib/guice-servlet-3.0.jar
7fd0d6ec3000-7fd0d6ec5000 r--s 00000000 fd:20 12059346                   /mnt/data-dir/hadoop-2.5.2/share/hadoop/mapreduce/lib/aopalliance-1.0.jar
7fd0d6ec5000-7fd0d6ec6000 r--s 00003000 fd:20 12059351                   /mnt/data-dir/hadoop-2.5.2/share/hadoop/mapreduce/lib/jersey-guice-1.9.jar
7fd0d6ec6000-7fd0d6ec7000 r--s 0000a000 fd:20 12059354                   /mnt/data-dir/hadoop-2.5.2/share/hadoop/mapreduce/lib/asm-3.2.jar
7fd0d6ec7000-7fd0d6ece000 r--s 00044000 fd:20 12059344                   /mnt/data-dir/hadoop-2.5.2/share/hadoop/mapreduce/lib/avro-1.7.4.jar
7fd0d6ece000-7fd0d6ecf000 r--s 00000000 fd:20 12059361                   /mnt/data-dir/hadoop-2.5.2/share/hadoop/mapreduce/lib/javax.inject-1.jar
7fd0d6ecf000-7fd0d6ed2000 r--s 000fd000 fd:20 12059359                   /mnt/data-dir/hadoop-2.5.2/share/hadoop/mapreduce/lib/leveldbjni-all-1.8.jar
7fd0d6ed2000-7fd0d6ed8000 r--s 00036000 fd:20 12059358                   /mnt/data-dir/hadoop-2.5.2/share/hadoop/mapreduce/lib/junit-4.11.jar
7fd0d6ed8000-7fd0d6ee2000 r--s 00066000 fd:20 12059350                   /mnt/data-dir/hadoop-2.5.2/share/hadoop/mapreduce/lib/jersey-core-1.9.jar
7fd0d6ee2000-7fd0d6eeb000 r--s 0006f000 fd:20 12059341                   /mnt/data-dir/hadoop-2.5.2/share/hadoop/mapreduce/lib/log4j-1.2.17.jar
7fd0d6eeb000-7fd0d6eed000 r--s 00009000 fd:20 12059357                   /mnt/data-dir/hadoop-2.5.2/share/hadoop/mapreduce/lib/hamcrest-core-1.3.jar
7fd0d6eed000-7fd0d6ef5000 r--s 0007b000 fd:20 12059345                   /mnt/data-dir/hadoop-2.5.2/share/hadoop/mapreduce/lib/protobuf-java-2.5.0.jar
7fd0d6ef5000-7fd0d6ef9000 r--s 00035000 fd:20 12059360                   /mnt/data-dir/hadoop-2.5.2/share/hadoop/mapreduce/lib/jackson-core-asl-1.9.13.jar
7fd0d6ef9000-7fd0d6f10000 r--s 0010e000 fd:20 12059347                   /mnt/data-dir/hadoop-2.5.2/share/hadoop/mapreduce/lib/netty-3.6.2.Final.jar
7fd0d6f10000-7fd0d6f14000 r--s 0002a000 fd:20 12059339                   /mnt/data-dir/hadoop-2.5.2/share/hadoop/mapreduce/lib/commons-io-2.4.jar
7fd0d6f14000-7fd0d6f18000 r--s 00014000 fd:20 12059353                   /mnt/data-dir/hadoop-2.5.2/share/hadoop/mapreduce/lib/xz-1.0.jar
7fd0d6f18000-7fd0d6f1a000 r--s 000f2000 fd:20 12059356                   /mnt/data-dir/hadoop-2.5.2/share/hadoop/mapreduce/lib/snappy-java-1.0.4.1.jar
7fd0d6f1a000-7fd0d6f1c000 r--s 00006000 fd:20 12059340                   /mnt/data-dir/hadoop-2.5.2/share/hadoop/mapreduce/lib/paranamer-2.3.jar
7fd0d6f1c000-7fd0d6f30000 r--s 00146000 fd:20 12058907                   /mnt/data-dir/hadoop-2.5.2/share/hadoop/yarn/hadoop-yarn-common-2.5.2.jar
7fd0d6f30000-7fd0d6f35000 r--s 00037000 fd:20 12058858                   /mnt/data-dir/hadoop-2.5.2/share/hadoop/yarn/hadoop-yarn-server-common-2.5.2.jar
7fd0d6f35000-7fd0d6f4c000 r--s 0017c000 fd:20 12058857                   /mnt/data-dir/hadoop-2.5.2/share/hadoop/yarn/hadoop-yarn-api-2.5.2.jar
7fd0d6f4c000-7fd0d6f4f000 r--s 0001a000 fd:20 12058863                   /mnt/data-dir/hadoop-2.5.2/share/hadoop/yarn/hadoop-yarn-client-2.5.2.jar
7fd0d6f4f000-7fd0d6f52000 r--s 00020000 fd:20 12058866                   /mnt/data-dir/hadoop-2.5.2/share/hadoop/yarn/hadoop-yarn-server-applicationhistoryservice-2.5.2.jar
7fd0d6f52000-7fd0d6f62000 r--s 000c1000 fd:20 12058862                   /mnt/data-dir/hadoop-2.5.2/share/hadoop/yarn/hadoop-yarn-server-resourcemanager-2.5.2.jar
7fd0d6f62000-7fd0d6f63000 r--s 00003000 fd:20 12058861                   /mnt/data-dir/hadoop-2.5.2/share/hadoop/yarn/hadoop-yarn-applications-unmanaged-am-launcher-2.5.2.jar
7fd0d6f63000-7fd0d6f6f000 r--s 00077000 fd:20 12058860                   /mnt/data-dir/hadoop-2.5.2/share/hadoop/yarn/hadoop-yarn-server-nodemanager-2.5.2.jar
7fd0d6f6f000-7fd0d6f70000 r--s 00006000 fd:20 12058859                   /mnt/data-dir/hadoop-2.5.2/share/hadoop/yarn/hadoop-yarn-server-web-proxy-2.5.2.jar
7fd0d6f70000-7fd0d6f72000 r--s 00009000 fd:20 12058856                   /mnt/data-dir/hadoop-2.5.2/share/hadoop/yarn/hadoop-yarn-applications-distributedshell-2.5.2.jar
7fd0d6f72000-7fd0d6f73000 r--s 00000000 fd:20 12058834                   /mnt/data-dir/hadoop-2.5.2/share/hadoop/yarn/hadoop-yarn-server-tests-2.5.2.jar
7fd0d6f73000-7fd0d6f76000 r--s 0001d000 fd:20 12058883                   /mnt/data-dir/hadoop-2.5.2/share/hadoop/yarn/lib/jersey-client-1.9.jar
7fd0d6f76000-7fd0d6f7b000 r--s 00036000 fd:20 12058887                   /mnt/data-dir/hadoop-2.5.2/share/hadoop/yarn/lib/commons-compress-1.4.1.jar
7fd0d6f7b000-7fd0d6f7d000 r--s 0000f000 fd:20 12058876                   /mnt/data-dir/hadoop-2.5.2/share/hadoop/yarn/lib/jettison-1.1.jar
7fd0d6f7d000-7fd0d6f82000 r--s 00041000 fd:20 12058902                   /mnt/data-dir/hadoop-2.5.2/share/hadoop/yarn/lib/commons-lang-2.6.jar
7fd0d6f82000-7fd0d6f91000 r--s 0009f000 fd:20 12058890                   /mnt/data-dir/hadoop-2.5.2/share/hadoop/yarn/lib/guice-3.0.jar
7fd0d6f91000-7fd0d6f9f000 r--s 0007f000 fd:20 12058899                   /mnt/data-dir/hadoop-2.5.2/share/hadoop/yarn/lib/commons-collections-3.2.1.jar
7fd0d6f9f000-7fd0d6fc0000 r--s 00172000 fd:20 12058886                   /mnt/data-dir/hadoop-2.5.2/share/hadoop/yarn/lib/guava-11.0.2.jar
7fd0d6fc0000-7fd0d6fc1000 r--s 00004000 fd:20 12058870                   /mnt/data-dir/hadoop-2.5.2/share/hadoop/yarn/lib/jackson-jaxrs-1.9.13.jar
7fd0d6fc1000-7fd0d6fcf000 r--s 000b1000 fd:20 12058878                   /mnt/data-dir/hadoop-2.5.2/share/hadoop/yarn/lib/jackson-mapper-asl-1.9.13.jar
7fd0d6fcf000-7fd0d6fe1000 r--s 0009d000 fd:20 12058877                   /mnt/data-dir/hadoop-2.5.2/share/hadoop/yarn/lib/jersey-server-1.9.jar
7fd0d6fe1000-7fd0d6fe3000 r--s 0000e000 fd:20 12058898                   /mnt/data-dir/hadoop-2.5.2/share/hadoop/yarn/lib/guice-servlet-3.0.jar
7fd0d6fe3000-7fd0d6fe5000 r--s 00014000 fd:20 12058868                   /mnt/data-dir/hadoop-2.5.2/share/hadoop/yarn/lib/jline-0.9.94.jar
7fd0d6fe5000-7fd0d6fe7000 r--s 00009000 fd:20 12058880                   /mnt/data-dir/hadoop-2.5.2/share/hadoop/yarn/lib/commons-cli-1.2.jar
7fd0d6fe7000-7fd0d6fe9000 r--s 00000000 fd:20 12058884                   /mnt/data-dir/hadoop-2.5.2/share/hadoop/yarn/lib/aopalliance-1.0.jar
7fd0d6fe9000-7fd0d6fed000 r--s 00028000 fd:20 12058881                   /mnt/data-dir/hadoop-2.5.2/share/hadoop/yarn/lib/jetty-util-6.1.26.jar
7fd0d6fed000-7fd0d6fee000 r--s 00003000 fd:20 12058889                   /mnt/data-dir/hadoop-2.5.2/share/hadoop/yarn/lib/jersey-guice-1.9.jar
7fd0d6fee000-7fd0d6fef000 r--s 0000a000 fd:20 12058894                   /mnt/data-dir/hadoop-2.5.2/share/hadoop/yarn/lib/asm-3.2.jar
7fd0d6fef000-7fd0d6ff1000 r--s 00018000 fd:20 12058905                   /mnt/data-dir/hadoop-2.5.2/share/hadoop/yarn/lib/servlet-api-2.5.jar
7fd0d6ff1000-7fd0d6ff8000 r--s 0007d000 fd:20 12058900                   /mnt/data-dir/hadoop-2.5.2/share/hadoop/yarn/lib/jetty-6.1.26.jar
7fd0d6ff8000-7fd0d6ff9000 r--s 00000000 fd:20 12058906                   /mnt/data-dir/hadoop-2.5.2/share/hadoop/yarn/lib/javax.inject-1.jar
7fd0d6ff9000-7fd0d6ffc000 r--s 000fd000 fd:20 12058903                   /mnt/data-dir/hadoop-2.5.2/share/hadoop/yarn/lib/leveldbjni-all-1.8.jar
7fd0d6ffc000-7fd0d6ffe000 r--s 0000e000 fd:20 12058896                   /mnt/data-dir/hadoop-2.5.2/share/hadoop/yarn/lib/commons-logging-1.1.3.jar
7fd0d6ffe000-7fd0d7000000 r--s 0000e000 fd:20 12058869                   /mnt/data-dir/hadoop-2.5.2/share/hadoop/yarn/lib/activation-1.1.jar
7fd0d7000000-7fd0d7001000 r--s 00006000 fd:20 12058895                   /mnt/data-dir/hadoop-2.5.2/share/hadoop/yarn/lib/jackson-xc-1.9.13.jar
7fd0d7001000-7fd0d7003000 r--s 0000d000 fd:20 12058879                   /mnt/data-dir/hadoop-2.5.2/share/hadoop/yarn/lib/commons-codec-1.4.jar
7fd0d7003000-7fd0d7005000 r--s 00004000 fd:20 12058893                   /mnt/data-dir/hadoop-2.5.2/share/hadoop/yarn/lib/stax-api-1.0-2.jar
7fd0d7005000-7fd0d700f000 r--s 00066000 fd:20 12058888                   /mnt/data-dir/hadoop-2.5.2/share/hadoop/yarn/lib/jersey-core-1.9.jar
7fd0d700f000-7fd0d7018000 r--s 0006f000 fd:20 12058873                   /mnt/data-dir/hadoop-2.5.2/share/hadoop/yarn/lib/log4j-1.2.17.jar
7fd0d7018000-7fd0d7020000 r--s 0007b000 fd:20 12058882                   /mnt/data-dir/hadoop-2.5.2/share/hadoop/yarn/lib/protobuf-java-2.5.0.jar
7fd0d7020000-7fd0d7024000 r--s 00035000 fd:20 12058904                   /mnt/data-dir/hadoop-2.5.2/share/hadoop/yarn/lib/jackson-core-asl-1.9.13.jar
7fd0d7024000-7fd0d703b000 r--s 0010e000 fd:20 12058885                   /mnt/data-dir/hadoop-2.5.2/share/hadoop/yarn/lib/netty-3.6.2.Final.jar
7fd0d703b000-7fd0d703f000 r--s 0002a000 fd:20 12058872                   /mnt/data-dir/hadoop-2.5.2/share/hadoop/yarn/lib/commons-io-2.4.jar
7fd0d703f000-7fd0d7042000 r--s 00006000 fd:20 12058875                   /mnt/data-dir/hadoop-2.5.2/share/hadoop/yarn/lib/jsr305-1.3.9.jar
7fd0d7042000-7fd0d7046000 r--s 00021000 fd:20 12058897                   /mnt/data-dir/hadoop-2.5.2/share/hadoop/yarn/lib/jersey-json-1.9.jar
7fd0d7046000-7fd0d7059000 r--s 000c7000 fd:20 12058871                   /mnt/data-dir/hadoop-2.5.2/share/hadoop/yarn/lib/jaxb-impl-2.2.3-1.jar
7fd0d7059000-7fd0d705c000 r--s 00017000 fd:20 12058901                   /mnt/data-dir/hadoop-2.5.2/share/hadoop/yarn/lib/jaxb-api-2.2.2.jar
7fd0d705c000-7fd0d7060000 r--s 00014000 fd:20 12058891                   /mnt/data-dir/hadoop-2.5.2/share/hadoop/yarn/lib/xz-1.0.jar
7fd0d7060000-7fd0d7066000 r--s 00045000 fd:20 12058892                   /mnt/data-dir/hadoop-2.5.2/share/hadoop/yarn/lib/commons-httpclient-3.1.jar
7fd0d7066000-7fd0d7072000 r--s 000b6000 fd:20 12058874                   /mnt/data-dir/hadoop-2.5.2/share/hadoop/yarn/lib/zookeeper-3.4.6.jar
7fd0d7072000-7fd0d7074000 r--s 00015000 fd:20 12058676                   /mnt/data-dir/hadoop-2.5.2/share/hadoop/hdfs/hadoop-hdfs-nfs-2.5.2.jar
7fd0d7074000-7fd0d70d1000 r--s 00668000 fd:20 12058675                   /mnt/data-dir/hadoop-2.5.2/share/hadoop/hdfs/hadoop-hdfs-2.5.2.jar
7fd0d70d1000-7fd0d70ef000 r--s 0027e000 fd:20 12058669                   /mnt/data-dir/hadoop-2.5.2/share/hadoop/hdfs/hadoop-hdfs-2.5.2-tests.jar
7fd0d70ef000-7fd0d70f0000 r--s 00005000 fd:20 12058728                   /mnt/data-dir/hadoop-2.5.2/share/hadoop/hdfs/lib/commons-daemon-1.0.13.jar
7fd0d70f0000-7fd0d70f5000 r--s 00041000 fd:20 12058743                   /mnt/data-dir/hadoop-2.5.2/share/hadoop/hdfs/lib/commons-lang-2.6.jar
7fd0d70f5000-7fd0d70f8000 r--s 00016000 fd:20 12058725                   /mnt/data-dir/hadoop-2.5.2/share/hadoop/hdfs/lib/jsp-api-2.1.jar
7fd0d70f8000-7fd0d7119000 r--s 00172000 fd:20 12058738                   /mnt/data-dir/hadoop-2.5.2/share/hadoop/hdfs/lib/guava-11.0.2.jar
7fd0d7119000-7fd0d7127000 r--s 000b1000 fd:20 12058732                   /mnt/data-dir/hadoop-2.5.2/share/hadoop/hdfs/lib/jackson-mapper-asl-1.9.13.jar
7fd0d7127000-7fd0d7139000 r--s 0009d000 fd:20 12058731                   /mnt/data-dir/hadoop-2.5.2/share/hadoop/hdfs/lib/jersey-server-1.9.jar
7fd0d7139000-7fd0d713b000 r--s 00009000 fd:20 12058734                   /mnt/data-dir/hadoop-2.5.2/share/hadoop/hdfs/lib/commons-cli-1.2.jar
7fd0d713b000-7fd0d713f000 r--s 00028000 fd:20 12058735                   /mnt/data-dir/hadoop-2.5.2/share/hadoop/hdfs/lib/jetty-util-6.1.26.jar
7fd0d713f000-7fd0d7140000 r--s 0000a000 fd:20 12058740                   /mnt/data-dir/hadoop-2.5.2/share/hadoop/hdfs/lib/asm-3.2.jar
7fd0d7140000-7fd0d7142000 r--s 00018000 fd:20 12058745                   /mnt/data-dir/hadoop-2.5.2/share/hadoop/hdfs/lib/servlet-api-2.5.jar
7fd0d7142000-7fd0d7149000 r--s 0007d000 fd:20 12058742                   /mnt/data-dir/hadoop-2.5.2/share/hadoop/hdfs/lib/jetty-6.1.26.jar
7fd0d7149000-7fd0d714c000 r--s 00019000 fd:20 12058730                   /mnt/data-dir/hadoop-2.5.2/share/hadoop/hdfs/lib/commons-el-1.0.jar
7fd0d714c000-7fd0d714e000 r--s 0000e000 fd:20 12058741                   /mnt/data-dir/hadoop-2.5.2/share/hadoop/hdfs/lib/commons-logging-1.1.3.jar
7fd0d714e000-7fd0d7150000 r--s 0000d000 fd:20 12058733                   /mnt/data-dir/hadoop-2.5.2/share/hadoop/hdfs/lib/commons-codec-1.4.jar
7fd0d7150000-7fd0d715a000 r--s 00066000 fd:20 12058739                   /mnt/data-dir/hadoop-2.5.2/share/hadoop/hdfs/lib/jersey-core-1.9.jar
7fd0d715a000-7fd0d7163000 r--s 0006f000 fd:20 12058727                   /mnt/data-dir/hadoop-2.5.2/share/hadoop/hdfs/lib/log4j-1.2.17.jar
7fd0d7163000-7fd0d716b000 r--s 0007b000 fd:20 12058736                   /mnt/data-dir/hadoop-2.5.2/share/hadoop/hdfs/lib/protobuf-java-2.5.0.jar
7fd0d716b000-7fd0d716f000 r--s 00035000 fd:20 12058744                   /mnt/data-dir/hadoop-2.5.2/share/hadoop/hdfs/lib/jackson-core-asl-1.9.13.jar
7fd0d716f000-7fd0d7186000 r--s 0010e000 fd:20 12058737                   /mnt/data-dir/hadoop-2.5.2/share/hadoop/hdfs/lib/netty-3.6.2.Final.jar
7fd0d7186000-7fd0d718a000 r--s 0002a000 fd:20 12058726                   /mnt/data-dir/hadoop-2.5.2/share/hadoop/hdfs/lib/commons-io-2.4.jar
7fd0d718a000-7fd0d718d000 r--s 00006000 fd:20 12058729                   /mnt/data-dir/hadoop-2.5.2/share/hadoop/hdfs/lib/jsr305-1.3.9.jar
7fd0d718d000-7fd0d718e000 r--s 00003000 fd:20 12058746                   /mnt/data-dir/hadoop-2.5.2/share/hadoop/hdfs/lib/xmlenc-0.52.jar
7fd0d718e000-7fd0d7190000 r--s 00011000 fd:20 12058747                   /mnt/data-dir/hadoop-2.5.2/share/hadoop/hdfs/lib/jasper-runtime-5.5.23.jar
7fd0d7190000-7fd0d71bf000 r--s 002a5000 fd:20 12058832                   /mnt/data-dir/hadoop-2.5.2/share/hadoop/common/hadoop-common-2.5.2.jar
7fd0d71bf000-7fd0d71d9000 r--s 00170000 fd:20 12058754                   /mnt/data-dir/hadoop-2.5.2/share/hadoop/common/hadoop-common-2.5.2-tests.jar
7fd0d71d9000-7fd0d71dd000 r--s 00021000 fd:20 12058831                   /mnt/data-dir/hadoop-2.5.2/share/hadoop/common/hadoop-nfs-2.5.2.jar
7fd0d71dd000-7fd0d71e2000 r--s 0003e000 fd:20 12058793                   /mnt/data-dir/hadoop-2.5.2/share/hadoop/common/lib/commons-net-3.1.jar
7fd0d71e2000-7fd0d71e7000 r--s 00036000 fd:20 12058800                   /mnt/data-dir/hadoop-2.5.2/share/hadoop/common/lib/commons-compress-1.4.1.jar
7fd0d71e7000-7fd0d71e9000 r--s 0000f000 fd:20 12058787                   /mnt/data-dir/hadoop-2.5.2/share/hadoop/common/lib/jettison-1.1.jar
7fd0d71e9000-7fd0d71eb000 r--s 00003000 fd:20 12058798                   /mnt/data-dir/hadoop-2.5.2/share/hadoop/common/lib/hadoop-annotations-2.5.2.jar
7fd0d71eb000-7fd0d71f0000 r--s 00041000 fd:20 12058822                   /mnt/data-dir/hadoop-2.5.2/share/hadoop/common/lib/commons-lang-2.6.jar
7fd0d71f0000-7fd0d71f3000 r--s 00016000 fd:20 12058774                   /mnt/data-dir/hadoop-2.5.2/share/hadoop/common/lib/jsp-api-2.1.jar
7fd0d71f3000-7fd0d7201000 r--s 0007f000 fd:20 12058816                   /mnt/data-dir/hadoop-2.5.2/share/hadoop/common/lib/commons-collections-3.2.1.jar
7fd0d7201000-7fd0d7222000 r--s 00172000 fd:20 12058799                   /mnt/data-dir/hadoop-2.5.2/share/hadoop/common/lib/guava-11.0.2.jar
7fd0d7222000-7fd0d7228000 r--s 00043000 fd:20 12058770                   /mnt/data-dir/hadoop-2.5.2/share/hadoop/common/lib/commons-configuration-1.6.jar
7fd0d7228000-7fd0d722a000 r--s 00012000 fd:20 12058804                   /mnt/data-dir/hadoop-2.5.2/share/hadoop/common/lib/api-util-1.0.0-M20.jar
7fd0d722a000-7fd0d722b000 r--s 00004000 fd:20 12058773                   /mnt/data-dir/hadoop-2.5.2/share/hadoop/common/lib/jackson-jaxrs-1.9.13.jar
7fd0d722b000-7fd0d7239000 r--s 000b1000 fd:20 12058789                   /mnt/data-dir/hadoop-2.5.2/share/hadoop/common/lib/jackson-mapper-asl-1.9.13.jar
7fd0d7239000-7fd0d724b000 r--s 0009d000 fd:20 12058788                   /mnt/data-dir/hadoop-2.5.2/share/hadoop/common/lib/jersey-server-1.9.jar
7fd0d724b000-7fd0d724d000 r--s 00009000 fd:20 12058792                   /mnt/data-dir/hadoop-2.5.2/share/hadoop/common/lib/commons-cli-1.2.jar
7fd0d724d000-7fd0d7251000 r--s 00028000 fd:20 12058794                   /mnt/data-dir/hadoop-2.5.2/share/hadoop/common/lib/jetty-util-6.1.26.jar
7fd0d7251000-7fd0d7256000 r--s 0002a000 fd:20 12058802                   /mnt/data-dir/hadoop-2.5.2/share/hadoop/common/lib/commons-beanutils-1.7.0.jar
7fd0d7256000-7fd0d725a000 r--s 00020000 fd:20 12058797                   /mnt/data-dir/hadoop-2.5.2/share/hadoop/common/lib/commons-digester-1.8.jar
7fd0d725a000-7fd0d725c000 r--s 0000b000 fd:20 12058784                   /mnt/data-dir/hadoop-2.5.2/share/hadoop/common/lib/hadoop-auth-2.5.2.jar
7fd0d725c000-7fd0d725d000 r--s 0000a000 fd:20 12058810                   /mnt/data-dir/hadoop-2.5.2/share/hadoop/common/lib/asm-3.2.jar
7fd0d725d000-7fd0d725f000 r--s 00018000 fd:20 12058826                   /mnt/data-dir/hadoop-2.5.2/share/hadoop/common/lib/servlet-api-2.5.jar
7fd0d725f000-7fd0d7266000 r--s 00044000 fd:20 12058790                   /mnt/data-dir/hadoop-2.5.2/share/hadoop/common/lib/avro-1.7.4.jar
7fd0d7266000-7fd0d726d000 r--s 0007d000 fd:20 12058818                   /mnt/data-dir/hadoop-2.5.2/share/hadoop/common/lib/jetty-6.1.26.jar
7fd0d726d000-7fd0d7276000 r--s 00061000 fd:20 12058779                   /mnt/data-dir/hadoop-2.5.2/share/hadoop/common/lib/httpclient-4.2.5.jar
7fd0d7276000-7fd0d7288000 r--s 00097000 fd:20 12058776                   /mnt/data-dir/hadoop-2.5.2/share/hadoop/common/lib/apacheds-kerberos-codec-2.0.0-M15.jar
7fd0d7288000-7fd0d728b000 r--s 00019000 fd:20 12058786                   /mnt/data-dir/hadoop-2.5.2/share/hadoop/common/lib/commons-el-1.0.jar
7fd0d728b000-7fd0d7291000 r--s 00036000 fd:20 12058823                   /mnt/data-dir/hadoop-2.5.2/share/hadoop/common/lib/junit-4.11.jar
7fd0d7291000-7fd0d7292000 r--s 0000a000 fd:20 12058828                   /mnt/data-dir/hadoop-2.5.2/share/hadoop/common/lib/apacheds-i18n-2.0.0-M15.jar
7fd0d7292000-7fd0d72af000 r--s 0016a000 fd:20 12058817                   /mnt/data-dir/hadoop-2.5.2/share/hadoop/common/lib/commons-math3-3.1.1.jar
7fd0d72af000-7fd0d72b1000 r--s 0000e000 fd:20 12058813                   /mnt/data-dir/hadoop-2.5.2/share/hadoop/common/lib/commons-logging-1.1.3.jar
7fd0d72b1000-7fd0d72b3000 r--s 0000e000 fd:20 12058772                   /mnt/data-dir/hadoop-2.5.2/share/hadoop/common/lib/activation-1.1.jar
7fd0d72b3000-7fd0d72b4000 r--s 00006000 fd:20 12058812                   /mnt/data-dir/hadoop-2.5.2/share/hadoop/common/lib/jackson-xc-1.9.13.jar
7fd0d72b4000-7fd0d72b6000 r--s 0000d000 fd:20 12058791                   /mnt/data-dir/hadoop-2.5.2/share/hadoop/common/lib/commons-codec-1.4.jar
7fd0d72b6000-7fd0d72b9000 r--s 0002b000 fd:20 12058801                   /mnt/data-dir/hadoop-2.5.2/share/hadoop/common/lib/jsch-0.1.42.jar
7fd0d72b9000-7fd0d72bd000 r--s 0002f000 fd:20 12058808                   /mnt/data-dir/hadoop-2.5.2/share/hadoop/common/lib/commons-beanutils-core-1.8.0.jar
7fd0d72bd000-7fd0d72bf000 r--s 00004000 fd:20 12058809                   /mnt/data-dir/hadoop-2.5.2/share/hadoop/common/lib/stax-api-1.0-2.jar
7fd0d72bf000-7fd0d72c9000 r--s 00066000 fd:20 12058803                   /mnt/data-dir/hadoop-2.5.2/share/hadoop/common/lib/jersey-core-1.9.jar
7fd0d72c9000-7fd0d72cb000 r--s 00001000 fd:20 12058811                   /mnt/data-dir/hadoop-2.5.2/share/hadoop/common/lib/slf4j-log4j12-1.7.5.jar
7fd0d72cb000-7fd0d72d4000 r--s 0006f000 fd:20 12058780                   /mnt/data-dir/hadoop-2.5.2/share/hadoop/common/lib/log4j-1.2.17.jar
7fd0d72d4000-7fd0d72dd000 r--s 0007b000 fd:20 12058781                   /mnt/data-dir/hadoop-2.5.2/share/hadoop/common/lib/jets3t-0.9.0.jar
7fd0d72dd000-7fd0d72df000 r--s 00009000 fd:20 12058820                   /mnt/data-dir/hadoop-2.5.2/share/hadoop/common/lib/hamcrest-core-1.3.jar
7fd0d72df000-7fd0d72e7000 r--s 0007b000 fd:20 12058795                   /mnt/data-dir/hadoop-2.5.2/share/hadoop/common/lib/protobuf-java-2.5.0.jar
7fd0d72e7000-7fd0d72e9000 r--s 00005000 fd:20 12058815                   /mnt/data-dir/hadoop-2.5.2/share/hadoop/common/lib/slf4j-api-1.7.5.jar
7fd0d72e9000-7fd0d72ed000 r--s 00035000 fd:20 12058824                   /mnt/data-dir/hadoop-2.5.2/share/hadoop/common/lib/jackson-core-asl-1.9.13.jar
7fd0d72ed000-7fd0d7304000 r--s 0010e000 fd:20 12058796                   /mnt/data-dir/hadoop-2.5.2/share/hadoop/common/lib/netty-3.6.2.Final.jar
7fd0d7304000-7fd0d7308000 r--s 0002a000 fd:20 12058777                   /mnt/data-dir/hadoop-2.5.2/share/hadoop/common/lib/commons-io-2.4.jar
7fd0d7308000-7fd0d730e000 r--s 00032000 fd:20 12058827                   /mnt/data-dir/hadoop-2.5.2/share/hadoop/common/lib/httpcore-4.2.5.jar
7fd0d730e000-7fd0d7321000 r--s 000c7000 fd:20 12058775                   /mnt/data-dir/hadoop-2.5.2/share/hadoop/common/lib/jaxb-impl-2.2.3-1.jar
7fd0d7321000-7fd0d7322000 ---p 00000000 00:00 0 
7fd0d7322000-7fd0d7422000 rw-p 00000000 00:00 0 
7fd0d7422000-7fd0d7425000 ---p 00000000 00:00 0 
7fd0d7425000-7fd0d7523000 rw-p 00000000 00:00 0 
7fd0d7523000-7fd0d7526000 ---p 00000000 00:00 0 
7fd0d7526000-7fd0d7624000 rw-p 00000000 00:00 0 
7fd0d7624000-7fd0d7627000 ---p 00000000 00:00 0 
7fd0d7627000-7fd0d7725000 rw-p 00000000 00:00 0 
7fd0d7725000-7fd0d7728000 ---p 00000000 00:00 0 
7fd0d7728000-7fd0d7826000 rw-p 00000000 00:00 0 
7fd0d7826000-7fd0d7aef000 r--p 00000000 fc:00 136975                     /usr/lib/locale/locale-archive
7fd0d7aef000-7fd0d7af2000 ---p 00000000 00:00 0 
7fd0d7af2000-7fd0d7bf0000 rw-p 00000000 00:00 0 
7fd0d7bf0000-7fd0d7bf3000 ---p 00000000 00:00 0 
7fd0d7bf3000-7fd0d7cf1000 rw-p 00000000 00:00 0 
7fd0d7cf1000-7fd0d7cf2000 ---p 00000000 00:00 0 
7fd0d7cf2000-7fd0d7e41000 rw-p 00000000 00:00 0 
7fd0d7e41000-7fd0d801a000 r--s 03d3e000 fc:00 158616                     /usr/lib/jvm/java-8-oracle/jre/lib/rt.jar
7fd0d801a000-7fd0d881a000 rw-p 00000000 00:00 0 
7fd0d881a000-7fd0d883b000 rw-p 00000000 00:00 0 
7fd0d883b000-7fd0d8bda000 ---p 00000000 00:00 0 
7fd0d8bda000-7fd0d940a000 rwxp 00000000 00:00 0 
7fd0d941a000-7fd0e7bda000 ---p 00000000 00:00 0 
7fd0e7bda000-7fd0e7bf4000 r-xp 00000000 fc:00 158477                     /usr/lib/jvm/java-8-oracle/jre/lib/amd64/libzip.so
7fd0e7bf4000-7fd0e7df4000 ---p 0001a000 fc:00 158477                     /usr/lib/jvm/java-8-oracle/jre/lib/amd64/libzip.so
7fd0e7df4000-7fd0e7df5000 rw-p 0001a000 fc:00 158477                     /usr/lib/jvm/java-8-oracle/jre/lib/amd64/libzip.so
7fd0e7df5000-7fd0e7dff000 r-xp 00000000 fc:00 329                        /lib/x86_64-linux-gnu/libnss_files-2.19.so
7fd0e7dff000-7fd0e7ffe000 ---p 0000a000 fc:00 329                        /lib/x86_64-linux-gnu/libnss_files-2.19.so
7fd0e7ffe000-7fd0e7fff000 r--p 00009000 fc:00 329                        /lib/x86_64-linux-gnu/libnss_files-2.19.so
7fd0e7fff000-7fd0e8000000 rw-p 0000a000 fc:00 329                        /lib/x86_64-linux-gnu/libnss_files-2.19.so
7fd0e8000000-7fd0e9128000 rw-p 00000000 00:00 0 
7fd0e9128000-7fd0ec000000 ---p 00000000 00:00 0 
7fd0ec000000-7fd0ec003000 r--s 00006000 fd:20 12058783                   /mnt/data-dir/hadoop-2.5.2/share/hadoop/common/lib/jsr305-1.3.9.jar
7fd0ec003000-7fd0ec007000 r--s 00021000 fd:20 12058814                   /mnt/data-dir/hadoop-2.5.2/share/hadoop/common/lib/jersey-json-1.9.jar
7fd0ec007000-7fd0ec008000 r--s 00003000 fd:20 12058829                   /mnt/data-dir/hadoop-2.5.2/share/hadoop/common/lib/xmlenc-0.52.jar
7fd0ec008000-7fd0ec009000 r--s 00004000 fd:20 12058785                   /mnt/data-dir/hadoop-2.5.2/share/hadoop/common/lib/java-xmlbuilder-0.4.jar
7fd0ec009000-7fd0ec00b000 r--s 00003000 fd:20 12058805                   /mnt/data-dir/hadoop-2.5.2/share/hadoop/common/lib/api-asn1-api-1.0.0-M20.jar
7fd0ec00b000-7fd0ec00e000 r--s 00017000 fd:20 12058821                   /mnt/data-dir/hadoop-2.5.2/share/hadoop/common/lib/jaxb-api-2.2.2.jar
7fd0ec00e000-7fd0ec014000 r--s 00045000 fd:20 12058807                   /mnt/data-dir/hadoop-2.5.2/share/hadoop/common/lib/commons-httpclient-3.1.jar
7fd0ec014000-7fd0ec031000 r--s 0013e000 fd:20 12058825                   /mnt/data-dir/hadoop-2.5.2/share/hadoop/common/lib/mockito-all-1.8.5.jar
7fd0ec031000-7fd0ec10d000 rw-p 00000000 00:00 0 
7fd0ec10d000-7fd0ec157000 ---p 00000000 00:00 0 
7fd0ec157000-7fd0ec16c000 rw-p 00000000 00:00 0 
7fd0ec16c000-7fd0ec202000 ---p 00000000 00:00 0 
7fd0ec202000-7fd0ec203000 rw-p 00000000 00:00 0 
7fd0ec203000-7fd0ec20e000 r-xp 00000000 fc:00 333                        /lib/x86_64-linux-gnu/libnss_nis-2.19.so
7fd0ec20e000-7fd0ec40d000 ---p 0000b000 fc:00 333                        /lib/x86_64-linux-gnu/libnss_nis-2.19.so
7fd0ec40d000-7fd0ec40e000 r--p 0000a000 fc:00 333                        /lib/x86_64-linux-gnu/libnss_nis-2.19.so
7fd0ec40e000-7fd0ec40f000 rw-p 0000b000 fc:00 333                        /lib/x86_64-linux-gnu/libnss_nis-2.19.so
7fd0ec40f000-7fd0ec426000 r-xp 00000000 fc:00 323                        /lib/x86_64-linux-gnu/libnsl-2.19.so
7fd0ec426000-7fd0ec625000 ---p 00017000 fc:00 323                        /lib/x86_64-linux-gnu/libnsl-2.19.so
7fd0ec625000-7fd0ec626000 r--p 00016000 fc:00 323                        /lib/x86_64-linux-gnu/libnsl-2.19.so
7fd0ec626000-7fd0ec627000 rw-p 00017000 fc:00 323                        /lib/x86_64-linux-gnu/libnsl-2.19.so
7fd0ec627000-7fd0ec629000 rw-p 00000000 00:00 0 
7fd0ec629000-7fd0ec632000 r-xp 00000000 fc:00 325                        /lib/x86_64-linux-gnu/libnss_compat-2.19.so
7fd0ec632000-7fd0ec831000 ---p 00009000 fc:00 325                        /lib/x86_64-linux-gnu/libnss_compat-2.19.so
7fd0ec831000-7fd0ec832000 r--p 00008000 fc:00 325                        /lib/x86_64-linux-gnu/libnss_compat-2.19.so
7fd0ec832000-7fd0ec833000 rw-p 00009000 fc:00 325                        /lib/x86_64-linux-gnu/libnss_compat-2.19.so
7fd0ec833000-7fd0ec85e000 r-xp 00000000 fc:00 158494                     /usr/lib/jvm/java-8-oracle/jre/lib/amd64/libjava.so
7fd0ec85e000-7fd0eca5d000 ---p 0002b000 fc:00 158494                     /usr/lib/jvm/java-8-oracle/jre/lib/amd64/libjava.so
7fd0eca5d000-7fd0eca5f000 rw-p 0002a000 fc:00 158494                     /usr/lib/jvm/java-8-oracle/jre/lib/amd64/libjava.so
7fd0eca5f000-7fd0eca6c000 r-xp 00000000 fc:00 158491                     /usr/lib/jvm/java-8-oracle/jre/lib/amd64/libverify.so
7fd0eca6c000-7fd0ecc6b000 ---p 0000d000 fc:00 158491                     /usr/lib/jvm/java-8-oracle/jre/lib/amd64/libverify.so
7fd0ecc6b000-7fd0ecc6d000 rw-p 0000c000 fc:00 158491                     /usr/lib/jvm/java-8-oracle/jre/lib/amd64/libverify.so
7fd0ecc6d000-7fd0ecc74000 r-xp 00000000 fc:00 366                        /lib/x86_64-linux-gnu/librt-2.19.so
7fd0ecc74000-7fd0ece73000 ---p 00007000 fc:00 366                        /lib/x86_64-linux-gnu/librt-2.19.so
7fd0ece73000-7fd0ece74000 r--p 00006000 fc:00 366                        /lib/x86_64-linux-gnu/librt-2.19.so
7fd0ece74000-7fd0ece75000 rw-p 00007000 fc:00 366                        /lib/x86_64-linux-gnu/librt-2.19.so
7fd0ece75000-7fd0ecf7a000 r-xp 00000000 fc:00 308                        /lib/x86_64-linux-gnu/libm-2.19.so
7fd0ecf7a000-7fd0ed179000 ---p 00105000 fc:00 308                        /lib/x86_64-linux-gnu/libm-2.19.so
7fd0ed179000-7fd0ed17a000 r--p 00104000 fc:00 308                        /lib/x86_64-linux-gnu/libm-2.19.so
7fd0ed17a000-7fd0ed17b000 rw-p 00105000 fc:00 308                        /lib/x86_64-linux-gnu/libm-2.19.so
7fd0ed17b000-7fd0ede49000 r-xp 00000000 fc:00 158460                     /usr/lib/jvm/java-8-oracle/jre/lib/amd64/server/libjvm.so
7fd0ede49000-7fd0ee049000 ---p 00cce000 fc:00 158460                     /usr/lib/jvm/java-8-oracle/jre/lib/amd64/server/libjvm.so
7fd0ee049000-7fd0ee122000 rw-p 00cce000 fc:00 158460                     /usr/lib/jvm/java-8-oracle/jre/lib/amd64/server/libjvm.so
7fd0ee122000-7fd0ee16d000 rw-p 00000000 00:00 0 
7fd0ee16d000-7fd0ee327000 r-xp 00000000 fc:00 270                        /lib/x86_64-linux-gnu/libc-2.19.so
7fd0ee327000-7fd0ee527000 ---p 001ba000 fc:00 270                        /lib/x86_64-linux-gnu/libc-2.19.so
7fd0ee527000-7fd0ee52b000 r--p 001ba000 fc:00 270                        /lib/x86_64-linux-gnu/libc-2.19.so
7fd0ee52b000-7fd0ee52d000 rw-p 001be000 fc:00 270                        /lib/x86_64-linux-gnu/libc-2.19.so
7fd0ee52d000-7fd0ee532000 rw-p 00000000 00:00 0 
7fd0ee532000-7fd0ee535000 r-xp 00000000 fc:00 286                        /lib/x86_64-linux-gnu/libdl-2.19.so
7fd0ee535000-7fd0ee734000 ---p 00003000 fc:00 286                        /lib/x86_64-linux-gnu/libdl-2.19.so
7fd0ee734000-7fd0ee735000 r--p 00002000 fc:00 286                        /lib/x86_64-linux-gnu/libdl-2.19.so
7fd0ee735000-7fd0ee736000 rw-p 00003000 fc:00 286                        /lib/x86_64-linux-gnu/libdl-2.19.so
7fd0ee736000-7fd0ee74b000 r-xp 00000000 fc:00 158518                     /usr/lib/jvm/java-8-oracle/jre/lib/amd64/jli/libjli.so
7fd0ee74b000-7fd0ee94b000 ---p 00015000 fc:00 158518                     /usr/lib/jvm/java-8-oracle/jre/lib/amd64/jli/libjli.so
7fd0ee94b000-7fd0ee94c000 rw-p 00015000 fc:00 158518                     /usr/lib/jvm/java-8-oracle/jre/lib/amd64/jli/libjli.so
7fd0ee94c000-7fd0ee965000 r-xp 00000000 fc:00 360                        /lib/x86_64-linux-gnu/libpthread-2.19.so
7fd0ee965000-7fd0eeb64000 ---p 00019000 fc:00 360                        /lib/x86_64-linux-gnu/libpthread-2.19.so
7fd0eeb64000-7fd0eeb65000 r--p 00018000 fc:00 360                        /lib/x86_64-linux-gnu/libpthread-2.19.so
7fd0eeb65000-7fd0eeb66000 rw-p 00019000 fc:00 360                        /lib/x86_64-linux-gnu/libpthread-2.19.so
7fd0eeb66000-7fd0eeb6a000 rw-p 00000000 00:00 0 
7fd0eeb6a000-7fd0eeb8d000 r-xp 00000000 fc:00 250                        /lib/x86_64-linux-gnu/ld-2.19.so
7fd0eeb8d000-7fd0eeb91000 r--s 00014000 fd:20 12058806                   /mnt/data-dir/hadoop-2.5.2/share/hadoop/common/lib/xz-1.0.jar
7fd0eeb91000-7fd0eeb96000 r--s 0005f000 fd:20 12058771                   /mnt/data-dir/hadoop-2.5.2/share/hadoop/common/lib/jasper-compiler-5.5.23.jar
7fd0eeb96000-7fd0eeba2000 r--s 000b6000 fd:20 12058782                   /mnt/data-dir/hadoop-2.5.2/share/hadoop/common/lib/zookeeper-3.4.6.jar
7fd0eeba2000-7fd0eeba4000 r--s 000f2000 fd:20 12058819                   /mnt/data-dir/hadoop-2.5.2/share/hadoop/common/lib/snappy-java-1.0.4.1.jar
7fd0eeba4000-7fd0eeba6000 r--s 00006000 fd:20 12058778                   /mnt/data-dir/hadoop-2.5.2/share/hadoop/common/lib/paranamer-2.3.jar
7fd0eeba6000-7fd0eebe3000 rw-p 00000000 00:00 0 
7fd0eebe3000-7fd0eec79000 ---p 00000000 00:00 0 
7fd0eec79000-7fd0eec7c000 ---p 00000000 00:00 0 
7fd0eec7c000-7fd0eed7e000 rw-p 00000000 00:00 0 
7fd0eed7e000-7fd0eed80000 r--s 00011000 fd:20 12058830                   /mnt/data-dir/hadoop-2.5.2/share/hadoop/common/lib/jasper-runtime-5.5.23.jar
7fd0eed80000-7fd0eed88000 rw-s 00000000 fc:00 177302                     /tmp/hsperfdata_krose1/9131
7fd0eed88000-7fd0eed89000 rw-p 00000000 00:00 0 
7fd0eed89000-7fd0eed8a000 r--p 00000000 00:00 0 
7fd0eed8a000-7fd0eed8c000 rw-p 00000000 00:00 0 
7fd0eed8c000-7fd0eed8d000 r--p 00022000 fc:00 250                        /lib/x86_64-linux-gnu/ld-2.19.so
7fd0eed8d000-7fd0eed8e000 rw-p 00023000 fc:00 250                        /lib/x86_64-linux-gnu/ld-2.19.so
7fd0eed8e000-7fd0eed8f000 rw-p 00000000 00:00 0 
7fffd8930000-7fffd8952000 rw-p 00000000 00:00 0                          [stack]
7fffd89ce000-7fffd89d0000 r--p 00000000 00:00 0                          [vvar]
7fffd89d0000-7fffd89d2000 r-xp 00000000 00:00 0                          [vdso]
ffffffffff600000-ffffffffff601000 r-xp 00000000 00:00 0                  [vsyscall]

VM Arguments:
jvm_args: 