#
# There is insufficient memory for the Java Runtime Environment to continue.
# Native memory allocation (mmap) failed to map 262144 bytes for committing reserved memory.
# Possible reasons:
#   The system is out of physical RAM or swap space
#   In 32 bit mode, the process size limit was hit
# Possible solutions:
#   Reduce memory load on the system
#   Increase physical memory or swap space
#   Check if swap backing store is full
#   Use 64 bit Java on a 64 bit OS
#   Decrease Java heap size (-Xmx/-Xms)
#   Decrease number of Java threads
#   Decrease Java thread stack sizes (-Xss)
#   Set larger code cache with -XX:ReservedCodeCacheSize=
# This output file may be truncated or incomplete.
#
#  Out of Memory Error (os_linux.cpp:2627), pid=10435, tid=0x00007fd42235d700
#
# JRE version: Java(TM) SE Runtime Environment (8.0_121-b13) (build 1.8.0_121-b13)
# Java VM: Java HotSpot(TM) 64-Bit Server VM (25.121-b13 mixed mode linux-amd64 compressed oops)
# Failed to write core dump. Core dumps have been disabled. To enable core dumping, try "ulimit -c unlimited" before starting Java again
#

---------------  T H R E A D  ---------------

Current thread (0x00007fd41c010800):  JavaThread "main" [_thread_in_vm, id=10447, stack(0x00007fd42225d000,0x00007fd42235e000)]

Stack: [0x00007fd42225d000,0x00007fd42235e000],  sp=0x00007fd4223584c0,  free space=1005k
Native frames: (J=compiled Java code, j=interpreted, Vv=VM code, C=native code)
V  [libjvm.so+0xac703a]  VMError::report_and_die()+0x2ba
V  [libjvm.so+0x4fc7eb]  report_vm_out_of_memory(char const*, int, unsigned long, VMErrorType, char const*)+0x8b
V  [libjvm.so+0x923c43]  os::Linux::commit_memory_impl(char*, unsigned long, bool)+0x103
V  [libjvm.so+0x924199]  os::pd_commit_memory(char*, unsigned long, unsigned long, bool)+0x29
V  [libjvm.so+0x91e4aa]  os::commit_memory(char*, unsigned long, unsigned long, bool)+0x2a
V  [libjvm.so+0xac2d99]  VirtualSpace::expand_by(unsigned long, bool)+0x199
V  [libjvm.so+0x8a2666]  VirtualSpaceList::expand_node_by(VirtualSpaceNode*, unsigned long, unsigned long)+0x76
V  [libjvm.so+0x8a5613]  VirtualSpaceList::get_new_chunk(unsigned long, unsigned long, unsigned long)+0xb3
V  [libjvm.so+0x8a7162]  SpaceManager::grow_and_allocate(unsigned long)+0x2d2
V  [libjvm.so+0x8a736b]  SpaceManager::allocate_work(unsigned long)+0x14b
V  [libjvm.so+0x8a73fc]  SpaceManager::allocate(unsigned long)+0x7c
V  [libjvm.so+0x8a764e]  Metaspace::allocate(ClassLoaderData*, unsigned long, bool, MetaspaceObj::Type, Thread*)+0x17e
V  [libjvm.so+0x4fa6d4]  ConstantPoolCache::allocate(ClassLoaderData*, intStack const&, intStack const&, intStack const&, Thread*)+0x54
V  [libjvm.so+0x9b04a7]  Rewriter::make_constant_pool_cache(Thread*)+0x47
V  [libjvm.so+0x9b3a23]  Rewriter::Rewriter(instanceKlassHandle, constantPoolHandle, Array<Method*>*, Thread*)+0x1f3
V  [libjvm.so+0x9b423c]  Rewriter::rewrite(instanceKlassHandle, Thread*)+0xcc
V  [libjvm.so+0x640bc5]  InstanceKlass::rewrite_class(Thread*)+0x35
V  [libjvm.so+0x643cc6]  InstanceKlass::link_class_impl(instanceKlassHandle, bool, Thread*)+0x4e6
V  [libjvm.so+0x6450bf]  InstanceKlass::initialize_impl(instanceKlassHandle, Thread*)+0x6f
V  [libjvm.so+0x6455c1]  InstanceKlass::initialize(Thread*)+0x41
V  [libjvm.so+0x7fb6e6]  LinkResolver::resolve_static_call(CallInfo&, KlassHandle&, Symbol*, Symbol*, KlassHandle, bool, bool, Thread*)+0x246
V  [libjvm.so+0x7fb96f]  LinkResolver::resolve_invokestatic(CallInfo&, constantPoolHandle, int, Thread*)+0x23f
V  [libjvm.so+0x7fca21]  LinkResolver::resolve_invoke(CallInfo&, Handle, constantPoolHandle, int, Bytecodes::Code, Thread*)+0x4f1
V  [libjvm.so+0x68a332]  InterpreterRuntime::resolve_invoke(JavaThread*, Bytecodes::Code)+0x1b2
j  java.lang.invoke.MethodHandles$Lookup.getDirectMethodCommon(BLjava/lang/Class;Ljava/lang/invoke/MemberName;ZZLjava/lang/Class;)Ljava/lang/invoke/MethodHandle;+201
j  java.lang.invoke.MethodHandles$Lookup.getDirectMethodNoSecurityManager(BLjava/lang/Class;Ljava/lang/invoke/MemberName;Ljava/lang/Class;)Ljava/lang/invoke/MethodHandle;+8
j  java.lang.invoke.MethodHandles$Lookup.getDirectMethodForConstant(BLjava/lang/Class;Ljava/lang/invoke/MemberName;)Ljava/lang/invoke/MethodHandle;+30
j  java.lang.invoke.MethodHandles$Lookup.linkMethodHandleConstant(BLjava/lang/Class;Ljava/lang/String;Ljava/lang/Object;)Ljava/lang/invoke/MethodHandle;+115
j  java.lang.invoke.MethodHandleNatives.linkMethodHandleConstant(Ljava/lang/Class;ILjava/lang/Class;Ljava/lang/String;Ljava/lang/Object;)Ljava/lang/invoke/MethodHandle;+38
v  ~StubRoutines::call_stub
V  [libjvm.so+0x690dd6]  JavaCalls::call_helper(JavaValue*, methodHandle*, JavaCallArguments*, Thread*)+0x1056
V  [libjvm.so+0x691a61]  JavaCalls::call_static(JavaValue*, KlassHandle, Symbol*, Symbol*, JavaCallArguments*, Thread*)+0x2d1
V  [libjvm.so+0xa3886a]  SystemDictionary::link_method_handle_constant(KlassHandle, int, KlassHandle, Symbol*, Symbol*, Thread*)+0x32a
V  [libjvm.so+0x4f85e5]  ConstantPool::resolve_constant_at_impl(constantPoolHandle, int, int, Thread*)+0x375
V  [libjvm.so+0x4f88a2]  ConstantPool::resolve_bootstrap_specifier_at_impl(constantPoolHandle, int, Thread*)+0xb2
V  [libjvm.so+0x7f9034]  LinkResolver::resolve_invokedynamic(CallInfo&, constantPoolHandle, int, Thread*)+0x804
V  [libjvm.so+0x7fcb21]  LinkResolver::resolve_invoke(CallInfo&, Handle, constantPoolHandle, int, Bytecodes::Code, Thread*)+0x5f1
V  [libjvm.so+0x689826]  InterpreterRuntime::resolve_invokedynamic(JavaThread*)+0x166
j  java.lang.UNIXProcess$Platform.get()Ljava/lang/UNIXProcess$Platform;+0
j  java.lang.UNIXProcess.<clinit>()V+6
v  ~StubRoutines::call_stub
V  [libjvm.so+0x690dd6]  JavaCalls::call_helper(JavaValue*, methodHandle*, JavaCallArguments*, Thread*)+0x1056
V  [libjvm.so+0x642be7]  InstanceKlass::call_class_initializer_impl(instanceKlassHandle, Thread*)+0xd7
V  [libjvm.so+0x6451fc]  InstanceKlass::initialize_impl(instanceKlassHandle, Thread*)+0x1ac
V  [libjvm.so+0x6455c1]  InstanceKlass::initialize(Thread*)+0x41
V  [libjvm.so+0x6854fa]  InterpreterRuntime::_new(JavaThread*, ConstantPool*, int)+0x23a
j  java.lang.ProcessImpl.start([Ljava/lang/String;Ljava/util/Map;Ljava/lang/String;[Ljava/lang/ProcessBuilder$Redirect;Z)Ljava/lang/Process;+404
j  java.lang.ProcessBuilder.start()Ljava/lang/Process;+161
j  org.apache.hadoop.util.Shell.runCommand()V+125
j  org.apache.hadoop.util.Shell.run()V+23
j  org.apache.hadoop.util.Shell$ShellCommandExecutor.execute()V+1
j  org.apache.hadoop.util.Shell.isSetsidSupported()Z+47
j  org.apache.hadoop.util.Shell.<clinit>()V+181
v  ~StubRoutines::call_stub
V  [libjvm.so+0x690dd6]  JavaCalls::call_helper(JavaValue*, methodHandle*, JavaCallArguments*, Thread*)+0x1056
V  [libjvm.so+0x642be7]  InstanceKlass::call_class_initializer_impl(instanceKlassHandle, Thread*)+0xd7
V  [libjvm.so+0x6451fc]  InstanceKlass::initialize_impl(instanceKlassHandle, Thread*)+0x1ac
V  [libjvm.so+0x6455c1]  InstanceKlass::initialize(Thread*)+0x41
V  [libjvm.so+0x7f3c2f]  LinkResolver::resolve_field(fieldDescriptor&, KlassHandle, Symbol*, Symbol*, KlassHandle, Bytecodes::Code, bool, bool, Thread*)+0x4df
V  [libjvm.so+0x7f3e95]  LinkResolver::resolve_field_access(fieldDescriptor&, constantPoolHandle, int, Bytecodes::Code, Thread*)+0x245
V  [libjvm.so+0x688d15]  InterpreterRuntime::resolve_get_put(JavaThread*, Bytecodes::Code)+0x125
j  org.apache.hadoop.util.StringUtils.<clinit>()V+16
v  ~StubRoutines::call_stub
V  [libjvm.so+0x690dd6]  JavaCalls::call_helper(JavaValue*, methodHandle*, JavaCallArguments*, Thread*)+0x1056
V  [libjvm.so+0x642be7]  InstanceKlass::call_class_initializer_impl(instanceKlassHandle, Thread*)+0xd7
V  [libjvm.so+0x6451fc]  InstanceKlass::initialize_impl(instanceKlassHandle, Thread*)+0x1ac
V  [libjvm.so+0x6455c1]  InstanceKlass::initialize(Thread*)+0x41
V  [libjvm.so+0x7fb6e6]  LinkResolver::resolve_static_call(CallInfo&, KlassHandle&, Symbol*, Symbol*, KlassHandle, bool, bool, Thread*)+0x246
V  [libjvm.so+0x7fb96f]  LinkResolver::resolve_invokestatic(CallInfo&, constantPoolHandle, int, Thread*)+0x23f
V  [libjvm.so+0x7fca21]  LinkResolver::resolve_invoke(CallInfo&, Handle, constantPoolHandle, int, Bytecodes::Code, Thread*)+0x4f1
V  [libjvm.so+0x68a332]  InterpreterRuntime::resolve_invoke(JavaThread*, Bytecodes::Code)+0x1b2
j  org.apache.hadoop.security.Groups.parseStaticMapping(Lorg/apache/hadoop/conf/Configuration;)V+12
j  org.apache.hadoop.security.Groups.<init>(Lorg/apache/hadoop/conf/Configuration;)V+81
j  org.apache.hadoop.security.Groups.getUserToGroupsMappingService(Lorg/apache/hadoop/conf/Configuration;)Lorg/apache/hadoop/security/Groups;+32
j  org.apache.hadoop.security.UserGroupInformation.initialize(Lorg/apache/hadoop/conf/Configuration;Z)V+46
j  org.apache.hadoop.security.UserGroupInformation.ensureInitialized()V+26
j  org.apache.hadoop.security.UserGroupInformation.loginUserFromSubject(Ljavax/security/auth/Subject;)V+0
j  org.apache.hadoop.security.UserGroupInformation.getLoginUser()Lorg/apache/hadoop/security/UserGroupInformation;+7
j  org.apache.hadoop.security.UserGroupInformation.getCurrentUser()Lorg/apache/hadoop/security/UserGroupInformation;+28
j  org.apache.hadoop.mapreduce.task.JobContextImpl.<init>(Lorg/apache/hadoop/conf/Configuration;Lorg/apache/hadoop/mapreduce/JobID;)V+51
j  org.apache.hadoop.mapreduce.Job.<init>(Lorg/apache/hadoop/mapred/JobConf;)V+3
j  org.apache.hadoop.mapreduce.Job.<init>(Lorg/apache/hadoop/conf/Configuration;)V+9
j  MaxTemperatureWithMapOutputCompression.main([Ljava/lang/String;)V+48
v  ~StubRoutines::call_stub
V  [libjvm.so+0x690dd6]  JavaCalls::call_helper(JavaValue*, methodHandle*, JavaCallArguments*, Thread*)+0x1056
V  [libjvm.so+0x99c357]  Reflection::invoke(instanceKlassHandle, methodHandle, Handle, bool, objArrayHandle, BasicType, objArrayHandle, bool, Thread*)+0x5d7
V  [libjvm.so+0x99fa67]  Reflection::invoke_method(oopDesc*, Handle, objArrayHandle, Thread*)+0x147
V  [libjvm.so+0x72447b]  JVM_InvokeMethod+0x26b
j  sun.reflect.NativeMethodAccessorImpl.invoke0(Ljava/lang/reflect/Method;Ljava/lang/Object;[Ljava/lang/Object;)Ljava/lang/Object;+0
j  sun.reflect.NativeMethodAccessorImpl.invoke(Ljava/lang/Object;[Ljava/lang/Object;)Ljava/lang/Object;+100
j  sun.reflect.DelegatingMethodAccessorImpl.invoke(Ljava/lang/Object;[Ljava/lang/Object;)Ljava/lang/Object;+6
j  java.lang.reflect.Method.invoke(Ljava/lang/Object;[Ljava/lang/Object;)Ljava/lang/Object;+56
j  org.apache.hadoop.util.RunJar.main([Ljava/lang/String;)V+604
v  ~StubRoutines::call_stub
V  [libjvm.so+0x690dd6]  JavaCalls::call_helper(JavaValue*, methodHandle*, JavaCallArguments*, Thread*)+0x1056
V  [libjvm.so+0x6d21e2]  jni_invoke_static(JNIEnv_*, JavaValue*, _jobject*, JNICallType, _jmethodID*, JNI_ArgumentPusher*, Thread*)+0x362
V  [libjvm.so+0x6eea4a]  jni_CallStaticVoidMethod+0x17a
C  [libjli.so+0x7bdf]  JavaMain+0x81f
C  [libpthread.so.0+0x8184]  start_thread+0xc4

Java frames: (J=compiled Java code, j=interpreted, Vv=VM code)
j  java.lang.invoke.MethodHandles$Lookup.getDirectMethodCommon(BLjava/lang/Class;Ljava/lang/invoke/MemberName;ZZLjava/lang/Class;)Ljava/lang/invoke/MethodHandle;+201
j  java.lang.invoke.MethodHandles$Lookup.getDirectMethodNoSecurityManager(BLjava/lang/Class;Ljava/lang/invoke/MemberName;Ljava/lang/Class;)Ljava/lang/invoke/MethodHandle;+8
j  java.lang.invoke.MethodHandles$Lookup.getDirectMethodForConstant(BLjava/lang/Class;Ljava/lang/invoke/MemberName;)Ljava/lang/invoke/MethodHandle;+30
j  java.lang.invoke.MethodHandles$Lookup.linkMethodHandleConstant(BLjava/lang/Class;Ljava/lang/String;Ljava/lang/Object;)Ljava/lang/invoke/MethodHandle;+115
j  java.lang.invoke.MethodHandleNatives.linkMethodHandleConstant(Ljava/lang/Class;ILjava/lang/Class;Ljava/lang/String;Ljava/lang/Object;)Ljava/lang/invoke/MethodHandle;+38
v  ~StubRoutines::call_stub
j  java.lang.UNIXProcess$Platform.get()Ljava/lang/UNIXProcess$Platform;+0
j  java.lang.UNIXProcess.<clinit>()V+6
v  ~StubRoutines::call_stub
j  java.lang.ProcessImpl.start([Ljava/lang/String;Ljava/util/Map;Ljava/lang/String;[Ljava/lang/ProcessBuilder$Redirect;Z)Ljava/lang/Process;+404
j  java.lang.ProcessBuilder.start()Ljava/lang/Process;+161
j  org.apache.hadoop.util.Shell.runCommand()V+125
j  org.apache.hadoop.util.Shell.run()V+23
j  org.apache.hadoop.util.Shell$ShellCommandExecutor.execute()V+1
j  org.apache.hadoop.util.Shell.isSetsidSupported()Z+47
j  org.apache.hadoop.util.Shell.<clinit>()V+181
v  ~StubRoutines::call_stub
j  org.apache.hadoop.util.StringUtils.<clinit>()V+16
v  ~StubRoutines::call_stub
j  org.apache.hadoop.security.Groups.parseStaticMapping(Lorg/apache/hadoop/conf/Configuration;)V+12
j  org.apache.hadoop.security.Groups.<init>(Lorg/apache/hadoop/conf/Configuration;)V+81
j  org.apache.hadoop.security.Groups.getUserToGroupsMappingService(Lorg/apache/hadoop/conf/Configuration;)Lorg/apache/hadoop/security/Groups;+32
j  org.apache.hadoop.security.UserGroupInformation.initialize(Lorg/apache/hadoop/conf/Configuration;Z)V+46
j  org.apache.hadoop.security.UserGroupInformation.ensureInitialized()V+26
j  org.apache.hadoop.security.UserGroupInformation.loginUserFromSubject(Ljavax/security/auth/Subject;)V+0
j  org.apache.hadoop.security.UserGroupInformation.getLoginUser()Lorg/apache/hadoop/security/UserGroupInformation;+7
j  org.apache.hadoop.security.UserGroupInformation.getCurrentUser()Lorg/apache/hadoop/security/UserGroupInformation;+28
j  org.apache.hadoop.mapreduce.task.JobContextImpl.<init>(Lorg/apache/hadoop/conf/Configuration;Lorg/apache/hadoop/mapreduce/JobID;)V+51
j  org.apache.hadoop.mapreduce.Job.<init>(Lorg/apache/hadoop/mapred/JobConf;)V+3
j  org.apache.hadoop.mapreduce.Job.<init>(Lorg/apache/hadoop/conf/Configuration;)V+9
j  MaxTemperatureWithMapOutputCompression.main([Ljava/lang/String;)V+48
v  ~StubRoutines::call_stub
j  sun.reflect.NativeMethodAccessorImpl.invoke0(Ljava/lang/reflect/Method;Ljava/lang/Object;[Ljava/lang/Object;)Ljava/lang/Object;+0
j  sun.reflect.NativeMethodAccessorImpl.invoke(Ljava/lang/Object;[Ljava/lang/Object;)Ljava/lang/Object;+100
j  sun.reflect.DelegatingMethodAccessorImpl.invoke(Ljava/lang/Object;[Ljava/lang/Object;)Ljava/lang/Object;+6
j  java.lang.reflect.Method.invoke(Ljava/lang/Object;[Ljava/lang/Object;)Ljava/lang/Object;+56
j  org.apache.hadoop.util.RunJar.main([Ljava/lang/String;)V+604
v  ~StubRoutines::call_stub

---------------  P R O C E S S  ---------------

Java Threads: ( => current thread )
  0x00007fd41c0e0000 JavaThread "Service Thread" daemon [_thread_blocked, id=10455, stack(0x00007fd40a9f4000,0x00007fd40aaf5000)]
  0x00007fd41c0b8000 JavaThread "C1 CompilerThread1" daemon [_thread_blocked, id=10454, stack(0x00007fd40aaf5000,0x00007fd40abf6000)]
  0x00007fd41c0b6000 JavaThread "C2 CompilerThread0" daemon [_thread_blocked, id=10453, stack(0x00007fd40abf6000,0x00007fd40acf7000)]
  0x00007fd41c0b4800 JavaThread "Signal Dispatcher" daemon [_thread_blocked, id=10452, stack(0x00007fd40acf7000,0x00007fd40adf8000)]
  0x00007fd41c081000 JavaThread "Finalizer" daemon [_thread_blocked, id=10451, stack(0x00007fd40b0c1000,0x00007fd40b1c2000)]
  0x00007fd41c07c800 JavaThread "Reference Handler" daemon [_thread_blocked, id=10450, stack(0x00007fd40b1c2000,0x00007fd40b2c3000)]
=>0x00007fd41c010800 JavaThread "main" [_thread_in_vm, id=10447, stack(0x00007fd42225d000,0x00007fd42235e000)]

Other Threads:
  0x00007fd41c075000 VMThread [stack: 0x00007fd40b2c3000,0x00007fd40b3c4000] [id=10449]
  0x00007fd41c0fc800 WatcherThread [stack: 0x00007fd40a8f3000,0x00007fd40a9f4000] [id=10456]

VM state:synchronizing (normal execution)

VM Mutex/Monitor currently owned by a thread:  ([mutex/lock_event])
[0x00007fd41c00cc30] Threads_lock - owner thread: 0x00007fd41c075000

Heap:
 def new generation   total 19008K, used 17841K [0x00000000e0000000, 0x00000000e14a0000, 0x00000000eaaa0000)
  eden space 16896K,  93% used [0x00000000e0000000, 0x00000000e0f5c7d0, 0x00000000e1080000)
  from space 2112K, 100% used [0x00000000e1290000, 0x00000000e14a0000, 0x00000000e14a0000)
  to   space 2112K,   0% used [0x00000000e1080000, 0x00000000e1080000, 0x00000000e1290000)
 tenured generation   total 42368K, used 1021K [0x00000000eaaa0000, 0x00000000ed400000, 0x0000000100000000)
   the space 42368K,   2% used [0x00000000eaaa0000, 0x00000000eab9f630, 0x00000000eab9f800, 0x00000000ed400000)
 Metaspace       used 9176K, capacity 9220K, committed 9344K, reserved 1058816K
  class space    used 1027K, capacity 1045K, committed 1152K, reserved 1048576K

Card table byte_map: [0x00007fd40bebd000,0x00007fd40bfbe000] byte_map_base: 0x00007fd40b7bd000

Polling page: 0x00007fd42236d000

CodeCache: size=245760Kb used=3317Kb max_used=3317Kb free=242442Kb
 bounds [0x00007fd40c37e000, 0x00007fd40c6be000, 0x00007fd41b37e000]
 total_blobs=1130 nmethods=827 adapters=219
 compilation: enabled

Compilation events (10 events):
Event: 15.797 Thread 0x00007fd41c0b8000  888       1       java.lang.StringCoding$StringDecoder::requestedCharsetName (5 bytes)
Event: 15.797 Thread 0x00007fd41c0b8000 nmethod 888 0x00007fd40c6b84d0 code [0x00007fd40c6b8620, 0x00007fd40c6b8730]
Event: 15.797 Thread 0x00007fd41c0b8000  889   !   3       java.lang.StringCoding::decode (120 bytes)
Event: 15.805 Thread 0x00007fd41c0b8000 nmethod 889 0x00007fd40c6b8790 code [0x00007fd40c6b8ae0, 0x00007fd40c6ba4e0]
Event: 15.845 Thread 0x00007fd41c0b8000  890       3       java.lang.Byte::<init> (10 bytes)
Event: 15.846 Thread 0x00007fd41c0b8000 nmethod 890 0x00007fd40c6bbcd0 code [0x00007fd40c6bbe40, 0x00007fd40c6bc050]
Event: 15.846 Thread 0x00007fd41c0b8000  891       3       java.lang.Short::<init> (10 bytes)
Event: 15.846 Thread 0x00007fd41c0b8000 nmethod 891 0x00007fd40c6bc150 code [0x00007fd40c6bc2c0, 0x00007fd40c6bc4d0]
Event: 15.862 Thread 0x00007fd41c0b8000  892       3       java.lang.Long::<init> (10 bytes)
Event: 15.862 Thread 0x00007fd41c0b8000 nmethod 892 0x00007fd40c6bc5d0 code [0x00007fd40c6bc740, 0x00007fd40c6bc950]

GC Heap History (2 events):
Event: 9.349 GC heap before
{Heap before GC invocations=0 (full 0):
 def new generation   total 19008K, used 16896K [0x00000000e0000000, 0x00000000e14a0000, 0x00000000eaaa0000)
  eden space 16896K, 100% used [0x00000000e0000000, 0x00000000e1080000, 0x00000000e1080000)
  from space 2112K,   0% used [0x00000000e1080000, 0x00000000e1080000, 0x00000000e1290000)
  to   space 2112K,   0% used [0x00000000e1290000, 0x00000000e1290000, 0x00000000e14a0000)
 tenured generation   total 42368K, used 0K [0x00000000eaaa0000, 0x00000000ed400000, 0x0000000100000000)
   the space 42368K,   0% used [0x00000000eaaa0000, 0x00000000eaaa0000, 0x00000000eaaa0200, 0x00000000ed400000)
 Metaspace       used 7519K, capacity 7602K, committed 7808K, reserved 1056768K
  class space    used 835K, capacity 850K, committed 896K, reserved 1048576K
Event: 9.612 GC heap after
Heap after GC invocations=1 (full 0):
 def new generation   total 19008K, used 2112K [0x00000000e0000000, 0x00000000e14a0000, 0x00000000eaaa0000)
  eden space 16896K,   0% used [0x00000000e0000000, 0x00000000e0000000, 0x00000000e1080000)
  from space 2112K, 100% used [0x00000000e1290000, 0x00000000e14a0000, 0x00000000e14a0000)
  to   space 2112K,   0% used [0x00000000e1080000, 0x00000000e1080000, 0x00000000e1290000)
 tenured generation   total 42368K, used 1021K [0x00000000eaaa0000, 0x00000000ed400000, 0x0000000100000000)
   the space 42368K,   2% used [0x00000000eaaa0000, 0x00000000eab9f630, 0x00000000eab9f800, 0x00000000ed400000)
 Metaspace       used 7519K, capacity 7602K, committed 7808K, reserved 1056768K
  class space    used 835K, capacity 850K, committed 896K, reserved 1048576K
}

Deoptimization events (5 events):
Event: 1.192 Thread 0x00007fd41c010800 Uncommon trap: reason=unstable_if action=reinterpret pc=0x00007fd40c48bc38 method=java.lang.String.indexOf(II)I @ 49
Event: 1.752 Thread 0x00007fd41c010800 Uncommon trap: reason=unstable_if action=reinterpret pc=0x00007fd40c48b65c method=java.lang.String.hashCode()I @ 14
Event: 5.366 Thread 0x00007fd41c010800 Uncommon trap: reason=unstable_if action=reinterpret pc=0x00007fd40c5091a8 method=java.lang.String.indexOf([CII[CIII)I @ 3
Event: 12.941 Thread 0x00007fd41c010800 Uncommon trap: reason=unstable_if action=reinterpret pc=0x00007fd40c61419c method=java.util.HashMap.getNode(ILjava/lang/Object;)Ljava/util/HashMap$Node; @ 62
Event: 14.868 Thread 0x00007fd41c010800 Uncommon trap: reason=unstable_if action=reinterpret pc=0x00007fd40c699b58 method=com.sun.org.apache.xerces.internal.impl.XMLDocumentFragmentScannerImpl$FragmentContentDriver.next()I @ 823

Internal exceptions (10 events):
Event: 4.795 Thread 0x00007fd41c010800 Exception <a 'java/lang/ClassNotFoundException': org/apache/log4j/WriterAppenderBeanInfo> (0x00000000e076d418) thrown at [/HUDSON3/workspace/8-2-build-linux-amd64/jdk8u121/8372/hotspot/src/share/vm/classfile/systemDictionary.cpp, line 210]
Event: 4.813 Thread 0x00007fd41c010800 Exception <a 'java/lang/ClassNotFoundException': org/apache/log4j/AppenderSkeletonBeanInfo> (0x00000000e078ef58) thrown at [/HUDSON3/workspace/8-2-build-linux-amd64/jdk8u121/8372/hotspot/src/share/vm/classfile/systemDictionary.cpp, line 210]
Event: 4.831 Thread 0x00007fd41c010800 Exception <a 'java/lang/ClassNotFoundException': org/apache/log4j/AppenderSkeletonCustomizer> (0x00000000e07b2b18) thrown at [/HUDSON3/workspace/8-2-build-linux-amd64/jdk8u121/8372/hotspot/src/share/vm/classfile/systemDictionary.cpp, line 210]
Event: 4.897 Thread 0x00007fd41c010800 Exception <a 'java/lang/ClassNotFoundException': org/apache/log4j/WriterAppenderCustomizer> (0x00000000e07e87b8) thrown at [/HUDSON3/workspace/8-2-build-linux-amd64/jdk8u121/8372/hotspot/src/share/vm/classfile/systemDictionary.cpp, line 210]
Event: 4.956 Thread 0x00007fd41c010800 Exception <a 'java/lang/ClassNotFoundException': org/apache/log4j/ConsoleAppenderCustomizer> (0x00000000e0816990) thrown at [/HUDSON3/workspace/8-2-build-linux-amd64/jdk8u121/8372/hotspot/src/share/vm/classfile/systemDictionary.cpp, line 210]
Event: 8.132 Thread 0x00007fd41c010800 Exception <a 'java/security/PrivilegedActionException'> (0x00000000e0c90710) thrown at [/HUDSON3/workspace/8-2-build-linux-amd64/jdk8u121/8372/hotspot/src/share/vm/prims/jvm.cpp, line 1390]
Event: 8.132 Thread 0x00007fd41c010800 Exception <a 'java/security/PrivilegedActionException'> (0x00000000e0c90b08) thrown at [/HUDSON3/workspace/8-2-build-linux-amd64/jdk8u121/8372/hotspot/src/share/vm/prims/jvm.cpp, line 1390]
Event: 15.498 Thread 0x00007fd41c010800 Exception <a 'java/io/FileNotFoundException'> (0x00000000e0e2ae50) thrown at [/HUDSON3/workspace/8-2-build-linux-amd64/jdk8u121/8372/hotspot/src/share/vm/prims/jni.cpp, line 709]
Event: 15.502 Thread 0x00007fd41c010800 Exception <a 'java/security/PrivilegedActionException'> (0x00000000e0e2b2b8) thrown at [/HUDSON3/workspace/8-2-build-linux-amd64/jdk8u121/8372/hotspot/src/share/vm/prims/jvm.cpp, line 1390]
Event: 15.504 Thread 0x00007fd41c010800 Exception <a 'java/lang/reflect/InvocationTargetException'> (0x00000000e0e2d378) thrown at [/HUDSON3/workspace/8-2-build-linux-amd64/jdk8u121/8372/hotspot/src/share/vm/runtime/reflection.cpp, line 1092]

Events (10 events):
Event: 15.845 loading class java/lang/Byte$ByteCache
Event: 15.845 loading class java/lang/Byte$ByteCache done
Event: 15.846 loading class java/lang/Short$ShortCache
Event: 15.846 loading class java/lang/Short$ShortCache done
Event: 15.855 loading class java/lang/Character$CharacterCache
Event: 15.855 loading class java/lang/Character$CharacterCache done
Event: 15.855 loading class java/lang/Long$LongCache
Event: 15.855 loading class java/lang/Long$LongCache done
Event: 15.863 loading class sun/invoke/util/VerifyAccess
Event: 15.867 loading class sun/invoke/util/VerifyAccess done


Dynamic libraries:
00400000-00401000 r-xp 00000000 fc:00 158434                             /usr/lib/jvm/java-8-oracle/jre/bin/java
00600000-00601000 rw-p 00000000 fc:00 158434                             /usr/lib/jvm/java-8-oracle/jre/bin/java
01199000-011ba000 rw-p 00000000 00:00 0                                  [heap]
e0000000-e14a0000 rw-p 00000000 00:00 0 
e14a0000-eaaa0000 ---p 00000000 00:00 0 
eaaa0000-ed400000 rw-p 00000000 00:00 0 
ed400000-100000000 ---p 00000000 00:00 0 
100000000-100120000 rw-p 00000000 00:00 0 
100120000-140000000 ---p 00000000 00:00 0 
7fd3fc000000-7fd3fc021000 rw-p 00000000 00:00 0 
7fd3fc021000-7fd400000000 ---p 00000000 00:00 0 
7fd404000000-7fd4045e9000 rw-p 00000000 00:00 0 
7fd4045e9000-7fd408000000 ---p 00000000 00:00 0 
7fd409db8000-7fd409db9000 rw-p 00000000 00:00 0 
7fd409db9000-7fd409f79000 ---p 00000000 00:00 0 
7fd409f79000-7fd409f95000 r-xp 00000000 fd:20 12191592                   /mnt/data-dir/hadoop-2.5.2/lib/native/libhadoop.so.1.0.0
7fd409f95000-7fd40a194000 ---p 0001c000 fd:20 12191592                   /mnt/data-dir/hadoop-2.5.2/lib/native/libhadoop.so.1.0.0
7fd40a194000-7fd40a195000 r--p 0001b000 fd:20 12191592                   /mnt/data-dir/hadoop-2.5.2/lib/native/libhadoop.so.1.0.0
7fd40a195000-7fd40a196000 rw-p 0001c000 fd:20 12191592                   /mnt/data-dir/hadoop-2.5.2/lib/native/libhadoop.so.1.0.0
7fd40a196000-7fd40a19f000 r-xp 00000000 fc:00 158490                     /usr/lib/jvm/java-8-oracle/jre/lib/amd64/libmanagement.so
7fd40a19f000-7fd40a39e000 ---p 00009000 fc:00 158490                     /usr/lib/jvm/java-8-oracle/jre/lib/amd64/libmanagement.so
7fd40a39e000-7fd40a39f000 rw-p 00008000 fc:00 158490                     /usr/lib/jvm/java-8-oracle/jre/lib/amd64/libmanagement.so
7fd40a39f000-7fd40a3a0000 r--s 00001000 fc:00 37503                      /home/krose1/intermCompressionWithCombiner/mt.jar
7fd40a3a0000-7fd40a3a4000 r--s 0009a000 fc:00 158452                     /usr/lib/jvm/java-8-oracle/jre/lib/jsse.jar
7fd40a3a4000-7fd40a41e000 r--s 010f6000 fc:00 293386                     /usr/lib/jvm/java-8-oracle/lib/tools.jar
7fd40a41e000-7fd40a427000 r--s 0006f000 fd:20 12059334                   /mnt/data-dir/hadoop-2.5.2/share/hadoop/mapreduce/hadoop-mapreduce-client-app-2.5.2.jar
7fd40a427000-7fd40a432000 r--s 00097000 fd:20 12059336                   /mnt/data-dir/hadoop-2.5.2/share/hadoop/mapreduce/hadoop-mapreduce-client-common-2.5.2.jar
7fd40a432000-7fd40a434000 r--s 00009000 fd:20 12059312                   /mnt/data-dir/hadoop-2.5.2/share/hadoop/mapreduce/hadoop-mapreduce-client-shuffle-2.5.2.jar
7fd40a434000-7fd40a44c000 r--s 00156000 fd:20 12059337                   /mnt/data-dir/hadoop-2.5.2/share/hadoop/mapreduce/hadoop-mapreduce-client-core-2.5.2.jar
7fd40a44c000-7fd40a451000 r--s 0003d000 fd:20 12059330                   /mnt/data-dir/hadoop-2.5.2/share/hadoop/mapreduce/hadoop-mapreduce-examples-2.5.2.jar
7fd40a451000-7fd40a468000 r--s 00155000 fd:20 12059331                   /mnt/data-dir/hadoop-2.5.2/share/hadoop/mapreduce/hadoop-mapreduce-client-jobclient-2.5.2-tests.jar
7fd40a468000-7fd40a46d000 r--s 00034000 fd:20 12059333                   /mnt/data-dir/hadoop-2.5.2/share/hadoop/mapreduce/hadoop-mapreduce-client-hs-2.5.2.jar
7fd40a46d000-7fd40a46e000 r--s 00008000 fd:20 12059332                   /mnt/data-dir/hadoop-2.5.2/share/hadoop/mapreduce/hadoop-mapreduce-client-jobclient-2.5.2.jar
7fd40a46e000-7fd40a46f000 r--s 00000000 fd:20 12059335                   /mnt/data-dir/hadoop-2.5.2/share/hadoop/mapreduce/hadoop-mapreduce-client-hs-plugins-2.5.2.jar
7fd40a46f000-7fd40a474000 r--s 00036000 fd:20 12059349                   /mnt/data-dir/hadoop-2.5.2/share/hadoop/mapreduce/lib/commons-compress-1.4.1.jar
7fd40a474000-7fd40a476000 r--s 00003000 fd:20 12059348                   /mnt/data-dir/hadoop-2.5.2/share/hadoop/mapreduce/lib/hadoop-annotations-2.5.2.jar
7fd40a476000-7fd40a485000 r--s 0009f000 fd:20 12059352                   /mnt/data-dir/hadoop-2.5.2/share/hadoop/mapreduce/lib/guice-3.0.jar
7fd40a485000-7fd40a493000 r--s 000b1000 fd:20 12059343                   /mnt/data-dir/hadoop-2.5.2/share/hadoop/mapreduce/lib/jackson-mapper-asl-1.9.13.jar
7fd40a493000-7fd40a4a5000 r--s 0009d000 fd:20 12059342                   /mnt/data-dir/hadoop-2.5.2/share/hadoop/mapreduce/lib/jersey-server-1.9.jar
7fd40a4a5000-7fd40a4a7000 r--s 0000e000 fd:20 12059355                   /mnt/data-dir/hadoop-2.5.2/share/hadoop/mapreduce/lib/guice-servlet-3.0.jar
7fd40a4a7000-7fd40a4a9000 r--s 00000000 fd:20 12059346                   /mnt/data-dir/hadoop-2.5.2/share/hadoop/mapreduce/lib/aopalliance-1.0.jar
7fd40a4a9000-7fd40a4aa000 r--s 00003000 fd:20 12059351                   /mnt/data-dir/hadoop-2.5.2/share/hadoop/mapreduce/lib/jersey-guice-1.9.jar
7fd40a4aa000-7fd40a4ab000 r--s 0000a000 fd:20 12059354                   /mnt/data-dir/hadoop-2.5.2/share/hadoop/mapreduce/lib/asm-3.2.jar
7fd40a4ab000-7fd40a4b2000 r--s 00044000 fd:20 12059344                   /mnt/data-dir/hadoop-2.5.2/share/hadoop/mapreduce/lib/avro-1.7.4.jar
7fd40a4b2000-7fd40a4b3000 r--s 00000000 fd:20 12059361                   /mnt/data-dir/hadoop-2.5.2/share/hadoop/mapreduce/lib/javax.inject-1.jar
7fd40a4b3000-7fd40a4b6000 r--s 000fd000 fd:20 12059359                   /mnt/data-dir/hadoop-2.5.2/share/hadoop/mapreduce/lib/leveldbjni-all-1.8.jar
7fd40a4b6000-7fd40a4bc000 r--s 00036000 fd:20 12059358                   /mnt/data-dir/hadoop-2.5.2/share/hadoop/mapreduce/lib/junit-4.11.jar
7fd40a4bc000-7fd40a4c6000 r--s 00066000 fd:20 12059350                   /mnt/data-dir/hadoop-2.5.2/share/hadoop/mapreduce/lib/jersey-core-1.9.jar
7fd40a4c6000-7fd40a4cf000 r--s 0006f000 fd:20 12059341                   /mnt/data-dir/hadoop-2.5.2/share/hadoop/mapreduce/lib/log4j-1.2.17.jar
7fd40a4cf000-7fd40a4d1000 r--s 00009000 fd:20 12059357                   /mnt/data-dir/hadoop-2.5.2/share/hadoop/mapreduce/lib/hamcrest-core-1.3.jar
7fd40a4d1000-7fd40a4d9000 r--s 0007b000 fd:20 12059345                   /mnt/data-dir/hadoop-2.5.2/share/hadoop/mapreduce/lib/protobuf-java-2.5.0.jar
7fd40a4d9000-7fd40a4dd000 r--s 00035000 fd:20 12059360                   /mnt/data-dir/hadoop-2.5.2/share/hadoop/mapreduce/lib/jackson-core-asl-1.9.13.jar
7fd40a4dd000-7fd40a4f4000 r--s 0010e000 fd:20 12059347                   /mnt/data-dir/hadoop-2.5.2/share/hadoop/mapreduce/lib/netty-3.6.2.Final.jar
7fd40a4f4000-7fd40a4f8000 r--s 0002a000 fd:20 12059339                   /mnt/data-dir/hadoop-2.5.2/share/hadoop/mapreduce/lib/commons-io-2.4.jar
7fd40a4f8000-7fd40a4fc000 r--s 00014000 fd:20 12059353                   /mnt/data-dir/hadoop-2.5.2/share/hadoop/mapreduce/lib/xz-1.0.jar
7fd40a4fc000-7fd40a4fe000 r--s 000f2000 fd:20 12059356                   /mnt/data-dir/hadoop-2.5.2/share/hadoop/mapreduce/lib/snappy-java-1.0.4.1.jar
7fd40a4fe000-7fd40a500000 r--s 00006000 fd:20 12059340                   /mnt/data-dir/hadoop-2.5.2/share/hadoop/mapreduce/lib/paranamer-2.3.jar
7fd40a500000-7fd40a514000 r--s 00146000 fd:20 12058907                   /mnt/data-dir/hadoop-2.5.2/share/hadoop/yarn/hadoop-yarn-common-2.5.2.jar
7fd40a514000-7fd40a519000 r--s 00037000 fd:20 12058858                   /mnt/data-dir/hadoop-2.5.2/share/hadoop/yarn/hadoop-yarn-server-common-2.5.2.jar
7fd40a519000-7fd40a530000 r--s 0017c000 fd:20 12058857                   /mnt/data-dir/hadoop-2.5.2/share/hadoop/yarn/hadoop-yarn-api-2.5.2.jar
7fd40a530000-7fd40a533000 r--s 0001a000 fd:20 12058863                   /mnt/data-dir/hadoop-2.5.2/share/hadoop/yarn/hadoop-yarn-client-2.5.2.jar
7fd40a533000-7fd40a536000 r--s 00020000 fd:20 12058866                   /mnt/data-dir/hadoop-2.5.2/share/hadoop/yarn/hadoop-yarn-server-applicationhistoryservice-2.5.2.jar
7fd40a536000-7fd40a546000 r--s 000c1000 fd:20 12058862                   /mnt/data-dir/hadoop-2.5.2/share/hadoop/yarn/hadoop-yarn-server-resourcemanager-2.5.2.jar
7fd40a546000-7fd40a547000 r--s 00003000 fd:20 12058861                   /mnt/data-dir/hadoop-2.5.2/share/hadoop/yarn/hadoop-yarn-applications-unmanaged-am-launcher-2.5.2.jar
7fd40a547000-7fd40a553000 r--s 00077000 fd:20 12058860                   /mnt/data-dir/hadoop-2.5.2/share/hadoop/yarn/hadoop-yarn-server-nodemanager-2.5.2.jar
7fd40a553000-7fd40a554000 r--s 00006000 fd:20 12058859                   /mnt/data-dir/hadoop-2.5.2/share/hadoop/yarn/hadoop-yarn-server-web-proxy-2.5.2.jar
7fd40a554000-7fd40a556000 r--s 00009000 fd:20 12058856                   /mnt/data-dir/hadoop-2.5.2/share/hadoop/yarn/hadoop-yarn-applications-distributedshell-2.5.2.jar
7fd40a556000-7fd40a557000 r--s 00000000 fd:20 12058834                   /mnt/data-dir/hadoop-2.5.2/share/hadoop/yarn/hadoop-yarn-server-tests-2.5.2.jar
7fd40a557000-7fd40a55a000 r--s 0001d000 fd:20 12058883                   /mnt/data-dir/hadoop-2.5.2/share/hadoop/yarn/lib/jersey-client-1.9.jar
7fd40a55a000-7fd40a55f000 r--s 00036000 fd:20 12058887                   /mnt/data-dir/hadoop-2.5.2/share/hadoop/yarn/lib/commons-compress-1.4.1.jar
7fd40a55f000-7fd40a561000 r--s 0000f000 fd:20 12058876                   /mnt/data-dir/hadoop-2.5.2/share/hadoop/yarn/lib/jettison-1.1.jar
7fd40a561000-7fd40a566000 r--s 00041000 fd:20 12058902                   /mnt/data-dir/hadoop-2.5.2/share/hadoop/yarn/lib/commons-lang-2.6.jar
7fd40a566000-7fd40a575000 r--s 0009f000 fd:20 12058890                   /mnt/data-dir/hadoop-2.5.2/share/hadoop/yarn/lib/guice-3.0.jar
7fd40a575000-7fd40a583000 r--s 0007f000 fd:20 12058899                   /mnt/data-dir/hadoop-2.5.2/share/hadoop/yarn/lib/commons-collections-3.2.1.jar
7fd40a583000-7fd40a5a4000 r--s 00172000 fd:20 12058886                   /mnt/data-dir/hadoop-2.5.2/share/hadoop/yarn/lib/guava-11.0.2.jar
7fd40a5a4000-7fd40a5a5000 r--s 00004000 fd:20 12058870                   /mnt/data-dir/hadoop-2.5.2/share/hadoop/yarn/lib/jackson-jaxrs-1.9.13.jar
7fd40a5a5000-7fd40a5b3000 r--s 000b1000 fd:20 12058878                   /mnt/data-dir/hadoop-2.5.2/share/hadoop/yarn/lib/jackson-mapper-asl-1.9.13.jar
7fd40a5b3000-7fd40a5c5000 r--s 0009d000 fd:20 12058877                   /mnt/data-dir/hadoop-2.5.2/share/hadoop/yarn/lib/jersey-server-1.9.jar
7fd40a5c5000-7fd40a5c7000 r--s 0000e000 fd:20 12058898                   /mnt/data-dir/hadoop-2.5.2/share/hadoop/yarn/lib/guice-servlet-3.0.jar
7fd40a5c7000-7fd40a5c9000 r--s 00014000 fd:20 12058868                   /mnt/data-dir/hadoop-2.5.2/share/hadoop/yarn/lib/jline-0.9.94.jar
7fd40a5c9000-7fd40a5cb000 r--s 00009000 fd:20 12058880                   /mnt/data-dir/hadoop-2.5.2/share/hadoop/yarn/lib/commons-cli-1.2.jar
7fd40a5cb000-7fd40a5cd000 r--s 00000000 fd:20 12058884                   /mnt/data-dir/hadoop-2.5.2/share/hadoop/yarn/lib/aopalliance-1.0.jar
7fd40a5cd000-7fd40a5d1000 r--s 00028000 fd:20 12058881                   /mnt/data-dir/hadoop-2.5.2/share/hadoop/yarn/lib/jetty-util-6.1.26.jar
7fd40a5d1000-7fd40a5d2000 r--s 00003000 fd:20 12058889                   /mnt/data-dir/hadoop-2.5.2/share/hadoop/yarn/lib/jersey-guice-1.9.jar
7fd40a5d2000-7fd40a5d3000 r--s 0000a000 fd:20 12058894                   /mnt/data-dir/hadoop-2.5.2/share/hadoop/yarn/lib/asm-3.2.jar
7fd40a5d3000-7fd40a5d5000 r--s 00018000 fd:20 12058905                   /mnt/data-dir/hadoop-2.5.2/share/hadoop/yarn/lib/servlet-api-2.5.jar
7fd40a5d5000-7fd40a5dc000 r--s 0007d000 fd:20 12058900                   /mnt/data-dir/hadoop-2.5.2/share/hadoop/yarn/lib/jetty-6.1.26.jar
7fd40a5dc000-7fd40a5dd000 r--s 00000000 fd:20 12058906                   /mnt/data-dir/hadoop-2.5.2/share/hadoop/yarn/lib/javax.inject-1.jar
7fd40a5dd000-7fd40a5e0000 r--s 000fd000 fd:20 12058903                   /mnt/data-dir/hadoop-2.5.2/share/hadoop/yarn/lib/leveldbjni-all-1.8.jar
7fd40a5e0000-7fd40a5e2000 r--s 0000e000 fd:20 12058896                   /mnt/data-dir/hadoop-2.5.2/share/hadoop/yarn/lib/commons-logging-1.1.3.jar
7fd40a5e2000-7fd40a5e4000 r--s 0000e000 fd:20 12058869                   /mnt/data-dir/hadoop-2.5.2/share/hadoop/yarn/lib/activation-1.1.jar
7fd40a5e4000-7fd40a5e5000 r--s 00006000 fd:20 12058895                   /mnt/data-dir/hadoop-2.5.2/share/hadoop/yarn/lib/jackson-xc-1.9.13.jar
7fd40a5e5000-7fd40a5e7000 r--s 0000d000 fd:20 12058879                   /mnt/data-dir/hadoop-2.5.2/share/hadoop/yarn/lib/commons-codec-1.4.jar
7fd40a5e7000-7fd40a5e9000 r--s 00004000 fd:20 12058893                   /mnt/data-dir/hadoop-2.5.2/share/hadoop/yarn/lib/stax-api-1.0-2.jar
7fd40a5e9000-7fd40a5f3000 r--s 00066000 fd:20 12058888                   /mnt/data-dir/hadoop-2.5.2/share/hadoop/yarn/lib/jersey-core-1.9.jar
7fd40a5f3000-7fd40a5fc000 r--s 0006f000 fd:20 12058873                   /mnt/data-dir/hadoop-2.5.2/share/hadoop/yarn/lib/log4j-1.2.17.jar
7fd40a5fc000-7fd40a604000 r--s 0007b000 fd:20 12058882                   /mnt/data-dir/hadoop-2.5.2/share/hadoop/yarn/lib/protobuf-java-2.5.0.jar
7fd40a604000-7fd40a608000 r--s 00035000 fd:20 12058904                   /mnt/data-dir/hadoop-2.5.2/share/hadoop/yarn/lib/jackson-core-asl-1.9.13.jar
7fd40a608000-7fd40a61f000 r--s 0010e000 fd:20 12058885                   /mnt/data-dir/hadoop-2.5.2/share/hadoop/yarn/lib/netty-3.6.2.Final.jar
7fd40a61f000-7fd40a623000 r--s 0002a000 fd:20 12058872                   /mnt/data-dir/hadoop-2.5.2/share/hadoop/yarn/lib/commons-io-2.4.jar
7fd40a623000-7fd40a626000 r--s 00006000 fd:20 12058875                   /mnt/data-dir/hadoop-2.5.2/share/hadoop/yarn/lib/jsr305-1.3.9.jar
7fd40a626000-7fd40a62a000 r--s 00021000 fd:20 12058897                   /mnt/data-dir/hadoop-2.5.2/share/hadoop/yarn/lib/jersey-json-1.9.jar
7fd40a62a000-7fd40a63d000 r--s 000c7000 fd:20 12058871                   /mnt/data-dir/hadoop-2.5.2/share/hadoop/yarn/lib/jaxb-impl-2.2.3-1.jar
7fd40a63d000-7fd40a640000 r--s 00017000 fd:20 12058901                   /mnt/data-dir/hadoop-2.5.2/share/hadoop/yarn/lib/jaxb-api-2.2.2.jar
7fd40a640000-7fd40a644000 r--s 00014000 fd:20 12058891                   /mnt/data-dir/hadoop-2.5.2/share/hadoop/yarn/lib/xz-1.0.jar
7fd40a644000-7fd40a64a000 r--s 00045000 fd:20 12058892                   /mnt/data-dir/hadoop-2.5.2/share/hadoop/yarn/lib/commons-httpclient-3.1.jar
7fd40a64a000-7fd40a656000 r--s 000b6000 fd:20 12058874                   /mnt/data-dir/hadoop-2.5.2/share/hadoop/yarn/lib/zookeeper-3.4.6.jar
7fd40a656000-7fd40a658000 r--s 00015000 fd:20 12058676                   /mnt/data-dir/hadoop-2.5.2/share/hadoop/hdfs/hadoop-hdfs-nfs-2.5.2.jar
7fd40a658000-7fd40a6b5000 r--s 00668000 fd:20 12058675                   /mnt/data-dir/hadoop-2.5.2/share/hadoop/hdfs/hadoop-hdfs-2.5.2.jar
7fd40a6b5000-7fd40a6d3000 r--s 0027e000 fd:20 12058669                   /mnt/data-dir/hadoop-2.5.2/share/hadoop/hdfs/hadoop-hdfs-2.5.2-tests.jar
7fd40a6d3000-7fd40a6d4000 r--s 00005000 fd:20 12058728                   /mnt/data-dir/hadoop-2.5.2/share/hadoop/hdfs/lib/commons-daemon-1.0.13.jar
7fd40a6d4000-7fd40a6d9000 r--s 00041000 fd:20 12058743                   /mnt/data-dir/hadoop-2.5.2/share/hadoop/hdfs/lib/commons-lang-2.6.jar
7fd40a6d9000-7fd40a6dc000 r--s 00016000 fd:20 12058725                   /mnt/data-dir/hadoop-2.5.2/share/hadoop/hdfs/lib/jsp-api-2.1.jar
7fd40a6dc000-7fd40a6fd000 r--s 00172000 fd:20 12058738                   /mnt/data-dir/hadoop-2.5.2/share/hadoop/hdfs/lib/guava-11.0.2.jar
7fd40a6fd000-7fd40a70b000 r--s 000b1000 fd:20 12058732                   /mnt/data-dir/hadoop-2.5.2/share/hadoop/hdfs/lib/jackson-mapper-asl-1.9.13.jar
7fd40a70b000-7fd40a71d000 r--s 0009d000 fd:20 12058731                   /mnt/data-dir/hadoop-2.5.2/share/hadoop/hdfs/lib/jersey-server-1.9.jar
7fd40a71d000-7fd40a71f000 r--s 00009000 fd:20 12058734                   /mnt/data-dir/hadoop-2.5.2/share/hadoop/hdfs/lib/commons-cli-1.2.jar
7fd40a71f000-7fd40a723000 r--s 00028000 fd:20 12058735                   /mnt/data-dir/hadoop-2.5.2/share/hadoop/hdfs/lib/jetty-util-6.1.26.jar
7fd40a723000-7fd40a724000 r--s 0000a000 fd:20 12058740                   /mnt/data-dir/hadoop-2.5.2/share/hadoop/hdfs/lib/asm-3.2.jar
7fd40a724000-7fd40a726000 r--s 00018000 fd:20 12058745                   /mnt/data-dir/hadoop-2.5.2/share/hadoop/hdfs/lib/servlet-api-2.5.jar
7fd40a726000-7fd40a72d000 r--s 0007d000 fd:20 12058742                   /mnt/data-dir/hadoop-2.5.2/share/hadoop/hdfs/lib/jetty-6.1.26.jar
7fd40a72d000-7fd40a730000 r--s 00019000 fd:20 12058730                   /mnt/data-dir/hadoop-2.5.2/share/hadoop/hdfs/lib/commons-el-1.0.jar
7fd40a730000-7fd40a732000 r--s 0000e000 fd:20 12058741                   /mnt/data-dir/hadoop-2.5.2/share/hadoop/hdfs/lib/commons-logging-1.1.3.jar
7fd40a732000-7fd40a734000 r--s 0000d000 fd:20 12058733                   /mnt/data-dir/hadoop-2.5.2/share/hadoop/hdfs/lib/commons-codec-1.4.jar
7fd40a734000-7fd40a73e000 r--s 00066000 fd:20 12058739                   /mnt/data-dir/hadoop-2.5.2/share/hadoop/hdfs/lib/jersey-core-1.9.jar
7fd40a73e000-7fd40a747000 r--s 0006f000 fd:20 12058727                   /mnt/data-dir/hadoop-2.5.2/share/hadoop/hdfs/lib/log4j-1.2.17.jar
7fd40a747000-7fd40a74f000 r--s 0007b000 fd:20 12058736                   /mnt/data-dir/hadoop-2.5.2/share/hadoop/hdfs/lib/protobuf-java-2.5.0.jar
7fd40a74f000-7fd40a753000 r--s 00035000 fd:20 12058744                   /mnt/data-dir/hadoop-2.5.2/share/hadoop/hdfs/lib/jackson-core-asl-1.9.13.jar
7fd40a753000-7fd40a76a000 r--s 0010e000 fd:20 12058737                   /mnt/data-dir/hadoop-2.5.2/share/hadoop/hdfs/lib/netty-3.6.2.Final.jar
7fd40a76a000-7fd40a76e000 r--s 0002a000 fd:20 12058726                   /mnt/data-dir/hadoop-2.5.2/share/hadoop/hdfs/lib/commons-io-2.4.jar
7fd40a76e000-7fd40a771000 r--s 00006000 fd:20 12058729                   /mnt/data-dir/hadoop-2.5.2/share/hadoop/hdfs/lib/jsr305-1.3.9.jar
7fd40a771000-7fd40a772000 r--s 00003000 fd:20 12058746                   /mnt/data-dir/hadoop-2.5.2/share/hadoop/hdfs/lib/xmlenc-0.52.jar
7fd40a772000-7fd40a774000 r--s 00011000 fd:20 12058747                   /mnt/data-dir/hadoop-2.5.2/share/hadoop/hdfs/lib/jasper-runtime-5.5.23.jar
7fd40a774000-7fd40a7a3000 r--s 002a5000 fd:20 12058832                   /mnt/data-dir/hadoop-2.5.2/share/hadoop/common/hadoop-common-2.5.2.jar
7fd40a7a3000-7fd40a7bd000 r--s 00170000 fd:20 12058754                   /mnt/data-dir/hadoop-2.5.2/share/hadoop/common/hadoop-common-2.5.2-tests.jar
7fd40a7bd000-7fd40a7c1000 r--s 00021000 fd:20 12058831                   /mnt/data-dir/hadoop-2.5.2/share/hadoop/common/hadoop-nfs-2.5.2.jar
7fd40a7c1000-7fd40a7c6000 r--s 0003e000 fd:20 12058793                   /mnt/data-dir/hadoop-2.5.2/share/hadoop/common/lib/commons-net-3.1.jar
7fd40a7c6000-7fd40a7cb000 r--s 00036000 fd:20 12058800                   /mnt/data-dir/hadoop-2.5.2/share/hadoop/common/lib/commons-compress-1.4.1.jar
7fd40a7cb000-7fd40a7cd000 r--s 0000f000 fd:20 12058787                   /mnt/data-dir/hadoop-2.5.2/share/hadoop/common/lib/jettison-1.1.jar
7fd40a7cd000-7fd40a7cf000 r--s 00003000 fd:20 12058798                   /mnt/data-dir/hadoop-2.5.2/share/hadoop/common/lib/hadoop-annotations-2.5.2.jar
7fd40a7cf000-7fd40a7d4000 r--s 00041000 fd:20 12058822                   /mnt/data-dir/hadoop-2.5.2/share/hadoop/common/lib/commons-lang-2.6.jar
7fd40a7d4000-7fd40a7d7000 r--s 00016000 fd:20 12058774                   /mnt/data-dir/hadoop-2.5.2/share/hadoop/common/lib/jsp-api-2.1.jar
7fd40a7d7000-7fd40a7e5000 r--s 0007f000 fd:20 12058816                   /mnt/data-dir/hadoop-2.5.2/share/hadoop/common/lib/commons-collections-3.2.1.jar
7fd40a7e5000-7fd40a806000 r--s 00172000 fd:20 12058799                   /mnt/data-dir/hadoop-2.5.2/share/hadoop/common/lib/guava-11.0.2.jar
7fd40a806000-7fd40a80c000 r--s 00043000 fd:20 12058770                   /mnt/data-dir/hadoop-2.5.2/share/hadoop/common/lib/commons-configuration-1.6.jar
7fd40a80c000-7fd40a80e000 r--s 00012000 fd:20 12058804                   /mnt/data-dir/hadoop-2.5.2/share/hadoop/common/lib/api-util-1.0.0-M20.jar
7fd40a80e000-7fd40a80f000 r--s 00004000 fd:20 12058773                   /mnt/data-dir/hadoop-2.5.2/share/hadoop/common/lib/jackson-jaxrs-1.9.13.jar
7fd40a80f000-7fd40a81d000 r--s 000b1000 fd:20 12058789                   /mnt/data-dir/hadoop-2.5.2/share/hadoop/common/lib/jackson-mapper-asl-1.9.13.jar
7fd40a81d000-7fd40a82f000 r--s 0009d000 fd:20 12058788                   /mnt/data-dir/hadoop-2.5.2/share/hadoop/common/lib/jersey-server-1.9.jar
7fd40a82f000-7fd40a831000 r--s 00009000 fd:20 12058792                   /mnt/data-dir/hadoop-2.5.2/share/hadoop/common/lib/commons-cli-1.2.jar
7fd40a831000-7fd40a835000 r--s 00028000 fd:20 12058794                   /mnt/data-dir/hadoop-2.5.2/share/hadoop/common/lib/jetty-util-6.1.26.jar
7fd40a835000-7fd40a83a000 r--s 0002a000 fd:20 12058802                   /mnt/data-dir/hadoop-2.5.2/share/hadoop/common/lib/commons-beanutils-1.7.0.jar
7fd40a83a000-7fd40a83e000 r--s 00020000 fd:20 12058797                   /mnt/data-dir/hadoop-2.5.2/share/hadoop/common/lib/commons-digester-1.8.jar
7fd40a83e000-7fd40a840000 r--s 0000b000 fd:20 12058784                   /mnt/data-dir/hadoop-2.5.2/share/hadoop/common/lib/hadoop-auth-2.5.2.jar
7fd40a840000-7fd40a841000 r--s 0000a000 fd:20 12058810                   /mnt/data-dir/hadoop-2.5.2/share/hadoop/common/lib/asm-3.2.jar
7fd40a841000-7fd40a843000 r--s 00018000 fd:20 12058826                   /mnt/data-dir/hadoop-2.5.2/share/hadoop/common/lib/servlet-api-2.5.jar
7fd40a843000-7fd40a84a000 r--s 00044000 fd:20 12058790                   /mnt/data-dir/hadoop-2.5.2/share/hadoop/common/lib/avro-1.7.4.jar
7fd40a84a000-7fd40a851000 r--s 0007d000 fd:20 12058818                   /mnt/data-dir/hadoop-2.5.2/share/hadoop/common/lib/jetty-6.1.26.jar
7fd40a851000-7fd40a85a000 r--s 00061000 fd:20 12058779                   /mnt/data-dir/hadoop-2.5.2/share/hadoop/common/lib/httpclient-4.2.5.jar
7fd40a85a000-7fd40a86c000 r--s 00097000 fd:20 12058776                   /mnt/data-dir/hadoop-2.5.2/share/hadoop/common/lib/apacheds-kerberos-codec-2.0.0-M15.jar
7fd40a86c000-7fd40a86f000 r--s 00019000 fd:20 12058786                   /mnt/data-dir/hadoop-2.5.2/share/hadoop/common/lib/commons-el-1.0.jar
7fd40a86f000-7fd40a875000 r--s 00036000 fd:20 12058823                   /mnt/data-dir/hadoop-2.5.2/share/hadoop/common/lib/junit-4.11.jar
7fd40a875000-7fd40a876000 r--s 0000a000 fd:20 12058828                   /mnt/data-dir/hadoop-2.5.2/share/hadoop/common/lib/apacheds-i18n-2.0.0-M15.jar
7fd40a876000-7fd40a893000 r--s 0016a000 fd:20 12058817                   /mnt/data-dir/hadoop-2.5.2/share/hadoop/common/lib/commons-math3-3.1.1.jar
7fd40a893000-7fd40a895000 r--s 0000e000 fd:20 12058813                   /mnt/data-dir/hadoop-2.5.2/share/hadoop/common/lib/commons-logging-1.1.3.jar
7fd40a895000-7fd40a897000 r--s 0000e000 fd:20 12058772                   /mnt/data-dir/hadoop-2.5.2/share/hadoop/common/lib/activation-1.1.jar
7fd40a897000-7fd40a898000 r--s 00006000 fd:20 12058812                   /mnt/data-dir/hadoop-2.5.2/share/hadoop/common/lib/jackson-xc-1.9.13.jar
7fd40a898000-7fd40a89a000 r--s 0000d000 fd:20 12058791                   /mnt/data-dir/hadoop-2.5.2/share/hadoop/common/lib/commons-codec-1.4.jar
7fd40a89a000-7fd40a89d000 r--s 0002b000 fd:20 12058801                   /mnt/data-dir/hadoop-2.5.2/share/hadoop/common/lib/jsch-0.1.42.jar
7fd40a89d000-7fd40a8a1000 r--s 0002f000 fd:20 12058808                   /mnt/data-dir/hadoop-2.5.2/share/hadoop/common/lib/commons-beanutils-core-1.8.0.jar
7fd40a8a1000-7fd40a8a3000 r--s 00004000 fd:20 12058809                   /mnt/data-dir/hadoop-2.5.2/share/hadoop/common/lib/stax-api-1.0-2.jar
7fd40a8a3000-7fd40a8ad000 r--s 00066000 fd:20 12058803                   /mnt/data-dir/hadoop-2.5.2/share/hadoop/common/lib/jersey-core-1.9.jar
7fd40a8ad000-7fd40a8af000 r--s 00001000 fd:20 12058811                   /mnt/data-dir/hadoop-2.5.2/share/hadoop/common/lib/slf4j-log4j12-1.7.5.jar
7fd40a8af000-7fd40a8b8000 r--s 0006f000 fd:20 12058780                   /mnt/data-dir/hadoop-2.5.2/share/hadoop/common/lib/log4j-1.2.17.jar
7fd40a8b8000-7fd40a8c1000 r--s 0007b000 fd:20 12058781                   /mnt/data-dir/hadoop-2.5.2/share/hadoop/common/lib/jets3t-0.9.0.jar
7fd40a8c1000-7fd40a8c3000 r--s 00009000 fd:20 12058820                   /mnt/data-dir/hadoop-2.5.2/share/hadoop/common/lib/hamcrest-core-1.3.jar
7fd40a8c3000-7fd40a8cb000 r--s 0007b000 fd:20 12058795                   /mnt/data-dir/hadoop-2.5.2/share/hadoop/common/lib/protobuf-java-2.5.0.jar
7fd40a8cb000-7fd40a8cf000 r--s 00035000 fd:20 12058824                   /mnt/data-dir/hadoop-2.5.2/share/hadoop/common/lib/jackson-core-asl-1.9.13.jar
7fd40a8cf000-7fd40a8e6000 r--s 0010e000 fd:20 12058796                   /mnt/data-dir/hadoop-2.5.2/share/hadoop/common/lib/netty-3.6.2.Final.jar
7fd40a8e6000-7fd40a8ea000 r--s 0002a000 fd:20 12058777                   /mnt/data-dir/hadoop-2.5.2/share/hadoop/common/lib/commons-io-2.4.jar
7fd40a8ea000-7fd40a8ed000 r--s 00006000 fd:20 12058783                   /mnt/data-dir/hadoop-2.5.2/share/hadoop/common/lib/jsr305-1.3.9.jar
7fd40a8ed000-7fd40a8f3000 r--s 00032000 fd:20 12058827                   /mnt/data-dir/hadoop-2.5.2/share/hadoop/common/lib/httpcore-4.2.5.jar
7fd40a8f3000-7fd40a8f4000 ---p 00000000 00:00 0 
7fd40a8f4000-7fd40a9f4000 rw-p 00000000 00:00 0 
7fd40a9f4000-7fd40a9f7000 ---p 00000000 00:00 0 
7fd40a9f7000-7fd40aaf5000 rw-p 00000000 00:00 0 
7fd40aaf5000-7fd40aaf8000 ---p 00000000 00:00 0 
7fd40aaf8000-7fd40abf6000 rw-p 00000000 00:00 0 
7fd40abf6000-7fd40abf9000 ---p 00000000 00:00 0 
7fd40abf9000-7fd40acf7000 rw-p 00000000 00:00 0 
7fd40acf7000-7fd40acfa000 ---p 00000000 00:00 0 
7fd40acfa000-7fd40adf8000 rw-p 00000000 00:00 0 
7fd40adf8000-7fd40b0c1000 r--p 00000000 fc:00 136975                     /usr/lib/locale/locale-archive
7fd40b0c1000-7fd40b0c4000 ---p 00000000 00:00 0 
7fd40b0c4000-7fd40b1c2000 rw-p 00000000 00:00 0 
7fd40b1c2000-7fd40b1c5000 ---p 00000000 00:00 0 
7fd40b1c5000-7fd40b2c3000 rw-p 00000000 00:00 0 
7fd40b2c3000-7fd40b2c4000 ---p 00000000 00:00 0 
7fd40b2c4000-7fd40b413000 rw-p 00000000 00:00 0 
7fd40b413000-7fd40b5ec000 r--s 03d3e000 fc:00 158616                     /usr/lib/jvm/java-8-oracle/jre/lib/rt.jar
7fd40b5ec000-7fd40bebd000 rw-p 00000000 00:00 0 
7fd40bebd000-7fd40bec8000 rw-p 00000000 00:00 0 
7fd40bec8000-7fd40bf12000 ---p 00000000 00:00 0 
7fd40bf12000-7fd40bf27000 rw-p 00000000 00:00 0 
7fd40bf27000-7fd40bfbd000 ---p 00000000 00:00 0 
7fd40bfbd000-7fd40bfcb000 rw-p 00000000 00:00 0 
7fd40bfcb000-7fd40c37e000 ---p 00000000 00:00 0 
7fd40c37e000-7fd40c6be000 rwxp 00000000 00:00 0 
7fd40c6be000-7fd41b37e000 ---p 00000000 00:00 0 
7fd41b37e000-7fd41b398000 r-xp 00000000 fc:00 158477                     /usr/lib/jvm/java-8-oracle/jre/lib/amd64/libzip.so
7fd41b398000-7fd41b598000 ---p 0001a000 fc:00 158477                     /usr/lib/jvm/java-8-oracle/jre/lib/amd64/libzip.so
7fd41b598000-7fd41b599000 rw-p 0001a000 fc:00 158477                     /usr/lib/jvm/java-8-oracle/jre/lib/amd64/libzip.so
7fd41b599000-7fd41b5a3000 r-xp 00000000 fc:00 329                        /lib/x86_64-linux-gnu/libnss_files-2.19.so
7fd41b5a3000-7fd41b7a2000 ---p 0000a000 fc:00 329                        /lib/x86_64-linux-gnu/libnss_files-2.19.so
7fd41b7a2000-7fd41b7a3000 r--p 00009000 fc:00 329                        /lib/x86_64-linux-gnu/libnss_files-2.19.so
7fd41b7a3000-7fd41b7a4000 rw-p 0000a000 fc:00 329                        /lib/x86_64-linux-gnu/libnss_files-2.19.so
7fd41b7a4000-7fd41b7af000 r-xp 00000000 fc:00 333                        /lib/x86_64-linux-gnu/libnss_nis-2.19.so
7fd41b7af000-7fd41b9ae000 ---p 0000b000 fc:00 333                        /lib/x86_64-linux-gnu/libnss_nis-2.19.so
7fd41b9ae000-7fd41b9af000 r--p 0000a000 fc:00 333                        /lib/x86_64-linux-gnu/libnss_nis-2.19.so
7fd41b9af000-7fd41b9b0000 rw-p 0000b000 fc:00 333                        /lib/x86_64-linux-gnu/libnss_nis-2.19.so
7fd41b9b0000-7fd41b9c7000 r-xp 00000000 fc:00 323                        /lib/x86_64-linux-gnu/libnsl-2.19.so
7fd41b9c7000-7fd41bbc6000 ---p 00017000 fc:00 323                        /lib/x86_64-linux-gnu/libnsl-2.19.so
7fd41bbc6000-7fd41bbc7000 r--p 00016000 fc:00 323                        /lib/x86_64-linux-gnu/libnsl-2.19.so
7fd41bbc7000-7fd41bbc8000 rw-p 00017000 fc:00 323                        /lib/x86_64-linux-gnu/libnsl-2.19.so
7fd41bbc8000-7fd41bbca000 rw-p 00000000 00:00 0 
7fd41bbca000-7fd41bbd3000 r-xp 00000000 fc:00 325                        /lib/x86_64-linux-gnu/libnss_compat-2.19.so
7fd41bbd3000-7fd41bdd2000 ---p 00009000 fc:00 325                        /lib/x86_64-linux-gnu/libnss_compat-2.19.so
7fd41bdd2000-7fd41bdd3000 r--p 00008000 fc:00 325                        /lib/x86_64-linux-gnu/libnss_compat-2.19.so
7fd41bdd3000-7fd41bdd4000 rw-p 00009000 fc:00 325                        /lib/x86_64-linux-gnu/libnss_compat-2.19.so
7fd41bdd4000-7fd41bdff000 r-xp 00000000 fc:00 158494                     /usr/lib/jvm/java-8-oracle/jre/lib/amd64/libjava.so
7fd41bdff000-7fd41bffe000 ---p 0002b000 fc:00 158494                     /usr/lib/jvm/java-8-oracle/jre/lib/amd64/libjava.so
7fd41bffe000-7fd41c000000 rw-p 0002a000 fc:00 158494                     /usr/lib/jvm/java-8-oracle/jre/lib/amd64/libjava.so
7fd41c000000-7fd41d21f000 rw-p 00000000 00:00 0 
7fd41d21f000-7fd420000000 ---p 00000000 00:00 0 
7fd420000000-7fd420002000 r--s 00005000 fd:20 12058815                   /mnt/data-dir/hadoop-2.5.2/share/hadoop/common/lib/slf4j-api-1.7.5.jar
7fd420002000-7fd420006000 r--s 00021000 fd:20 12058814                   /mnt/data-dir/hadoop-2.5.2/share/hadoop/common/lib/jersey-json-1.9.jar
7fd420006000-7fd420007000 r--s 00003000 fd:20 12058829                   /mnt/data-dir/hadoop-2.5.2/share/hadoop/common/lib/xmlenc-0.52.jar
7fd420007000-7fd420008000 r--s 00004000 fd:20 12058785                   /mnt/data-dir/hadoop-2.5.2/share/hadoop/common/lib/java-xmlbuilder-0.4.jar
7fd420008000-7fd42001b000 r--s 000c7000 fd:20 12058775                   /mnt/data-dir/hadoop-2.5.2/share/hadoop/common/lib/jaxb-impl-2.2.3-1.jar
7fd42001b000-7fd42001d000 r--s 00003000 fd:20 12058805                   /mnt/data-dir/hadoop-2.5.2/share/hadoop/common/lib/api-asn1-api-1.0.0-M20.jar
7fd42001d000-7fd420020000 r--s 00017000 fd:20 12058821                   /mnt/data-dir/hadoop-2.5.2/share/hadoop/common/lib/jaxb-api-2.2.2.jar
7fd420020000-7fd420026000 r--s 00045000 fd:20 12058807                   /mnt/data-dir/hadoop-2.5.2/share/hadoop/common/lib/commons-httpclient-3.1.jar
7fd420026000-7fd420043000 r--s 0013e000 fd:20 12058825                   /mnt/data-dir/hadoop-2.5.2/share/hadoop/common/lib/mockito-all-1.8.5.jar
7fd420043000-7fd420050000 r-xp 00000000 fc:00 158491                     /usr/lib/jvm/java-8-oracle/jre/lib/amd64/libverify.so
7fd420050000-7fd42024f000 ---p 0000d000 fc:00 158491                     /usr/lib/jvm/java-8-oracle/jre/lib/amd64/libverify.so
7fd42024f000-7fd420251000 rw-p 0000c000 fc:00 158491                     /usr/lib/jvm/java-8-oracle/jre/lib/amd64/libverify.so
7fd420251000-7fd420258000 r-xp 00000000 fc:00 366                        /lib/x86_64-linux-gnu/librt-2.19.so
7fd420258000-7fd420457000 ---p 00007000 fc:00 366                        /lib/x86_64-linux-gnu/librt-2.19.so
7fd420457000-7fd420458000 r--p 00006000 fc:00 366                        /lib/x86_64-linux-gnu/librt-2.19.so
7fd420458000-7fd420459000 rw-p 00007000 fc:00 366                        /lib/x86_64-linux-gnu/librt-2.19.so
7fd420459000-7fd42055e000 r-xp 00000000 fc:00 308                        /lib/x86_64-linux-gnu/libm-2.19.so
7fd42055e000-7fd42075d000 ---p 00105000 fc:00 308                        /lib/x86_64-linux-gnu/libm-2.19.so
7fd42075d000-7fd42075e000 r--p 00104000 fc:00 308                        /lib/x86_64-linux-gnu/libm-2.19.so
7fd42075e000-7fd42075f000 rw-p 00105000 fc:00 308                        /lib/x86_64-linux-gnu/libm-2.19.so
7fd42075f000-7fd42142d000 r-xp 00000000 fc:00 158460                     /usr/lib/jvm/java-8-oracle/jre/lib/amd64/server/libjvm.so
7fd42142d000-7fd42162d000 ---p 00cce000 fc:00 158460                     /usr/lib/jvm/java-8-oracle/jre/lib/amd64/server/libjvm.so
7fd42162d000-7fd421706000 rw-p 00cce000 fc:00 158460                     /usr/lib/jvm/java-8-oracle/jre/lib/amd64/server/libjvm.so
7fd421706000-7fd421751000 rw-p 00000000 00:00 0 
7fd421751000-7fd42190b000 r-xp 00000000 fc:00 270                        /lib/x86_64-linux-gnu/libc-2.19.so
7fd42190b000-7fd421b0b000 ---p 001ba000 fc:00 270                        /lib/x86_64-linux-gnu/libc-2.19.so
7fd421b0b000-7fd421b0f000 r--p 001ba000 fc:00 270                        /lib/x86_64-linux-gnu/libc-2.19.so
7fd421b0f000-7fd421b11000 rw-p 001be000 fc:00 270                        /lib/x86_64-linux-gnu/libc-2.19.so
7fd421b11000-7fd421b16000 rw-p 00000000 00:00 0 
7fd421b16000-7fd421b19000 r-xp 00000000 fc:00 286                        /lib/x86_64-linux-gnu/libdl-2.19.so
7fd421b19000-7fd421d18000 ---p 00003000 fc:00 286                        /lib/x86_64-linux-gnu/libdl-2.19.so
7fd421d18000-7fd421d19000 r--p 00002000 fc:00 286                        /lib/x86_64-linux-gnu/libdl-2.19.so
7fd421d19000-7fd421d1a000 rw-p 00003000 fc:00 286                        /lib/x86_64-linux-gnu/libdl-2.19.so
7fd421d1a000-7fd421d2f000 r-xp 00000000 fc:00 158518                     /usr/lib/jvm/java-8-oracle/jre/lib/amd64/jli/libjli.so
7fd421d2f000-7fd421f2f000 ---p 00015000 fc:00 158518                     /usr/lib/jvm/java-8-oracle/jre/lib/amd64/jli/libjli.so
7fd421f2f000-7fd421f30000 rw-p 00015000 fc:00 158518                     /usr/lib/jvm/java-8-oracle/jre/lib/amd64/jli/libjli.so
7fd421f30000-7fd421f49000 r-xp 00000000 fc:00 360                        /lib/x86_64-linux-gnu/libpthread-2.19.so
7fd421f49000-7fd422148000 ---p 00019000 fc:00 360                        /lib/x86_64-linux-gnu/libpthread-2.19.so
7fd422148000-7fd422149000 r--p 00018000 fc:00 360                        /lib/x86_64-linux-gnu/libpthread-2.19.so
7fd422149000-7fd42214a000 rw-p 00019000 fc:00 360                        /lib/x86_64-linux-gnu/libpthread-2.19.so
7fd42214a000-7fd42214e000 rw-p 00000000 00:00 0 
7fd42214e000-7fd422171000 r-xp 00000000 fc:00 250                        /lib/x86_64-linux-gnu/ld-2.19.so
7fd422171000-7fd422175000 r--s 00014000 fd:20 12058806                   /mnt/data-dir/hadoop-2.5.2/share/hadoop/common/lib/xz-1.0.jar
7fd422175000-7fd42217a000 r--s 0005f000 fd:20 12058771                   /mnt/data-dir/hadoop-2.5.2/share/hadoop/common/lib/jasper-compiler-5.5.23.jar
7fd42217a000-7fd422186000 r--s 000b6000 fd:20 12058782                   /mnt/data-dir/hadoop-2.5.2/share/hadoop/common/lib/zookeeper-3.4.6.jar
7fd422186000-7fd422188000 r--s 000f2000 fd:20 12058819                   /mnt/data-dir/hadoop-2.5.2/share/hadoop/common/lib/snappy-java-1.0.4.1.jar
7fd422188000-7fd42218a000 r--s 00006000 fd:20 12058778                   /mnt/data-dir/hadoop-2.5.2/share/hadoop/common/lib/paranamer-2.3.jar
7fd42218a000-7fd4221c7000 rw-p 00000000 00:00 0 
7fd4221c7000-7fd42225d000 ---p 00000000 00:00 0 
7fd42225d000-7fd422260000 ---p 00000000 00:00 0 
7fd422260000-7fd422362000 rw-p 00000000 00:00 0 
7fd422362000-7fd422364000 r--s 00011000 fd:20 12058830                   /mnt/data-dir/hadoop-2.5.2/share/hadoop/common/lib/jasper-runtime-5.5.23.jar
7fd422364000-7fd42236c000 rw-s 00000000 fc:00 177389                     /tmp/hsperfdata_krose1/10435
7fd42236c000-7fd42236d000 rw-p 00000000 00:00 0 
7fd42236d000-7fd42236e000 ---p 00000000 00:00 0 
7fd42236e000-7fd422370000 rw-p 00000000 00:00 0 
7fd422370000-7fd422371000 r--p 00022000 fc:00 250                        /lib/x86_64-linux-gnu/ld-2.19.so
7fd422371000-7fd422372000 rw-p 00023000 fc:00 250                        /lib/x86_64-linux-gnu/ld-2.19.so
7fd422372000-7fd422373000 rw-p 00000000 00:00 0 
7ffeae426000-7ffeae448000 rw-p 00000000 00:00 0                          [stack]
7ffeae50b000-7ffeae50d000 r--p 00000000 00:00 0                          [vvar]
7ffeae50d000-7ffeae50f000 r-xp 00000000 00:00 0                          [vdso]
ffffffffff600000-ffffffffff601000 r-xp 00000000 00:00 0                  [vsyscall]

VM Arguments:
jvm_args: -Xmx1000m -Djava.net.preferIPv4Stack=true -Dhadoop.log.dir=/mnt/logs -Dhadoop.log.file=hadoop.log -Dhadoop.home.dir=/mnt/data-dir/hadoop-2.5.2 -Dhadoop.id.str=krose1 -Dhadoop.root.logger=INFO,console -Djava.library.path=/mnt/data-dir/hadoop-2.5.2/lib/native -Dhadoop.policy.file=hadoop-policy.xml -Djava.net.preferIPv4Stack=true -Xmx512m -Dhadoop.security.logger=INFO,NullAppender 
java_command: org.apache.hadoop.util.RunJar mt.jar MaxTemperatureWithMapOutputCompression /user/root/ncdc/90and92/1990and1992.txt.bz2 /user/krose1/output/week07/intermcompression/withcombiner/bz/two/03
java_class_path (initial): /mnt/data-dir/hadoop-2.5.2/etc/hadoop:/mnt/data-dir/hadoop-2.5.2/share/hadoop/common/lib/jasper-runtime-5.5.23.jar:/mnt/data-dir/hadoop-2.5.2/share/hadoop/common/lib/mockito-all-1.8.5.jar:/mnt/data-dir/hadoop-2.5.2/share/hadoop/common/lib/paranamer-2.3.jar:/mnt/data-dir/hadoop-2.5.2/share/hadoop/common/lib/snappy-java-1.0.4.1.jar:/mnt/data-dir/hadoop-2.5.2/share/hadoop/common/lib/zookeeper-3.4.6.jar:/mnt/data-dir/hadoop-2.5.2/share/hadoop/common/lib/jasper-compiler-5.5.23.jar:/mnt/data-dir/hadoop-2.5.2/share/hadoop/common/lib/commons-httpclient-3.1.jar:/mnt/data-dir/hadoop-2.5.2/share/hadoop/common/lib/xz-1.0.jar:/mnt/data-dir/hadoop-2.5.2/share/hadoop/common/lib/jaxb-api-2.2.2.jar:/mnt/data-dir/hadoop-2.5.2/share/hadoop/common/lib/api-asn1-api-1.0.0-M20.jar:/mnt/data-dir/hadoop-2.5.2/share/hadoop/common/lib/jaxb-impl-2.2.3-1.jar:/mnt/data-dir/hadoop-2.5.2/share/hadoop/common/lib/java-xmlbuilder-0.4.jar:/mnt/data-dir/hadoop-2.5.2/share/hadoop/common/lib/xmlenc-0.52.jar:/mnt/data-dir/hadoop-2.5.2/share/hadoop/common/lib/jersey-json-1.9.jar:/mnt/data-dir/hadoop-2.5.2/share/hadoop/common/lib/httpcore-4.2.5.jar:/mnt/data-dir/hadoop-2.5.2/share/hadoop/common/lib/jsr305-1.3.9.jar:/mnt/data-dir/hadoop-2.5.2/share/hadoop/common/lib/commons-io-2.4.jar:/mnt/data-dir/hadoop-2.5.2/share/hadoop/common/lib/netty-3.6.2.Final.jar:/mnt/data-dir/hadoop-2.5.2/share/hadoop/common/lib/jackson-core-asl-1.9.13.jar:/mnt/data-dir/hadoop-2.5.2/share/hadoop/common/lib/slf4j-api-1.7.5.jar:/mnt/data-dir/hadoop-2.5.2/share/hadoop/common/lib/protobuf-java-2.5.0.jar:/mnt/data-dir/hadoop-2.5.2/share/hadoop/common/lib/hamcrest-core-1.3.jar:/mnt/data-dir/hadoop-2.5.2/share/hadoop/common/lib/jets3t-0.9.0.jar:/mnt/data-dir/hadoop-2.5.2/share/hadoop/common/lib/log4j-1.2.17.jar:/mnt/data-dir/hadoop-2.5.2/share/hadoop/common/lib/slf4j-log4j12-1.7.5.jar:/mnt/data-dir/hadoop-2.5.2/share/hadoop/common/lib/jersey-core-1.9.jar:/mnt/data-dir/hadoop-2.5.2/share/hadoop/common/lib/stax
Launcher Type: SUN_STANDARD

Environment Variables:
JAVA_HOME=/usr
CLASSPATH=/mnt/data-dir/hadoop-2.5.2/etc/hadoop:/mnt/data-dir/hadoop-2.5.2/share/hadoop/common/lib/*:/mnt/data-dir/hadoop-2.5.2/share/hadoop/common/*:/mnt/data-dir/hadoop-2.5.2/share/hadoop/hdfs:/mnt/data-dir/hadoop-2.5.2/share/hadoop/hdfs/lib/*:/mnt/data-dir/hadoop-2.5.2/share/hadoop/hdfs/*:/mnt/data-dir/hadoop-2.5.2/share/hadoop/yarn/lib/*:/mnt/data-dir/hadoop-2.5.2/share/hadoop/yarn/*:/mnt/data-dir/hadoop-2.5.2/share/hadoop/mapreduce/lib/*:/mnt/data-dir/hadoop-2.5.2/share/hadoop/mapreduce/*:/usr/lib/jvm/java-8-oracle/lib/tools.jar:/mnt/data-dir/hadoop-2.5.2/contrib/capacity-scheduler/*.jar
PATH=/sbin:/usr/sbin:/bin:/usr/bin:/mnt/data-dir/hadoop-2.5.2/bin:/mnt/data-dir/hadoop-2.5.2/sbin:/usr/local/bin
LD_LIBRARY_PATH=:/mnt/data-dir/hadoop-2.5.2/lib/native
SHELL=/bin/bash

Signal Handlers:
SIGSEGV: [libjvm.so+0xac78c0], sa_mask[0]=11111111011111111101111111111110, sa_flags=SA_RESTART|SA_SIGINFO
SIGBUS: [libjvm.so+0xac78c0], sa_mask[0]=11111111011111111101111111111110, sa_flags=SA_RESTART|SA_SIGINFO
SIGFPE: [libjvm.so+0x920ac0], sa_mask[0]=11111111011111111101111111111110, sa_flags=SA_RESTART|SA_SIGINFO
SIGPIPE: [libjvm.so+0x920ac0], sa_mask[0]=11111111011111111101111111111110, sa_flags=SA_RESTART|SA_SIGINFO
SIGXFSZ: [libjvm.so+0x920ac0], sa_mask[0]=11111111011111111101111111111110, sa_flags=SA_RESTART|SA_SIGINFO
SIGILL: [libjvm.so+0x920ac0], sa_mask[0]=11111111011111111101111111111110, sa_flags=SA_RESTART|SA_SIGINFO
SIGUSR1: SIG_DFL, sa_mask[0]=00000000000000000000000000000000, sa_flags=none
SIGUSR2: [libjvm.so+0x922300], sa_mask[0]=00000000000000000000000000000000, sa_flags=SA_RESTART|SA_SIGINFO
SIGHUP: [libjvm.so+0x923700], sa_mask[0]=11111111011111111101111111111110, sa_flags=SA_RESTART|SA_SIGINFO
SIGINT: [libjvm.so+0x923700], sa_mask[0]=11111111011111111101111111111110, sa_flags=SA_RESTART|SA_SIGINFO
SIGTERM: [libjvm.so+0x923700], sa_mask[0]=11111111011111111101111111111110, sa_flags=SA_RESTART|SA_SIGINFO
SIGQUIT: [libjvm.so+0x923700], sa_mask[0]=11111111011111111101111111111110, sa_flags=SA_RESTART|SA_SIGINFO


---------------  S Y S T E M  ---------------

OS:DISTRIB_ID=Ubuntu
DISTRIB_RELEASE=14.04
DISTRIB_CODENAME=trusty
DISTRIB_DESCRIPTION="Ubuntu 14.04.5 LTS"

uname:Linux 4.4.0-31-generic #50~14.04.1-Ubuntu SMP Wed Jul 13 01:07:32 UTC 2016 x86_64
libc:glibc 2.19 NPTL 2.19 
rlimit: STACK 8192k, CORE 0k, NPROC 15718, NOFILE 4096, AS infinity
load average:8.36 4.85 2.59

/proc/meminfo:
MemTotal:        4047016 kB
MemFree:           86920 kB
MemAvailable:          0 kB
Buffers:             516 kB
Cached:             9248 kB
SwapCached:          836 kB
Active:          3033396 kB
Inactive:         779216 kB
Active(anon):    3027864 kB
Inactive(anon):   775392 kB
Active(file):       5532 kB
Inactive(file):     3824 kB
Unevictable:           0 kB
Mlocked:               0 kB
SwapTotal:        524284 kB
SwapFree:              0 kB
Dirty:                72 kB
Writeback:             0 kB
AnonPages:       3802272 kB
Mapped:             7624 kB
Shmem:               184 kB
Slab:              53916 kB
SReclaimable:      21700 kB
SUnreclaim:        32216 kB
KernelStack:       14480 kB
PageTables:        52988 kB
NFS_Unstable:          0 kB
Bounce:                0 kB
WritebackTmp:          0 kB
CommitLimit:     2547792 kB
Committed_AS:    5816280 kB
VmallocTotal:   34359738367 kB
VmallocUsed:           0 kB
VmallocChunk:          0 kB
HardwareCorrupted:     0 kB
AnonHugePages:   1507328 kB
CmaTotal:              0 kB
CmaFree:               0 kB
HugePages_Total:       0
HugePages_Free:        0
HugePages_Rsvd:        0
HugePages_Surp:        0
Hugepagesize:       2048 kB
DirectMap4k:       40948 kB
DirectMap2M:     4153344 kB


CPU:total 1 (1 cores per cpu, 1 threads per core) family 6 model 13 stepping 3, cmov, cx8, fxsr, mmx, sse, sse2, sse3, tsc

/proc/cpuinfo:
processor	: 0
vendor_id	: GenuineIntel
cpu family	: 6
model		: 13
model name	: QEMU Virtual CPU version (cpu64-rhel6)
stepping	: 3
microcode	: 0x1
cpu MHz		: 2400.084
cache size	: 4096 KB
physical id	: 0
siblings	: 1
core id		: 0
cpu cores	: 1
apicid		: 0
initial apicid	: 0
fpu		: yes
fpu_exception	: yes
cpuid level	: 4
wp		: yes
flags		: fpu de pse tsc msr pae mce cx8 apic sep mtrr pge mca cmov pse36 clflush mmx fxsr sse sse2 syscall nx lm nopl pni cx16 hypervisor lahf_lm
bugs		:
bogomips	: 4800.16
clflush size	: 64
cache_alignment	: 64
address sizes	: 40 bits physical, 48 bits virtual
power management:



Memory: 4k page, physical 4047016k(87448k free), swap 524284k(0k free)

vm_info: Java HotSpot(TM) 64-Bit Server VM (25.121-b13) for linux-amd64 JRE (1.8.0_121-b13), built on Dec 12 2016 16:36:53 by "java_re" with gcc 4.3.0 20080428 (Red Hat 4.3.0-8)

time: Tue Mar  7 23:56:32 2017
elapsed time: 16 seconds (0d 0h 0m 16s)

