#
# There is insufficient memory for the Java Runtime Environment to continue.
# Native memory allocation (mmap) failed to map 65536 bytes for committing reserved memory.
# Possible reasons:
#   The system is out of physical RAM or swap space
#   In 32 bit mode, the process size limit was hit
# Possible solutions:
#   Reduce memory load on the system
#   Increase physical memory or swap space
#   Check if swap backing store is full
#   Use 64 bit Java on a 64 bit OS
#   Decrease Java heap size (-Xmx/-Xms)
#   Decrease number of Java threads
#   Decrease Java thread stack sizes (-Xss)
#   Set larger code cache with -XX:ReservedCodeCacheSize=
# This output file may be truncated or incomplete.
#
#  Out of Memory Error (os_linux.cpp:2627), pid=10329, tid=0x00007fa71c102700
#
# JRE version: Java(TM) SE Runtime Environment (8.0_121-b13) (build 1.8.0_121-b13)
# Java VM: Java HotSpot(TM) 64-Bit Server VM (25.121-b13 mixed mode linux-amd64 compressed oops)
# Failed to write core dump. Core dumps have been disabled. To enable core dumping, try "ulimit -c unlimited" before starting Java again
#

---------------  T H R E A D  ---------------

Current thread (0x00007fa72c0b6000):  JavaThread "C2 CompilerThread0" daemon [_thread_in_vm, id=10346, stack(0x00007fa71c002000,0x00007fa71c103000)]

Stack: [0x00007fa71c002000,0x00007fa71c103000],  sp=0x00007fa71c0fe210,  free space=1008k
Native frames: (J=compiled Java code, j=interpreted, Vv=VM code, C=native code)
V  [libjvm.so+0xac703a]  VMError::report_and_die()+0x2ba
V  [libjvm.so+0x4fc7eb]  report_vm_out_of_memory(char const*, int, unsigned long, VMErrorType, char const*)+0x8b
V  [libjvm.so+0x923c43]  os::Linux::commit_memory_impl(char*, unsigned long, bool)+0x103
V  [libjvm.so+0x924199]  os::pd_commit_memory(char*, unsigned long, unsigned long, bool)+0x29
V  [libjvm.so+0x91e4aa]  os::commit_memory(char*, unsigned long, unsigned long, bool)+0x2a
V  [libjvm.so+0xac2d99]  VirtualSpace::expand_by(unsigned long, bool)+0x199
V  [libjvm.so+0x61ad7c]  CodeHeap::expand_by(unsigned long)+0x8c
V  [libjvm.so+0x4805c0]  CodeCache::allocate(int, bool)+0x60
V  [libjvm.so+0x47b265]  BufferBlob::create(char const*, int)+0x95
V  [libjvm.so+0x47f2ca]  CodeBuffer::initialize(int, int)+0x1a
V  [libjvm.so+0x935ef8]  Compile::init_buffer(unsigned int*)+0x208
V  [libjvm.so+0x93bd01]  Compile::Output()+0x381
V  [libjvm.so+0x4a319b]  Compile::Code_Gen()+0x31b
V  [libjvm.so+0x4a5961]  Compile::Compile(ciEnv*, C2Compiler*, ciMethod*, int, bool, bool, bool)+0x14b1
V  [libjvm.so+0x3f2615]  C2Compiler::compile_method(ciEnv*, ciMethod*, int)+0x1f5
V  [libjvm.so+0x4afeaa]  CompileBroker::invoke_compiler_on_method(CompileTask*)+0xc9a
V  [libjvm.so+0x4b0e56]  CompileBroker::compiler_thread_loop()+0x5d6
V  [libjvm.so+0xa75543]  JavaThread::thread_main_inner()+0x103
V  [libjvm.so+0xa7568c]  JavaThread::run()+0x11c
V  [libjvm.so+0x926268]  java_start(Thread*)+0x108
C  [libpthread.so.0+0x8184]  start_thread+0xc4


Current CompileTask:
C2:  29966 1881       4       sun.misc.URLClassPath::getResource (83 bytes)


---------------  P R O C E S S  ---------------

Java Threads: ( => current thread )
  0x00007fa72cae6800 JavaThread "LeaseRenewer:krose1@euca-192-168-166-50.eucalyptus.internal" daemon [_thread_blocked, id=10460, stack(0x00007fa7155b5000,0x00007fa7156b6000)]
  0x00007fa72cd45800 JavaThread "IPC Parameter Sending Thread #0" daemon [_thread_blocked, id=10432, stack(0x00007fa715f21000,0x00007fa716022000)]
  0x00007fa72cd44000 JavaThread "IPC Client (1095293768) connection to euca-192-168-166-50.eucalyptus.internal/192.168.166.50:8020 from krose1" daemon [_thread_blocked, id=10431, stack(0x00007fa716022000,0x00007fa716123000)]
  0x00007fa72cfbe800 JavaThread "Thread-3" daemon [_thread_in_native, id=10403, stack(0x00007fa716d55000,0x00007fa716e56000)]
  0x00007fa72cb2c000 JavaThread "process reaper" daemon [_thread_blocked, id=10397, stack(0x00007fa716e56000,0x00007fa716e8f000)]
  0x00007fa72c0bd000 JavaThread "Service Thread" daemon [_thread_blocked, id=10348, stack(0x00007fa717b35000,0x00007fa717c36000)]
  0x00007fa72c0b8000 JavaThread "C1 CompilerThread1" daemon [_thread_blocked, id=10347, stack(0x00007fa717c36000,0x00007fa717d37000)]
=>0x00007fa72c0b6000 JavaThread "C2 CompilerThread0" daemon [_thread_in_vm, id=10346, stack(0x00007fa71c002000,0x00007fa71c103000)]
  0x00007fa72c0b4800 JavaThread "Signal Dispatcher" daemon [_thread_blocked, id=10345, stack(0x00007fa71c103000,0x00007fa71c204000)]
  0x00007fa72c081000 JavaThread "Finalizer" daemon [_thread_blocked, id=10344, stack(0x00007fa71c204000,0x00007fa71c305000)]
  0x00007fa72c07c800 JavaThread "Reference Handler" daemon [_thread_blocked, id=10343, stack(0x00007fa71c305000,0x00007fa71c406000)]
  0x00007fa72c010800 JavaThread "main" [_thread_in_vm, id=10341, stack(0x00007fa733373000,0x00007fa733474000)]

Other Threads:
  0x00007fa72c075000 VMThread [stack: 0x00007fa71c406000,0x00007fa71c507000] [id=10342]
  0x00007fa72c0c2000 WatcherThread [stack: 0x00007fa717a34000,0x00007fa717b35000] [id=10349]

VM state:not at safepoint (normal execution)

VM Mutex/Monitor currently owned by a thread:  ([mutex/lock_event])
[0x00007fa72c00bfb0] CodeCache_lock - owner thread: 0x00007fa72c0b6000
[0x00007fa72c00d630] Compile_lock - owner thread: 0x00007fa72c010800

Heap:
 def new generation   total 19136K, used 8076K [0x00000000e0000000, 0x00000000e14c0000, 0x00000000eaaa0000)
  eden space 17024K,  40% used [0x00000000e0000000, 0x00000000e06c4310, 0x00000000e10a0000)
  from space 2112K,  54% used [0x00000000e10a0000, 0x00000000e11bf0a0, 0x00000000e12b0000)
  to   space 2112K,   0% used [0x00000000e12b0000, 0x00000000e12b0000, 0x00000000e14c0000)
 tenured generation   total 42368K, used 7355K [0x00000000eaaa0000, 0x00000000ed400000, 0x0000000100000000)
   the space 42368K,  17% used [0x00000000eaaa0000, 0x00000000eb1cef90, 0x00000000eb1cf000, 0x00000000ed400000)
 Metaspace       used 24117K, capacity 24360K, committed 24576K, reserved 1071104K
  class space    used 2741K, capacity 2803K, committed 2816K, reserved 1048576K

Card table byte_map: [0x00007fa730016000,0x00007fa730117000] byte_map_base: 0x00007fa72f916000

Polling page: 0x00007fa733483000

CodeCache: size=245760Kb used=5387Kb max_used=5448Kb free=240372Kb
 bounds [0x00007fa71d000000, 0x00007fa71d560000, 0x00007fa72c000000]
 total_blobs=2115 nmethods=1680 adapters=348
 compilation: enabled

Compilation events (10 events):
Event: 29.403 Thread 0x00007fa72c0b8000 1910       3       com.google.protobuf.DescriptorProtos$FieldDescriptorProto::hasExtendee (18 bytes)
Event: 29.404 Thread 0x00007fa72c0b8000 nmethod 1910 0x00007fa71d3c8550 code [0x00007fa71d3c86c0, 0x00007fa71d3c8870]
Event: 29.404 Thread 0x00007fa72c0b8000 1911       1       com.google.protobuf.DescriptorProtos$FieldDescriptorProto::getLabel (5 bytes)
Event: 29.404 Thread 0x00007fa72c0b8000 nmethod 1911 0x00007fa71d3c8290 code [0x00007fa71d3c83e0, 0x00007fa71d3c84f0]
Event: 29.404 Thread 0x00007fa72c0b8000 1912       1       com.google.protobuf.Descriptors$FieldDescriptor::getContainingType (5 bytes)
Event: 29.404 Thread 0x00007fa72c0b8000 nmethod 1912 0x00007fa71d3c7f90 code [0x00007fa71d3c80e0, 0x00007fa71d3c81f0]
Event: 29.404 Thread 0x00007fa72c0b8000 1913       1       com.google.protobuf.DescriptorProtos$DescriptorProto::getOptions (5 bytes)
Event: 29.404 Thread 0x00007fa72c0b8000 nmethod 1913 0x00007fa71d192bd0 code [0x00007fa71d192d20, 0x00007fa71d192e30]
Event: 29.404 Thread 0x00007fa72c0b8000 1914       1       com.google.protobuf.DescriptorProtos$MessageOptions::getMessageSetWireFormat (5 bytes)
Event: 29.404 Thread 0x00007fa72c0b8000 nmethod 1914 0x00007fa71d192910 code [0x00007fa71d192a60, 0x00007fa71d192b70]

GC Heap History (10 events):
Event: 11.918 GC heap before
{Heap before GC invocations=6 (full 0):
 def new generation   total 19008K, used 18390K [0x00000000e0000000, 0x00000000e14a0000, 0x00000000eaaa0000)
  eden space 16896K, 100% used [0x00000000e0000000, 0x00000000e1080000, 0x00000000e1080000)
  from space 2112K,  70% used [0x00000000e1080000, 0x00000000e11f59a8, 0x00000000e1290000)
  to   space 2112K,   0% used [0x00000000e1290000, 0x00000000e1290000, 0x00000000e14a0000)
 tenured generation   total 42368K, used 3988K [0x00000000eaaa0000, 0x00000000ed400000, 0x0000000100000000)
   the space 42368K,   9% used [0x00000000eaaa0000, 0x00000000eae853d8, 0x00000000eae85400, 0x00000000ed400000)
 Metaspace       used 16920K, capacity 17152K, committed 17408K, reserved 1064960K
  class space    used 1948K, capacity 2023K, committed 2048K, reserved 1048576K
Event: 11.946 GC heap after
Heap after GC invocations=7 (full 0):
 def new generation   total 19008K, used 1099K [0x00000000e0000000, 0x00000000e14a0000, 0x00000000eaaa0000)
  eden space 16896K,   0% used [0x00000000e0000000, 0x00000000e0000000, 0x00000000e1080000)
  from space 2112K,  52% used [0x00000000e1290000, 0x00000000e13a2f38, 0x00000000e14a0000)
  to   space 2112K,   0% used [0x00000000e1080000, 0x00000000e1080000, 0x00000000e1290000)
 tenured generation   total 42368K, used 4284K [0x00000000eaaa0000, 0x00000000ed400000, 0x0000000100000000)
   the space 42368K,  10% used [0x00000000eaaa0000, 0x00000000eaecf368, 0x00000000eaecf400, 0x00000000ed400000)
 Metaspace       used 16920K, capacity 17152K, committed 17408K, reserved 1064960K
  class space    used 1948K, capacity 2023K, committed 2048K, reserved 1048576K
}
Event: 15.426 GC heap before
{Heap before GC invocations=7 (full 0):
 def new generation   total 19008K, used 17995K [0x00000000e0000000, 0x00000000e14a0000, 0x00000000eaaa0000)
  eden space 16896K, 100% used [0x00000000e0000000, 0x00000000e1080000, 0x00000000e1080000)
  from space 2112K,  52% used [0x00000000e1290000, 0x00000000e13a2f38, 0x00000000e14a0000)
  to   space 2112K,   0% used [0x00000000e1080000, 0x00000000e1080000, 0x00000000e1290000)
 tenured generation   total 42368K, used 4284K [0x00000000eaaa0000, 0x00000000ed400000, 0x0000000100000000)
   the space 42368K,  10% used [0x00000000eaaa0000, 0x00000000eaecf368, 0x00000000eaecf400, 0x00000000ed400000)
 Metaspace       used 19716K, capacity 19924K, committed 19968K, reserved 1067008K
  class space    used 2229K, capacity 2286K, committed 2304K, reserved 1048576K
Event: 15.471 GC heap after
Heap after GC invocations=8 (full 0):
 def new generation   total 19008K, used 2110K [0x00000000e0000000, 0x00000000e14a0000, 0x00000000eaaa0000)
  eden space 16896K,   0% used [0x00000000e0000000, 0x00000000e0000000, 0x00000000e1080000)
  from space 2112K,  99% used [0x00000000e1080000, 0x00000000e128fb98, 0x00000000e1290000)
  to   space 2112K,   0% used [0x00000000e1290000, 0x00000000e1290000, 0x00000000e14a0000)
 tenured generation   total 42368K, used 4507K [0x00000000eaaa0000, 0x00000000ed400000, 0x0000000100000000)
   the space 42368K,  10% used [0x00000000eaaa0000, 0x00000000eaf06d30, 0x00000000eaf06e00, 0x00000000ed400000)
 Metaspace       used 19716K, capacity 19924K, committed 19968K, reserved 1067008K
  class space    used 2229K, capacity 2286K, committed 2304K, reserved 1048576K
}
Event: 19.633 GC heap before
{Heap before GC invocations=8 (full 0):
 def new generation   total 19008K, used 13747K [0x00000000e0000000, 0x00000000e14a0000, 0x00000000eaaa0000)
  eden space 16896K,  68% used [0x00000000e0000000, 0x00000000e0b5d1e0, 0x00000000e1080000)
  from space 2112K,  99% used [0x00000000e1080000, 0x00000000e128fb98, 0x00000000e1290000)
  to   space 2112K,   0% used [0x00000000e1290000, 0x00000000e1290000, 0x00000000e14a0000)
 tenured generation   total 42368K, used 4507K [0x00000000eaaa0000, 0x00000000ed400000, 0x0000000100000000)
   the space 42368K,  10% used [0x00000000eaaa0000, 0x00000000eaf06d30, 0x00000000eaf06e00, 0x00000000ed400000)
 Metaspace       used 20922K, capacity 21122K, committed 21248K, reserved 1069056K
  class space    used 2369K, capacity 2450K, committed 2560K, reserved 1048576K
Event: 20.007 GC heap after
Heap after GC invocations=9 (full 1):
 def new generation   total 19136K, used 0K [0x00000000e0000000, 0x00000000e14c0000, 0x00000000eaaa0000)
  eden space 17024K,   0% used [0x00000000e0000000, 0x00000000e0000000, 0x00000000e10a0000)
  from space 2112K,   0% used [0x00000000e10a0000, 0x00000000e10a0000, 0x00000000e12b0000)
  to   space 2112K,   0% used [0x00000000e12b0000, 0x00000000e12b0000, 0x00000000e14c0000)
 tenured generation   total 42368K, used 7126K [0x00000000eaaa0000, 0x00000000ed400000, 0x0000000100000000)
   the space 42368K,  16% used [0x00000000eaaa0000, 0x00000000eb195b90, 0x00000000eb195c00, 0x00000000ed400000)
 Metaspace       used 20922K, capacity 21122K, committed 21248K, reserved 1069056K
  class space    used 2369K, capacity 2450K, committed 2560K, reserved 1048576K
}
Event: 23.738 GC heap before
{Heap before GC invocations=9 (full 1):
 def new generation   total 19136K, used 17024K [0x00000000e0000000, 0x00000000e14c0000, 0x00000000eaaa0000)
  eden space 17024K, 100% used [0x00000000e0000000, 0x00000000e10a0000, 0x00000000e10a0000)
  from space 2112K,   0% used [0x00000000e10a0000, 0x00000000e10a0000, 0x00000000e12b0000)
  to   space 2112K,   0% used [0x00000000e12b0000, 0x00000000e12b0000, 0x00000000e14c0000)
 tenured generation   total 42368K, used 7126K [0x00000000eaaa0000, 0x00000000ed400000, 0x0000000100000000)
   the space 42368K,  16% used [0x00000000eaaa0000, 0x00000000eb195b90, 0x00000000eb195c00, 0x00000000ed400000)
 Metaspace       used 22016K, capacity 22280K, committed 22656K, reserved 1069056K
  class space    used 2502K, capacity 2579K, committed 2688K, reserved 1048576K
Event: 23.763 GC heap after
Heap after GC invocations=10 (full 1):
 def new generation   total 19136K, used 1344K [0x00000000e0000000, 0x00000000e14c0000, 0x00000000eaaa0000)
  eden space 17024K,   0% used [0x00000000e0000000, 0x00000000e0000000, 0x00000000e10a0000)
  from space 2112K,  63% used [0x00000000e12b0000, 0x00000000e14002d8, 0x00000000e14c0000)
  to   space 2112K,   0% used [0x00000000e10a0000, 0x00000000e10a0000, 0x00000000e12b0000)
 tenured generation   total 42368K, used 7126K [0x00000000eaaa0000, 0x00000000ed400000, 0x0000000100000000)
   the space 42368K,  16% used [0x00000000eaaa0000, 0x00000000eb195b90, 0x00000000eb195c00, 0x00000000ed400000)
 Metaspace       used 22016K, capacity 22280K, committed 22656K, reserved 1069056K
  class space    used 2502K, capacity 2579K, committed 2688K, reserved 1048576K
}
Event: 27.321 GC heap before
{Heap before GC invocations=10 (full 1):
 def new generation   total 19136K, used 18368K [0x00000000e0000000, 0x00000000e14c0000, 0x00000000eaaa0000)
  eden space 17024K, 100% used [0x00000000e0000000, 0x00000000e10a0000, 0x00000000e10a0000)
  from space 2112K,  63% used [0x00000000e12b0000, 0x00000000e14002d8, 0x00000000e14c0000)
  to   space 2112K,   0% used [0x00000000e10a0000, 0x00000000e10a0000, 0x00000000e12b0000)
 tenured generation   total 42368K, used 7126K [0x00000000eaaa0000, 0x00000000ed400000, 0x0000000100000000)
   the space 42368K,  16% used [0x00000000eaaa0000, 0x00000000eb195b90, 0x00000000eb195c00, 0x00000000ed400000)
 Metaspace       used 23254K, capacity 23496K, committed 23808K, reserved 1071104K
  class space    used 2642K, capacity 2707K, committed 2816K, reserved 1048576K
Event: 27.375 GC heap after
Heap after GC invocations=11 (full 1):
 def new generation   total 19136K, used 1148K [0x00000000e0000000, 0x00000000e14c0000, 0x00000000eaaa0000)
  eden space 17024K,   0% used [0x00000000e0000000, 0x00000000e0000000, 0x00000000e10a0000)
  from space 2112K,  54% used [0x00000000e10a0000, 0x00000000e11bf0a0, 0x00000000e12b0000)
  to   space 2112K,   0% used [0x00000000e12b0000, 0x00000000e12b0000, 0x00000000e14c0000)
 tenured generation   total 42368K, used 7355K [0x00000000eaaa0000, 0x00000000ed400000, 0x0000000100000000)
   the space 42368K,  17% used [0x00000000eaaa0000, 0x00000000eb1cef90, 0x00000000eb1cf000, 0x00000000ed400000)
 Metaspace       used 23254K, capacity 23496K, committed 23808K, reserved 1071104K
  class space    used 2642K, capacity 2707K, committed 2816K, reserved 1048576K
}

Deoptimization events (10 events):
Event: 21.559 Thread 0x00007fa72cae2800 Uncommon trap: reason=bimorphic action=maybe_recompile pc=0x00007fa71d443a5c method=java.io.DataOutputStream.writeShort(I)V @ 12
Event: 23.624 Thread 0x00007fa72c010800 Uncommon trap: reason=class_check action=maybe_recompile pc=0x00007fa71d4b4570 method=java.util.regex.Pattern$Curly.match(Ljava/util/regex/Matcher;ILjava/lang/CharSequence;)Z @ 19
Event: 23.624 Thread 0x00007fa72c010800 Uncommon trap: reason=class_check action=maybe_recompile pc=0x00007fa71d4b4570 method=java.util.regex.Pattern$Curly.match(Ljava/util/regex/Matcher;ILjava/lang/CharSequence;)Z @ 19
Event: 23.772 Thread 0x00007fa72c010800 Uncommon trap: reason=bimorphic action=maybe_recompile pc=0x00007fa71d429ee8 method=java.io.DataOutputStream.writeByte(I)V @ 5
Event: 23.772 Thread 0x00007fa72c010800 Uncommon trap: reason=bimorphic action=maybe_recompile pc=0x00007fa71d429ee8 method=java.io.DataOutputStream.writeByte(I)V @ 5
Event: 23.793 Thread 0x00007fa72c010800 Uncommon trap: reason=bimorphic action=maybe_recompile pc=0x00007fa71d429ee8 method=java.io.DataOutputStream.writeByte(I)V @ 5
Event: 23.793 Thread 0x00007fa72c010800 Uncommon trap: reason=bimorphic action=maybe_recompile pc=0x00007fa71d429ee8 method=java.io.DataOutputStream.writeByte(I)V @ 5
Event: 23.847 Thread 0x00007fa72cbc6000 Uncommon trap: reason=bimorphic action=maybe_recompile pc=0x00007fa71d443a5c method=java.io.DataOutputStream.writeShort(I)V @ 12
Event: 24.086 Thread 0x00007fa72cbc6000 Uncommon trap: reason=bimorphic action=maybe_recompile pc=0x00007fa71d443a5c method=java.io.DataOutputStream.writeShort(I)V @ 12
Event: 26.278 Thread 0x00007fa72d36c800 Uncommon trap: reason=bimorphic action=maybe_recompile pc=0x00007fa71d443a5c method=java.io.DataOutputStream.writeShort(I)V @ 12

Internal exceptions (10 events):
Event: 1.768 Thread 0x00007fa72c010800 Exception <a 'java/lang/ClassNotFoundException': org/apache/log4j/AppenderSkeletonCustomizer> (0x00000000e07b2d60) thrown at [/HUDSON3/workspace/8-2-build-linux-amd64/jdk8u121/8372/hotspot/src/share/vm/classfile/systemDictionary.cpp, line 210]
Event: 1.793 Thread 0x00007fa72c010800 Exception <a 'java/lang/ClassNotFoundException': org/apache/log4j/WriterAppenderCustomizer> (0x00000000e07e8a00) thrown at [/HUDSON3/workspace/8-2-build-linux-amd64/jdk8u121/8372/hotspot/src/share/vm/classfile/systemDictionary.cpp, line 210]
Event: 1.823 Thread 0x00007fa72c010800 Exception <a 'java/lang/ClassNotFoundException': org/apache/log4j/ConsoleAppenderCustomizer> (0x00000000e0816be8) thrown at [/HUDSON3/workspace/8-2-build-linux-amd64/jdk8u121/8372/hotspot/src/share/vm/classfile/systemDictionary.cpp, line 210]
Event: 3.554 Thread 0x00007fa72c010800 Exception <a 'java/security/PrivilegedActionException'> (0x00000000e0c90780) thrown at [/HUDSON3/workspace/8-2-build-linux-amd64/jdk8u121/8372/hotspot/src/share/vm/prims/jvm.cpp, line 1390]
Event: 3.554 Thread 0x00007fa72c010800 Exception <a 'java/security/PrivilegedActionException'> (0x00000000e0c90b78) thrown at [/HUDSON3/workspace/8-2-build-linux-amd64/jdk8u121/8372/hotspot/src/share/vm/prims/jvm.cpp, line 1390]
Event: 5.748 Thread 0x00007fa72c010800 Exception <a 'java/io/FileNotFoundException'> (0x00000000e0e307c0) thrown at [/HUDSON3/workspace/8-2-build-linux-amd64/jdk8u121/8372/hotspot/src/share/vm/prims/jni.cpp, line 709]
Event: 5.748 Thread 0x00007fa72c010800 Exception <a 'java/security/PrivilegedActionException'> (0x00000000e0e30c28) thrown at [/HUDSON3/workspace/8-2-build-linux-amd64/jdk8u121/8372/hotspot/src/share/vm/prims/jvm.cpp, line 1390]
Event: 5.749 Thread 0x00007fa72c010800 Exception <a 'java/lang/reflect/InvocationTargetException'> (0x00000000e0e32ce8) thrown at [/HUDSON3/workspace/8-2-build-linux-amd64/jdk8u121/8372/hotspot/src/share/vm/runtime/reflection.cpp, line 1092]
Event: 6.124 Thread 0x00007fa72c010800 Exception <a 'java/lang/NoSuchFieldError': method resolution failed> (0x00000000e0fd9f98) thrown at [/HUDSON3/workspace/8-2-build-linux-amd64/jdk8u121/8372/hotspot/src/share/vm/prims/methodHandles.cpp, line 1146]
Event: 6.174 Thread 0x00007fa72c010800 Exception <a 'java/lang/NoSuchFieldError': method resolution failed> (0x00000000e0fe7668) thrown at [/HUDSON3/workspace/8-2-build-linux-amd64/jdk8u121/8372/hotspot/src/share/vm/prims/methodHandles.cpp, line 1146]

Events (10 events):
Event: 29.241 loading class com/google/protobuf/DescriptorProtos$EnumValueOptionsOrBuilder
Event: 29.241 loading class com/google/protobuf/DescriptorProtos$EnumValueOptionsOrBuilder done
Event: 29.247 loading class com/google/protobuf/DescriptorProtos$EnumValueDescriptorProto$1
Event: 29.249 loading class com/google/protobuf/DescriptorProtos$EnumValueDescriptorProto$1 done
Event: 29.257 loading class com/google/protobuf/DescriptorProtos$EnumValueOptions
Event: 29.257 loading class com/google/protobuf/DescriptorProtos$EnumValueOptions done
Event: 29.277 loading class com/google/protobuf/DescriptorProtos$EnumValueOptions$1
Event: 29.277 loading class com/google/protobuf/DescriptorProtos$EnumValueOptions$1 done
Event: 29.393 loading class com/google/protobuf/GeneratedMessage$FieldAccessorTable$SingularFieldAccessor
Event: 29.393 loading class com/google/protobuf/GeneratedMessage$FieldAccessorTable$SingularFieldAccessor done


Dynamic libraries:
00400000-00401000 r-xp 00000000 fc:00 158434                             /usr/lib/jvm/java-8-oracle/jre/bin/java
00600000-00601000 rw-p 00000000 fc:00 158434                             /usr/lib/jvm/java-8-oracle/jre/bin/java
01090000-010d3000 rw-p 00000000 00:00 0                                  [heap]
e0000000-e14c0000 rw-p 00000000 00:00 0 
e14c0000-eaaa0000 ---p 00000000 00:00 0 
eaaa0000-ed400000 rw-p 00000000 00:00 0 
ed400000-100000000 ---p 00000000 00:00 0 
100000000-1002c0000 rw-p 00000000 00:00 0 
1002c0000-140000000 ---p 00000000 00:00 0 
7fa710000000-7fa710021000 rw-p 00000000 00:00 0 
7fa710021000-7fa714000000 ---p 00000000 00:00 0 
7fa7150a1000-7fa7151e1000 rw-p 00000000 00:00 0 
7fa7151e1000-7fa7152a1000 ---p 00000000 00:00 0 
7fa7152a1000-7fa7152b4000 r--s 00345000 fc:00 158645                     /usr/lib/jvm/java-8-oracle/jre/lib/resources.jar
7fa7152b4000-7fa7152b7000 ---p 00000000 00:00 0 
7fa7152b7000-7fa7155b5000 rw-p 00000000 00:00 0 
7fa7155b5000-7fa7155b8000 ---p 00000000 00:00 0 
7fa7155b8000-7fa7156b6000 rw-p 00000000 00:00 0 
7fa7156b6000-7fa7156b9000 ---p 00000000 00:00 0 
7fa7156b9000-7fa7157b7000 rw-p 00000000 00:00 0 
7fa7157b7000-7fa7157cd000 r-xp 00000000 fc:00 294                        /lib/x86_64-linux-gnu/libgcc_s.so.1
7fa7157cd000-7fa7159cc000 ---p 00016000 fc:00 294                        /lib/x86_64-linux-gnu/libgcc_s.so.1
7fa7159cc000-7fa7159cd000 rw-p 00015000 fc:00 294                        /lib/x86_64-linux-gnu/libgcc_s.so.1
7fa7159ce000-7fa7159d3000 r--s 002f9000 fc:00 158579                     /usr/lib/jvm/java-8-oracle/jre/lib/charsets.jar
7fa7159d3000-7fa7159d9000 r--s 0003f000 fc:00 158629                     /usr/lib/jvm/java-8-oracle/jre/lib/ext/sunjce_provider.jar
7fa7159d9000-7fa715a0b000 r-xp 00000000 fc:00 158469                     /usr/lib/jvm/java-8-oracle/jre/lib/amd64/libsunec.so
7fa715a0b000-7fa715c0a000 ---p 00032000 fc:00 158469                     /usr/lib/jvm/java-8-oracle/jre/lib/amd64/libsunec.so
7fa715c0a000-7fa715c10000 rw-p 00031000 fc:00 158469                     /usr/lib/jvm/java-8-oracle/jre/lib/amd64/libsunec.so
7fa715c10000-7fa715c20000 rw-p 00000000 00:00 0 
7fa715c20000-7fa715c23000 ---p 00000000 00:00 0 
7fa715c23000-7fa715f21000 rw-p 00000000 00:00 0 
7fa715f21000-7fa715f24000 ---p 00000000 00:00 0 
7fa715f24000-7fa716022000 rw-p 00000000 00:00 0 
7fa716022000-7fa716025000 ---p 00000000 00:00 0 
7fa716025000-7fa716123000 rw-p 00000000 00:00 0 
7fa716123000-7fa716134000 r-xp 00000000 fc:00 158515                     /usr/lib/jvm/java-8-oracle/jre/lib/amd64/libnio.so
7fa716134000-7fa716333000 ---p 00011000 fc:00 158515                     /usr/lib/jvm/java-8-oracle/jre/lib/amd64/libnio.so
7fa716333000-7fa716334000 rw-p 00010000 fc:00 158515                     /usr/lib/jvm/java-8-oracle/jre/lib/amd64/libnio.so
7fa716334000-7fa716534000 rw-p 00000000 00:00 0 
7fa716534000-7fa716536000 r--s 00009000 fc:00 158632                     /usr/lib/jvm/java-8-oracle/jre/lib/ext/sunec.jar
7fa716536000-7fa71653a000 r--s 0003a000 fc:00 158627                     /usr/lib/jvm/java-8-oracle/jre/lib/ext/sunpkcs11.jar
7fa71653a000-7fa71673a000 rw-p 00000000 00:00 0 
7fa71673a000-7fa716750000 r-xp 00000000 fc:00 158467                     /usr/lib/jvm/java-8-oracle/jre/lib/amd64/libnet.so
7fa716750000-7fa716950000 ---p 00016000 fc:00 158467                     /usr/lib/jvm/java-8-oracle/jre/lib/amd64/libnet.so
7fa716950000-7fa716951000 rw-p 00016000 fc:00 158467                     /usr/lib/jvm/java-8-oracle/jre/lib/amd64/libnet.so
7fa716951000-7fa716b51000 rw-p 00000000 00:00 0 
7fa716b51000-7fa716b54000 r--s 0001a000 fc:00 158621                     /usr/lib/jvm/java-8-oracle/jre/lib/jce.jar
7fa716b54000-7fa716b55000 r-xp 00000000 fc:00 158507                     /usr/lib/jvm/java-8-oracle/jre/lib/amd64/libjaas_unix.so
7fa716b55000-7fa716d54000 ---p 00001000 fc:00 158507                     /usr/lib/jvm/java-8-oracle/jre/lib/amd64/libjaas_unix.so
7fa716d54000-7fa716d55000 rw-p 00000000 fc:00 158507                     /usr/lib/jvm/java-8-oracle/jre/lib/amd64/libjaas_unix.so
7fa716d55000-7fa716d58000 ---p 00000000 00:00 0 
7fa716d58000-7fa716e56000 rw-p 00000000 00:00 0 
7fa716e56000-7fa716e59000 ---p 00000000 00:00 0 
7fa716e59000-7fa71708f000 rw-p 00000000 00:00 0 
7fa71708f000-7fa7170ab000 r-xp 00000000 fd:20 12191592                   /mnt/data-dir/hadoop-2.5.2/lib/native/libhadoop.so.1.0.0
7fa7170ab000-7fa7172aa000 ---p 0001c000 fd:20 12191592                   /mnt/data-dir/hadoop-2.5.2/lib/native/libhadoop.so.1.0.0
7fa7172aa000-7fa7172ab000 r--p 0001b000 fd:20 12191592                   /mnt/data-dir/hadoop-2.5.2/lib/native/libhadoop.so.1.0.0
7fa7172ab000-7fa7172ac000 rw-p 0001c000 fd:20 12191592                   /mnt/data-dir/hadoop-2.5.2/lib/native/libhadoop.so.1.0.0
7fa7172ac000-7fa7172b5000 r-xp 00000000 fc:00 158490                     /usr/lib/jvm/java-8-oracle/jre/lib/amd64/libmanagement.so
7fa7172b5000-7fa7174b4000 ---p 00009000 fc:00 158490                     /usr/lib/jvm/java-8-oracle/jre/lib/amd64/libmanagement.so
7fa7174b4000-7fa7174b5000 rw-p 00008000 fc:00 158490                     /usr/lib/jvm/java-8-oracle/jre/lib/amd64/libmanagement.so
7fa7174b5000-7fa7174b6000 r--s 00001000 fc:00 37503                      /home/krose1/intermCompressionWithCombiner/mt.jar
7fa7174b6000-7fa7174ba000 r--s 0009a000 fc:00 158452                     /usr/lib/jvm/java-8-oracle/jre/lib/jsse.jar
7fa7174ba000-7fa717534000 r--s 010f6000 fc:00 293386                     /usr/lib/jvm/java-8-oracle/lib/tools.jar
7fa717534000-7fa71753d000 r--s 0006f000 fd:20 12059334                   /mnt/data-dir/hadoop-2.5.2/share/hadoop/mapreduce/hadoop-mapreduce-client-app-2.5.2.jar
7fa71753d000-7fa717548000 r--s 00097000 fd:20 12059336                   /mnt/data-dir/hadoop-2.5.2/share/hadoop/mapreduce/hadoop-mapreduce-client-common-2.5.2.jar
7fa717548000-7fa71754a000 r--s 00009000 fd:20 12059312                   /mnt/data-dir/hadoop-2.5.2/share/hadoop/mapreduce/hadoop-mapreduce-client-shuffle-2.5.2.jar
7fa71754a000-7fa717562000 r--s 00156000 fd:20 12059337                   /mnt/data-dir/hadoop-2.5.2/share/hadoop/mapreduce/hadoop-mapreduce-client-core-2.5.2.jar
7fa717562000-7fa717567000 r--s 0003d000 fd:20 12059330                   /mnt/data-dir/hadoop-2.5.2/share/hadoop/mapreduce/hadoop-mapreduce-examples-2.5.2.jar
7fa717567000-7fa71757e000 r--s 00155000 fd:20 12059331                   /mnt/data-dir/hadoop-2.5.2/share/hadoop/mapreduce/hadoop-mapreduce-client-jobclient-2.5.2-tests.jar
7fa71757e000-7fa717583000 r--s 00034000 fd:20 12059333                   /mnt/data-dir/hadoop-2.5.2/share/hadoop/mapreduce/hadoop-mapreduce-client-hs-2.5.2.jar
7fa717583000-7fa717584000 r--s 00008000 fd:20 12059332                   /mnt/data-dir/hadoop-2.5.2/share/hadoop/mapreduce/hadoop-mapreduce-client-jobclient-2.5.2.jar
7fa717584000-7fa717585000 r--s 00000000 fd:20 12059335                   /mnt/data-dir/hadoop-2.5.2/share/hadoop/mapreduce/hadoop-mapreduce-client-hs-plugins-2.5.2.jar
7fa717585000-7fa71758a000 r--s 00036000 fd:20 12059349                   /mnt/data-dir/hadoop-2.5.2/share/hadoop/mapreduce/lib/commons-compress-1.4.1.jar
7fa71758a000-7fa71758c000 r--s 00003000 fd:20 12059348                   /mnt/data-dir/hadoop-2.5.2/share/hadoop/mapreduce/lib/hadoop-annotations-2.5.2.jar
7fa71758c000-7fa71759b000 r--s 0009f000 fd:20 12059352                   /mnt/data-dir/hadoop-2.5.2/share/hadoop/mapreduce/lib/guice-3.0.jar
7fa71759b000-7fa7175a9000 r--s 000b1000 fd:20 12059343                   /mnt/data-dir/hadoop-2.5.2/share/hadoop/mapreduce/lib/jackson-mapper-asl-1.9.13.jar
7fa7175a9000-7fa7175bb000 r--s 0009d000 fd:20 12059342                   /mnt/data-dir/hadoop-2.5.2/share/hadoop/mapreduce/lib/jersey-server-1.9.jar
7fa7175bb000-7fa7175bd000 r--s 0000e000 fd:20 12059355                   /mnt/data-dir/hadoop-2.5.2/share/hadoop/mapreduce/lib/guice-servlet-3.0.jar
7fa7175bd000-7fa7175bf000 r--s 00000000 fd:20 12059346                   /mnt/data-dir/hadoop-2.5.2/share/hadoop/mapreduce/lib/aopalliance-1.0.jar
7fa7175bf000-7fa7175c0000 r--s 00003000 fd:20 12059351                   /mnt/data-dir/hadoop-2.5.2/share/hadoop/mapreduce/lib/jersey-guice-1.9.jar
7fa7175c0000-7fa7175c1000 r--s 0000a000 fd:20 12059354                   /mnt/data-dir/hadoop-2.5.2/share/hadoop/mapreduce/lib/asm-3.2.jar
7fa7175c1000-7fa7175c8000 r--s 00044000 fd:20 12059344                   /mnt/data-dir/hadoop-2.5.2/share/hadoop/mapreduce/lib/avro-1.7.4.jar
7fa7175c8000-7fa7175c9000 r--s 00000000 fd:20 12059361                   /mnt/data-dir/hadoop-2.5.2/share/hadoop/mapreduce/lib/javax.inject-1.jar
7fa7175c9000-7fa7175cc000 r--s 000fd000 fd:20 12059359                   /mnt/data-dir/hadoop-2.5.2/share/hadoop/mapreduce/lib/leveldbjni-all-1.8.jar
7fa7175cc000-7fa7175d2000 r--s 00036000 fd:20 12059358                   /mnt/data-dir/hadoop-2.5.2/share/hadoop/mapreduce/lib/junit-4.11.jar
7fa7175d2000-7fa7175dc000 r--s 00066000 fd:20 12059350                   /mnt/data-dir/hadoop-2.5.2/share/hadoop/mapreduce/lib/jersey-core-1.9.jar
7fa7175dc000-7fa7175e5000 r--s 0006f000 fd:20 12059341                   /mnt/data-dir/hadoop-2.5.2/share/hadoop/mapreduce/lib/log4j-1.2.17.jar
7fa7175e5000-7fa7175e7000 r--s 00009000 fd:20 12059357                   /mnt/data-dir/hadoop-2.5.2/share/hadoop/mapreduce/lib/hamcrest-core-1.3.jar
7fa7175e7000-7fa7175ef000 r--s 0007b000 fd:20 12059345                   /mnt/data-dir/hadoop-2.5.2/share/hadoop/mapreduce/lib/protobuf-java-2.5.0.jar
7fa7175ef000-7fa7175f3000 r--s 00035000 fd:20 12059360                   /mnt/data-dir/hadoop-2.5.2/share/hadoop/mapreduce/lib/jackson-core-asl-1.9.13.jar
7fa7175f3000-7fa71760a000 r--s 0010e000 fd:20 12059347                   /mnt/data-dir/hadoop-2.5.2/share/hadoop/mapreduce/lib/netty-3.6.2.Final.jar
7fa71760a000-7fa71760e000 r--s 0002a000 fd:20 12059339                   /mnt/data-dir/hadoop-2.5.2/share/hadoop/mapreduce/lib/commons-io-2.4.jar
7fa71760e000-7fa717612000 r--s 00014000 fd:20 12059353                   /mnt/data-dir/hadoop-2.5.2/share/hadoop/mapreduce/lib/xz-1.0.jar
7fa717612000-7fa717614000 r--s 000f2000 fd:20 12059356                   /mnt/data-dir/hadoop-2.5.2/share/hadoop/mapreduce/lib/snappy-java-1.0.4.1.jar
7fa717614000-7fa717616000 r--s 00006000 fd:20 12059340                   /mnt/data-dir/hadoop-2.5.2/share/hadoop/mapreduce/lib/paranamer-2.3.jar
7fa717616000-7fa71762a000 r--s 00146000 fd:20 12058907                   /mnt/data-dir/hadoop-2.5.2/share/hadoop/yarn/hadoop-yarn-common-2.5.2.jar
7fa71762a000-7fa71762f000 r--s 00037000 fd:20 12058858                   /mnt/data-dir/hadoop-2.5.2/share/hadoop/yarn/hadoop-yarn-server-common-2.5.2.jar
7fa71762f000-7fa717646000 r--s 0017c000 fd:20 12058857                   /mnt/data-dir/hadoop-2.5.2/share/hadoop/yarn/hadoop-yarn-api-2.5.2.jar
7fa717646000-7fa717649000 r--s 0001a000 fd:20 12058863                   /mnt/data-dir/hadoop-2.5.2/share/hadoop/yarn/hadoop-yarn-client-2.5.2.jar
7fa717649000-7fa71764c000 r--s 00020000 fd:20 12058866                   /mnt/data-dir/hadoop-2.5.2/share/hadoop/yarn/hadoop-yarn-server-applicationhistoryservice-2.5.2.jar
7fa71764c000-7fa71765c000 r--s 000c1000 fd:20 12058862                   /mnt/data-dir/hadoop-2.5.2/share/hadoop/yarn/hadoop-yarn-server-resourcemanager-2.5.2.jar
7fa71765c000-7fa71765d000 r--s 00003000 fd:20 12058861                   /mnt/data-dir/hadoop-2.5.2/share/hadoop/yarn/hadoop-yarn-applications-unmanaged-am-launcher-2.5.2.jar
7fa71765d000-7fa717669000 r--s 00077000 fd:20 12058860                   /mnt/data-dir/hadoop-2.5.2/share/hadoop/yarn/hadoop-yarn-server-nodemanager-2.5.2.jar
7fa717669000-7fa71766a000 r--s 00006000 fd:20 12058859                   /mnt/data-dir/hadoop-2.5.2/share/hadoop/yarn/hadoop-yarn-server-web-proxy-2.5.2.jar
7fa71766a000-7fa71766c000 r--s 00009000 fd:20 12058856                   /mnt/data-dir/hadoop-2.5.2/share/hadoop/yarn/hadoop-yarn-applications-distributedshell-2.5.2.jar
7fa71766c000-7fa71766d000 r--s 00000000 fd:20 12058834                   /mnt/data-dir/hadoop-2.5.2/share/hadoop/yarn/hadoop-yarn-server-tests-2.5.2.jar
7fa71766d000-7fa717670000 r--s 0001d000 fd:20 12058883                   /mnt/data-dir/hadoop-2.5.2/share/hadoop/yarn/lib/jersey-client-1.9.jar
7fa717670000-7fa717675000 r--s 00036000 fd:20 12058887                   /mnt/data-dir/hadoop-2.5.2/share/hadoop/yarn/lib/commons-compress-1.4.1.jar
7fa717675000-7fa717677000 r--s 0000f000 fd:20 12058876                   /mnt/data-dir/hadoop-2.5.2/share/hadoop/yarn/lib/jettison-1.1.jar
7fa717677000-7fa71767c000 r--s 00041000 fd:20 12058902                   /mnt/data-dir/hadoop-2.5.2/share/hadoop/yarn/lib/commons-lang-2.6.jar
7fa71767c000-7fa71768b000 r--s 0009f000 fd:20 12058890                   /mnt/data-dir/hadoop-2.5.2/share/hadoop/yarn/lib/guice-3.0.jar
7fa71768b000-7fa717699000 r--s 0007f000 fd:20 12058899                   /mnt/data-dir/hadoop-2.5.2/share/hadoop/yarn/lib/commons-collections-3.2.1.jar
7fa717699000-7fa7176ba000 r--s 00172000 fd:20 12058886                   /mnt/data-dir/hadoop-2.5.2/share/hadoop/yarn/lib/guava-11.0.2.jar
7fa7176ba000-7fa7176bb000 r--s 00004000 fd:20 12058870                   /mnt/data-dir/hadoop-2.5.2/share/hadoop/yarn/lib/jackson-jaxrs-1.9.13.jar
7fa7176bb000-7fa7176c9000 r--s 000b1000 fd:20 12058878                   /mnt/data-dir/hadoop-2.5.2/share/hadoop/yarn/lib/jackson-mapper-asl-1.9.13.jar
7fa7176c9000-7fa7176db000 r--s 0009d000 fd:20 12058877                   /mnt/data-dir/hadoop-2.5.2/share/hadoop/yarn/lib/jersey-server-1.9.jar
7fa7176db000-7fa7176dd000 r--s 0000e000 fd:20 12058898                   /mnt/data-dir/hadoop-2.5.2/share/hadoop/yarn/lib/guice-servlet-3.0.jar
7fa7176dd000-7fa7176df000 r--s 00014000 fd:20 12058868                   /mnt/data-dir/hadoop-2.5.2/share/hadoop/yarn/lib/jline-0.9.94.jar
7fa7176df000-7fa7176e1000 r--s 00009000 fd:20 12058880                   /mnt/data-dir/hadoop-2.5.2/share/hadoop/yarn/lib/commons-cli-1.2.jar
7fa7176e1000-7fa7176e3000 r--s 00000000 fd:20 12058884                   /mnt/data-dir/hadoop-2.5.2/share/hadoop/yarn/lib/aopalliance-1.0.jar
7fa7176e3000-7fa7176e7000 r--s 00028000 fd:20 12058881                   /mnt/data-dir/hadoop-2.5.2/share/hadoop/yarn/lib/jetty-util-6.1.26.jar
7fa7176e7000-7fa7176e8000 r--s 00003000 fd:20 12058889                   /mnt/data-dir/hadoop-2.5.2/share/hadoop/yarn/lib/jersey-guice-1.9.jar
7fa7176e8000-7fa7176e9000 r--s 0000a000 fd:20 12058894                   /mnt/data-dir/hadoop-2.5.2/share/hadoop/yarn/lib/asm-3.2.jar
7fa7176e9000-7fa7176eb000 r--s 00018000 fd:20 12058905                   /mnt/data-dir/hadoop-2.5.2/share/hadoop/yarn/lib/servlet-api-2.5.jar
7fa7176eb000-7fa7176f2000 r--s 0007d000 fd:20 12058900                   /mnt/data-dir/hadoop-2.5.2/share/hadoop/yarn/lib/jetty-6.1.26.jar
7fa7176f2000-7fa7176f3000 r--s 00000000 fd:20 12058906                   /mnt/data-dir/hadoop-2.5.2/share/hadoop/yarn/lib/javax.inject-1.jar
7fa7176f3000-7fa7176f6000 r--s 000fd000 fd:20 12058903                   /mnt/data-dir/hadoop-2.5.2/share/hadoop/yarn/lib/leveldbjni-all-1.8.jar
7fa7176f6000-7fa7176f8000 r--s 0000e000 fd:20 12058896                   /mnt/data-dir/hadoop-2.5.2/share/hadoop/yarn/lib/commons-logging-1.1.3.jar
7fa7176f8000-7fa7176fa000 r--s 0000e000 fd:20 12058869                   /mnt/data-dir/hadoop-2.5.2/share/hadoop/yarn/lib/activation-1.1.jar
7fa7176fa000-7fa7176fb000 r--s 00006000 fd:20 12058895                   /mnt/data-dir/hadoop-2.5.2/share/hadoop/yarn/lib/jackson-xc-1.9.13.jar
7fa7176fb000-7fa7176fd000 r--s 0000d000 fd:20 12058879                   /mnt/data-dir/hadoop-2.5.2/share/hadoop/yarn/lib/commons-codec-1.4.jar
7fa7176fd000-7fa7176ff000 r--s 00004000 fd:20 12058893                   /mnt/data-dir/hadoop-2.5.2/share/hadoop/yarn/lib/stax-api-1.0-2.jar
7fa7176ff000-7fa717709000 r--s 00066000 fd:20 12058888                   /mnt/data-dir/hadoop-2.5.2/share/hadoop/yarn/lib/jersey-core-1.9.jar
7fa717709000-7fa717712000 r--s 0006f000 fd:20 12058873                   /mnt/data-dir/hadoop-2.5.2/share/hadoop/yarn/lib/log4j-1.2.17.jar
7fa717712000-7fa71771a000 r--s 0007b000 fd:20 12058882                   /mnt/data-dir/hadoop-2.5.2/share/hadoop/yarn/lib/protobuf-java-2.5.0.jar
7fa71771a000-7fa71771e000 r--s 00035000 fd:20 12058904                   /mnt/data-dir/hadoop-2.5.2/share/hadoop/yarn/lib/jackson-core-asl-1.9.13.jar
7fa71771e000-7fa717735000 r--s 0010e000 fd:20 12058885                   /mnt/data-dir/hadoop-2.5.2/share/hadoop/yarn/lib/netty-3.6.2.Final.jar
7fa717735000-7fa717739000 r--s 0002a000 fd:20 12058872                   /mnt/data-dir/hadoop-2.5.2/share/hadoop/yarn/lib/commons-io-2.4.jar
7fa717739000-7fa71773c000 r--s 00006000 fd:20 12058875                   /mnt/data-dir/hadoop-2.5.2/share/hadoop/yarn/lib/jsr305-1.3.9.jar
7fa71773c000-7fa717740000 r--s 00021000 fd:20 12058897                   /mnt/data-dir/hadoop-2.5.2/share/hadoop/yarn/lib/jersey-json-1.9.jar
7fa717740000-7fa717753000 r--s 000c7000 fd:20 12058871                   /mnt/data-dir/hadoop-2.5.2/share/hadoop/yarn/lib/jaxb-impl-2.2.3-1.jar
7fa717753000-7fa717756000 r--s 00017000 fd:20 12058901                   /mnt/data-dir/hadoop-2.5.2/share/hadoop/yarn/lib/jaxb-api-2.2.2.jar
7fa717756000-7fa71775a000 r--s 00014000 fd:20 12058891                   /mnt/data-dir/hadoop-2.5.2/share/hadoop/yarn/lib/xz-1.0.jar
7fa71775a000-7fa717760000 r--s 00045000 fd:20 12058892                   /mnt/data-dir/hadoop-2.5.2/share/hadoop/yarn/lib/commons-httpclient-3.1.jar
7fa717760000-7fa71776c000 r--s 000b6000 fd:20 12058874                   /mnt/data-dir/hadoop-2.5.2/share/hadoop/yarn/lib/zookeeper-3.4.6.jar
7fa71776c000-7fa71776e000 r--s 00015000 fd:20 12058676                   /mnt/data-dir/hadoop-2.5.2/share/hadoop/hdfs/hadoop-hdfs-nfs-2.5.2.jar
7fa71776e000-7fa7177cb000 r--s 00668000 fd:20 12058675                   /mnt/data-dir/hadoop-2.5.2/share/hadoop/hdfs/hadoop-hdfs-2.5.2.jar
7fa7177cb000-7fa7177e9000 r--s 0027e000 fd:20 12058669                   /mnt/data-dir/hadoop-2.5.2/share/hadoop/hdfs/hadoop-hdfs-2.5.2-tests.jar
7fa7177e9000-7fa7177ea000 r--s 00005000 fd:20 12058728                   /mnt/data-dir/hadoop-2.5.2/share/hadoop/hdfs/lib/commons-daemon-1.0.13.jar
7fa7177ea000-7fa7177ef000 r--s 00041000 fd:20 12058743                   /mnt/data-dir/hadoop-2.5.2/share/hadoop/hdfs/lib/commons-lang-2.6.jar
7fa7177ef000-7fa7177f2000 r--s 00016000 fd:20 12058725                   /mnt/data-dir/hadoop-2.5.2/share/hadoop/hdfs/lib/jsp-api-2.1.jar
7fa7177f2000-7fa717813000 r--s 00172000 fd:20 12058738                   /mnt/data-dir/hadoop-2.5.2/share/hadoop/hdfs/lib/guava-11.0.2.jar
7fa717813000-7fa717821000 r--s 000b1000 fd:20 12058732                   /mnt/data-dir/hadoop-2.5.2/share/hadoop/hdfs/lib/jackson-mapper-asl-1.9.13.jar
7fa717821000-7fa717833000 r--s 0009d000 fd:20 12058731                   /mnt/data-dir/hadoop-2.5.2/share/hadoop/hdfs/lib/jersey-server-1.9.jar
7fa717833000-7fa717835000 r--s 00009000 fd:20 12058734                   /mnt/data-dir/hadoop-2.5.2/share/hadoop/hdfs/lib/commons-cli-1.2.jar
7fa717835000-7fa717839000 r--s 00028000 fd:20 12058735                   /mnt/data-dir/hadoop-2.5.2/share/hadoop/hdfs/lib/jetty-util-6.1.26.jar
7fa717839000-7fa71783a000 r--s 0000a000 fd:20 12058740                   /mnt/data-dir/hadoop-2.5.2/share/hadoop/hdfs/lib/asm-3.2.jar
7fa71783a000-7fa71783c000 r--s 00018000 fd:20 12058745                   /mnt/data-dir/hadoop-2.5.2/share/hadoop/hdfs/lib/servlet-api-2.5.jar
7fa71783c000-7fa717843000 r--s 0007d000 fd:20 12058742                   /mnt/data-dir/hadoop-2.5.2/share/hadoop/hdfs/lib/jetty-6.1.26.jar
7fa717843000-7fa717846000 r--s 00019000 fd:20 12058730                   /mnt/data-dir/hadoop-2.5.2/share/hadoop/hdfs/lib/commons-el-1.0.jar
7fa717846000-7fa717848000 r--s 0000e000 fd:20 12058741                   /mnt/data-dir/hadoop-2.5.2/share/hadoop/hdfs/lib/commons-logging-1.1.3.jar
7fa717848000-7fa71784a000 r--s 0000d000 fd:20 12058733                   /mnt/data-dir/hadoop-2.5.2/share/hadoop/hdfs/lib/commons-codec-1.4.jar
7fa71784a000-7fa717854000 r--s 00066000 fd:20 12058739                   /mnt/data-dir/hadoop-2.5.2/share/hadoop/hdfs/lib/jersey-core-1.9.jar
7fa717854000-7fa71785d000 r--s 0006f000 fd:20 12058727                   /mnt/data-dir/hadoop-2.5.2/share/hadoop/hdfs/lib/log4j-1.2.17.jar
7fa71785d000-7fa717865000 r--s 0007b000 fd:20 12058736                   /mnt/data-dir/hadoop-2.5.2/share/hadoop/hdfs/lib/protobuf-java-2.5.0.jar
7fa717865000-7fa717869000 r--s 00035000 fd:20 12058744                   /mnt/data-dir/hadoop-2.5.2/share/hadoop/hdfs/lib/jackson-core-asl-1.9.13.jar
7fa717869000-7fa717880000 r--s 0010e000 fd:20 12058737                   /mnt/data-dir/hadoop-2.5.2/share/hadoop/hdfs/lib/netty-3.6.2.Final.jar
7fa717880000-7fa717884000 r--s 0002a000 fd:20 12058726                   /mnt/data-dir/hadoop-2.5.2/share/hadoop/hdfs/lib/commons-io-2.4.jar
7fa717884000-7fa717887000 r--s 00006000 fd:20 12058729                   /mnt/data-dir/hadoop-2.5.2/share/hadoop/hdfs/lib/jsr305-1.3.9.jar
7fa717887000-7fa717888000 r--s 00003000 fd:20 12058746                   /mnt/data-dir/hadoop-2.5.2/share/hadoop/hdfs/lib/xmlenc-0.52.jar
7fa717888000-7fa71788a000 r--s 00011000 fd:20 12058747                   /mnt/data-dir/hadoop-2.5.2/share/hadoop/hdfs/lib/jasper-runtime-5.5.23.jar
7fa71788a000-7fa7178b9000 r--s 002a5000 fd:20 12058832                   /mnt/data-dir/hadoop-2.5.2/share/hadoop/common/hadoop-common-2.5.2.jar
7fa7178b9000-7fa7178d3000 r--s 00170000 fd:20 12058754                   /mnt/data-dir/hadoop-2.5.2/share/hadoop/common/hadoop-common-2.5.2-tests.jar
7fa7178d3000-7fa7178d7000 r--s 00021000 fd:20 12058831                   /mnt/data-dir/hadoop-2.5.2/share/hadoop/common/hadoop-nfs-2.5.2.jar
7fa7178d7000-7fa7178dc000 r--s 0003e000 fd:20 12058793                   /mnt/data-dir/hadoop-2.5.2/share/hadoop/common/lib/commons-net-3.1.jar
7fa7178dc000-7fa7178e1000 r--s 00036000 fd:20 12058800                   /mnt/data-dir/hadoop-2.5.2/share/hadoop/common/lib/commons-compress-1.4.1.jar
7fa7178e1000-7fa7178e3000 r--s 0000f000 fd:20 12058787                   /mnt/data-dir/hadoop-2.5.2/share/hadoop/common/lib/jettison-1.1.jar
7fa7178e3000-7fa7178e5000 r--s 00003000 fd:20 12058798                   /mnt/data-dir/hadoop-2.5.2/share/hadoop/common/lib/hadoop-annotations-2.5.2.jar
7fa7178e5000-7fa7178ea000 r--s 00041000 fd:20 12058822                   /mnt/data-dir/hadoop-2.5.2/share/hadoop/common/lib/commons-lang-2.6.jar
7fa7178ea000-7fa7178ed000 r--s 00016000 fd:20 12058774                   /mnt/data-dir/hadoop-2.5.2/share/hadoop/common/lib/jsp-api-2.1.jar
7fa7178ed000-7fa7178fb000 r--s 0007f000 fd:20 12058816                   /mnt/data-dir/hadoop-2.5.2/share/hadoop/common/lib/commons-collections-3.2.1.jar
7fa7178fb000-7fa71791c000 r--s 00172000 fd:20 12058799                   /mnt/data-dir/hadoop-2.5.2/share/hadoop/common/lib/guava-11.0.2.jar
7fa71791c000-7fa717922000 r--s 00043000 fd:20 12058770                   /mnt/data-dir/hadoop-2.5.2/share/hadoop/common/lib/commons-configuration-1.6.jar
7fa717922000-7fa717924000 r--s 00012000 fd:20 12058804                   /mnt/data-dir/hadoop-2.5.2/share/hadoop/common/lib/api-util-1.0.0-M20.jar
7fa717924000-7fa717925000 r--s 00004000 fd:20 12058773                   /mnt/data-dir/hadoop-2.5.2/share/hadoop/common/lib/jackson-jaxrs-1.9.13.jar
7fa717925000-7fa717933000 r--s 000b1000 fd:20 12058789                   /mnt/data-dir/hadoop-2.5.2/share/hadoop/common/lib/jackson-mapper-asl-1.9.13.jar
7fa717933000-7fa717945000 r--s 0009d000 fd:20 12058788                   /mnt/data-dir/hadoop-2.5.2/share/hadoop/common/lib/jersey-server-1.9.jar
7fa717945000-7fa717947000 r--s 00009000 fd:20 12058792                   /mnt/data-dir/hadoop-2.5.2/share/hadoop/common/lib/commons-cli-1.2.jar
7fa717947000-7fa71794b000 r--s 00028000 fd:20 12058794                   /mnt/data-dir/hadoop-2.5.2/share/hadoop/common/lib/jetty-util-6.1.26.jar
7fa71794b000-7fa717950000 r--s 0002a000 fd:20 12058802                   /mnt/data-dir/hadoop-2.5.2/share/hadoop/common/lib/commons-beanutils-1.7.0.jar
7fa717950000-7fa717954000 r--s 00020000 fd:20 12058797                   /mnt/data-dir/hadoop-2.5.2/share/hadoop/common/lib/commons-digester-1.8.jar
7fa717954000-7fa717956000 r--s 0000b000 fd:20 12058784                   /mnt/data-dir/hadoop-2.5.2/share/hadoop/common/lib/hadoop-auth-2.5.2.jar
7fa717956000-7fa717957000 r--s 0000a000 fd:20 12058810                   /mnt/data-dir/hadoop-2.5.2/share/hadoop/common/lib/asm-3.2.jar
7fa717957000-7fa717959000 r--s 00018000 fd:20 12058826                   /mnt/data-dir/hadoop-2.5.2/share/hadoop/common/lib/servlet-api-2.5.jar
7fa717959000-7fa717960000 r--s 00044000 fd:20 12058790                   /mnt/data-dir/hadoop-2.5.2/share/hadoop/common/lib/avro-1.7.4.jar
7fa717960000-7fa717967000 r--s 0007d000 fd:20 12058818                   /mnt/data-dir/hadoop-2.5.2/share/hadoop/common/lib/jetty-6.1.26.jar
7fa717967000-7fa717970000 r--s 00061000 fd:20 12058779                   /mnt/data-dir/hadoop-2.5.2/share/hadoop/common/lib/httpclient-4.2.5.jar
7fa717970000-7fa717982000 r--s 00097000 fd:20 12058776                   /mnt/data-dir/hadoop-2.5.2/share/hadoop/common/lib/apacheds-kerberos-codec-2.0.0-M15.jar
7fa717982000-7fa717985000 r--s 00019000 fd:20 12058786                   /mnt/data-dir/hadoop-2.5.2/share/hadoop/common/lib/commons-el-1.0.jar
7fa717985000-7fa71798b000 r--s 00036000 fd:20 12058823                   /mnt/data-dir/hadoop-2.5.2/share/hadoop/common/lib/junit-4.11.jar
7fa71798b000-7fa71798c000 r--s 0000a000 fd:20 12058828                   /mnt/data-dir/hadoop-2.5.2/share/hadoop/common/lib/apacheds-i18n-2.0.0-M15.jar
7fa71798c000-7fa7179a9000 r--s 0016a000 fd:20 12058817                   /mnt/data-dir/hadoop-2.5.2/share/hadoop/common/lib/commons-math3-3.1.1.jar
7fa7179a9000-7fa7179ab000 r--s 0000e000 fd:20 12058813                   /mnt/data-dir/hadoop-2.5.2/share/hadoop/common/lib/commons-logging-1.1.3.jar
7fa7179ab000-7fa7179ad000 r--s 0000e000 fd:20 12058772                   /mnt/data-dir/hadoop-2.5.2/share/hadoop/common/lib/activation-1.1.jar
7fa7179ad000-7fa7179ae000 r--s 00006000 fd:20 12058812                   /mnt/data-dir/hadoop-2.5.2/share/hadoop/common/lib/jackson-xc-1.9.13.jar
7fa7179ae000-7fa7179b0000 r--s 0000d000 fd:20 12058791                   /mnt/data-dir/hadoop-2.5.2/share/hadoop/common/lib/commons-codec-1.4.jar
7fa7179b0000-7fa7179b3000 r--s 0002b000 fd:20 12058801                   /mnt/data-dir/hadoop-2.5.2/share/hadoop/common/lib/jsch-0.1.42.jar
7fa7179b3000-7fa7179b7000 r--s 0002f000 fd:20 12058808                   /mnt/data-dir/hadoop-2.5.2/share/hadoop/common/lib/commons-beanutils-core-1.8.0.jar
7fa7179b7000-7fa7179b9000 r--s 00004000 fd:20 12058809                   /mnt/data-dir/hadoop-2.5.2/share/hadoop/common/lib/stax-api-1.0-2.jar
7fa7179b9000-7fa7179c3000 r--s 00066000 fd:20 12058803                   /mnt/data-dir/hadoop-2.5.2/share/hadoop/common/lib/jersey-core-1.9.jar
7fa7179c3000-7fa7179c5000 r--s 00001000 fd:20 12058811                   /mnt/data-dir/hadoop-2.5.2/share/hadoop/common/lib/slf4j-log4j12-1.7.5.jar
7fa7179c5000-7fa7179ce000 r--s 0006f000 fd:20 12058780                   /mnt/data-dir/hadoop-2.5.2/share/hadoop/common/lib/log4j-1.2.17.jar
7fa7179ce000-7fa7179d7000 r--s 0007b000 fd:20 12058781                   /mnt/data-dir/hadoop-2.5.2/share/hadoop/common/lib/jets3t-0.9.0.jar
7fa7179d7000-7fa7179df000 r--s 0007b000 fd:20 12058795                   /mnt/data-dir/hadoop-2.5.2/share/hadoop/common/lib/protobuf-java-2.5.0.jar
7fa7179df000-7fa7179e3000 r--s 00035000 fd:20 12058824                   /mnt/data-dir/hadoop-2.5.2/share/hadoop/common/lib/jackson-core-asl-1.9.13.jar
7fa7179e3000-7fa7179fa000 r--s 0010e000 fd:20 12058796                   /mnt/data-dir/hadoop-2.5.2/share/hadoop/common/lib/netty-3.6.2.Final.jar
7fa7179fa000-7fa7179fe000 r--s 0002a000 fd:20 12058777                   /mnt/data-dir/hadoop-2.5.2/share/hadoop/common/lib/commons-io-2.4.jar
7fa7179fe000-7fa717a04000 r--s 00032000 fd:20 12058827                   /mnt/data-dir/hadoop-2.5.2/share/hadoop/common/lib/httpcore-4.2.5.jar
7fa717a04000-7fa717a17000 r--s 000c7000 fd:20 12058775                   /mnt/data-dir/hadoop-2.5.2/share/hadoop/common/lib/jaxb-impl-2.2.3-1.jar
7fa717a17000-7fa717a34000 r--s 0013e000 fd:20 12058825                   /mnt/data-dir/hadoop-2.5.2/share/hadoop/common/lib/mockito-all-1.8.5.jar
7fa717a34000-7fa717a35000 ---p 00000000 00:00 0 
7fa717a35000-7fa717b35000 rw-p 00000000 00:00 0 
7fa717b35000-7fa717b38000 ---p 00000000 00:00 0 
7fa717b38000-7fa717c36000 rw-p 00000000 00:00 0 
7fa717c36000-7fa717c39000 ---p 00000000 00:00 0 
7fa717c39000-7fa717d37000 rw-p 00000000 00:00 0 
7fa717d37000-7fa718000000 r--p 00000000 fc:00 136975                     /usr/lib/locale/locale-archive
7fa718000000-7fa718767000 rw-p 00000000 00:00 0 
7fa718767000-7fa71c000000 ---p 00000000 00:00 0 
7fa71c000000-7fa71c002000 r--s 00009000 fd:20 12058820                   /mnt/data-dir/hadoop-2.5.2/share/hadoop/common/lib/hamcrest-core-1.3.jar
7fa71c002000-7fa71c005000 ---p 00000000 00:00 0 
7fa71c005000-7fa71c103000 rw-p 00000000 00:00 0 
7fa71c103000-7fa71c106000 ---p 00000000 00:00 0 
7fa71c106000-7fa71c204000 rw-p 00000000 00:00 0 
7fa71c204000-7fa71c207000 ---p 00000000 00:00 0 
7fa71c207000-7fa71c305000 rw-p 00000000 00:00 0 
7fa71c305000-7fa71c308000 ---p 00000000 00:00 0 
7fa71c308000-7fa71c406000 rw-p 00000000 00:00 0 
7fa71c406000-7fa71c407000 ---p 00000000 00:00 0 
7fa71c407000-7fa71c556000 rw-p 00000000 00:00 0 
7fa71c556000-7fa71c72f000 r--s 03d3e000 fc:00 158616                     /usr/lib/jvm/java-8-oracle/jre/lib/rt.jar
7fa71c72f000-7fa71d000000 rw-p 00000000 00:00 0 
7fa71d000000-7fa71d560000 rwxp 00000000 00:00 0 
7fa71d570000-7fa72c000000 ---p 00000000 00:00 0 
7fa72c000000-7fa72d3a2000 rw-p 00000000 00:00 0 
7fa72d3a2000-7fa730000000 ---p 00000000 00:00 0 
7fa730000000-7fa730002000 r--s 00005000 fd:20 12058815                   /mnt/data-dir/hadoop-2.5.2/share/hadoop/common/lib/slf4j-api-1.7.5.jar
7fa730002000-7fa730005000 r--s 00006000 fd:20 12058783                   /mnt/data-dir/hadoop-2.5.2/share/hadoop/common/lib/jsr305-1.3.9.jar
7fa730005000-7fa730009000 r--s 00021000 fd:20 12058814                   /mnt/data-dir/hadoop-2.5.2/share/hadoop/common/lib/jersey-json-1.9.jar
7fa730009000-7fa73000a000 r--s 00003000 fd:20 12058829                   /mnt/data-dir/hadoop-2.5.2/share/hadoop/common/lib/xmlenc-0.52.jar
7fa73000a000-7fa73000b000 r--s 00004000 fd:20 12058785                   /mnt/data-dir/hadoop-2.5.2/share/hadoop/common/lib/java-xmlbuilder-0.4.jar
7fa73000b000-7fa73000d000 r--s 00003000 fd:20 12058805                   /mnt/data-dir/hadoop-2.5.2/share/hadoop/common/lib/api-asn1-api-1.0.0-M20.jar
7fa73000d000-7fa730010000 r--s 00017000 fd:20 12058821                   /mnt/data-dir/hadoop-2.5.2/share/hadoop/common/lib/jaxb-api-2.2.2.jar
7fa730010000-7fa730016000 r--s 00045000 fd:20 12058807                   /mnt/data-dir/hadoop-2.5.2/share/hadoop/common/lib/commons-httpclient-3.1.jar
7fa730016000-7fa730021000 rw-p 00000000 00:00 0 
7fa730021000-7fa73006b000 ---p 00000000 00:00 0 
7fa73006b000-7fa730080000 rw-p 00000000 00:00 0 
7fa730080000-7fa730116000 ---p 00000000 00:00 0 
7fa730116000-7fa73012d000 rw-p 00000000 00:00 0 
7fa73012d000-7fa7304d7000 ---p 00000000 00:00 0 
7fa7304d7000-7fa7304f1000 r-xp 00000000 fc:00 158477                     /usr/lib/jvm/java-8-oracle/jre/lib/amd64/libzip.so
7fa7304f1000-7fa7306f1000 ---p 0001a000 fc:00 158477                     /usr/lib/jvm/java-8-oracle/jre/lib/amd64/libzip.so
7fa7306f1000-7fa7306f2000 rw-p 0001a000 fc:00 158477                     /usr/lib/jvm/java-8-oracle/jre/lib/amd64/libzip.so
7fa7306f2000-7fa7306fc000 r-xp 00000000 fc:00 329                        /lib/x86_64-linux-gnu/libnss_files-2.19.so
7fa7306fc000-7fa7308fb000 ---p 0000a000 fc:00 329                        /lib/x86_64-linux-gnu/libnss_files-2.19.so
7fa7308fb000-7fa7308fc000 r--p 00009000 fc:00 329                        /lib/x86_64-linux-gnu/libnss_files-2.19.so
7fa7308fc000-7fa7308fd000 rw-p 0000a000 fc:00 329                        /lib/x86_64-linux-gnu/libnss_files-2.19.so
7fa7308fd000-7fa730908000 r-xp 00000000 fc:00 333                        /lib/x86_64-linux-gnu/libnss_nis-2.19.so
7fa730908000-7fa730b07000 ---p 0000b000 fc:00 333                        /lib/x86_64-linux-gnu/libnss_nis-2.19.so
7fa730b07000-7fa730b08000 r--p 0000a000 fc:00 333                        /lib/x86_64-linux-gnu/libnss_nis-2.19.so
7fa730b08000-7fa730b09000 rw-p 0000b000 fc:00 333                        /lib/x86_64-linux-gnu/libnss_nis-2.19.so
7fa730b09000-7fa730b20000 r-xp 00000000 fc:00 323                        /lib/x86_64-linux-gnu/libnsl-2.19.so
7fa730b20000-7fa730d1f000 ---p 00017000 fc:00 323                        /lib/x86_64-linux-gnu/libnsl-2.19.so
7fa730d1f000-7fa730d20000 r--p 00016000 fc:00 323                        /lib/x86_64-linux-gnu/libnsl-2.19.so
7fa730d20000-7fa730d21000 rw-p 00017000 fc:00 323                        /lib/x86_64-linux-gnu/libnsl-2.19.so
7fa730d21000-7fa730d23000 rw-p 00000000 00:00 0 
7fa730d23000-7fa730d2c000 r-xp 00000000 fc:00 325                        /lib/x86_64-linux-gnu/libnss_compat-2.19.so
7fa730d2c000-7fa730f2b000 ---p 00009000 fc:00 325                        /lib/x86_64-linux-gnu/libnss_compat-2.19.so
7fa730f2b000-7fa730f2c000 r--p 00008000 fc:00 325                        /lib/x86_64-linux-gnu/libnss_compat-2.19.so
7fa730f2c000-7fa730f2d000 rw-p 00009000 fc:00 325                        /lib/x86_64-linux-gnu/libnss_compat-2.19.so
7fa730f2d000-7fa730f58000 r-xp 00000000 fc:00 158494                     /usr/lib/jvm/java-8-oracle/jre/lib/amd64/libjava.so
7fa730f58000-7fa731157000 ---p 0002b000 fc:00 158494                     /usr/lib/jvm/java-8-oracle/jre/lib/amd64/libjava.so
7fa731157000-7fa731159000 rw-p 0002a000 fc:00 158494                     /usr/lib/jvm/java-8-oracle/jre/lib/amd64/libjava.so
7fa731159000-7fa731166000 r-xp 00000000 fc:00 158491                     /usr/lib/jvm/java-8-oracle/jre/lib/amd64/libverify.so
7fa731166000-7fa731365000 ---p 0000d000 fc:00 158491                     /usr/lib/jvm/java-8-oracle/jre/lib/amd64/libverify.so
7fa731365000-7fa731367000 rw-p 0000c000 fc:00 158491                     /usr/lib/jvm/java-8-oracle/jre/lib/amd64/libverify.so
7fa731367000-7fa73136e000 r-xp 00000000 fc:00 366                        /lib/x86_64-linux-gnu/librt-2.19.so
7fa73136e000-7fa73156d000 ---p 00007000 fc:00 366                        /lib/x86_64-linux-gnu/librt-2.19.so
7fa73156d000-7fa73156e000 r--p 00006000 fc:00 366                        /lib/x86_64-linux-gnu/librt-2.19.so
7fa73156e000-7fa73156f000 rw-p 00007000 fc:00 366                        /lib/x86_64-linux-gnu/librt-2.19.so
7fa73156f000-7fa731674000 r-xp 00000000 fc:00 308                        /lib/x86_64-linux-gnu/libm-2.19.so
7fa731674000-7fa731873000 ---p 00105000 fc:00 308                        /lib/x86_64-linux-gnu/libm-2.19.so
7fa731873000-7fa731874000 r--p 00104000 fc:00 308                        /lib/x86_64-linux-gnu/libm-2.19.so
7fa731874000-7fa731875000 rw-p 00105000 fc:00 308                        /lib/x86_64-linux-gnu/libm-2.19.so
7fa731875000-7fa732543000 r-xp 00000000 fc:00 158460                     /usr/lib/jvm/java-8-oracle/jre/lib/amd64/server/libjvm.so
7fa732543000-7fa732743000 ---p 00cce000 fc:00 158460                     /usr/lib/jvm/java-8-oracle/jre/lib/amd64/server/libjvm.so
7fa732743000-7fa73281c000 rw-p 00cce000 fc:00 158460                     /usr/lib/jvm/java-8-oracle/jre/lib/amd64/server/libjvm.so
7fa73281c000-7fa732867000 rw-p 00000000 00:00 0 
7fa732867000-7fa732a21000 r-xp 00000000 fc:00 270                        /lib/x86_64-linux-gnu/libc-2.19.so
7fa732a21000-7fa732c21000 ---p 001ba000 fc:00 270                        /lib/x86_64-linux-gnu/libc-2.19.so
7fa732c21000-7fa732c25000 r--p 001ba000 fc:00 270                        /lib/x86_64-linux-gnu/libc-2.19.so
7fa732c25000-7fa732c27000 rw-p 001be000 fc:00 270                        /lib/x86_64-linux-gnu/libc-2.19.so
7fa732c27000-7fa732c2c000 rw-p 00000000 00:00 0 
7fa732c2c000-7fa732c2f000 r-xp 00000000 fc:00 286                        /lib/x86_64-linux-gnu/libdl-2.19.so
7fa732c2f000-7fa732e2e000 ---p 00003000 fc:00 286                        /lib/x86_64-linux-gnu/libdl-2.19.so
7fa732e2e000-7fa732e2f000 r--p 00002000 fc:00 286                        /lib/x86_64-linux-gnu/libdl-2.19.so
7fa732e2f000-7fa732e30000 rw-p 00003000 fc:00 286                        /lib/x86_64-linux-gnu/libdl-2.19.so
7fa732e30000-7fa732e45000 r-xp 00000000 fc:00 158518                     /usr/lib/jvm/java-8-oracle/jre/lib/amd64/jli/libjli.so
7fa732e45000-7fa733045000 ---p 00015000 fc:00 158518                     /usr/lib/jvm/java-8-oracle/jre/lib/amd64/jli/libjli.so
7fa733045000-7fa733046000 rw-p 00015000 fc:00 158518                     /usr/lib/jvm/java-8-oracle/jre/lib/amd64/jli/libjli.so
7fa733046000-7fa73305f000 r-xp 00000000 fc:00 360                        /lib/x86_64-linux-gnu/libpthread-2.19.so
7fa73305f000-7fa73325e000 ---p 00019000 fc:00 360                        /lib/x86_64-linux-gnu/libpthread-2.19.so
7fa73325e000-7fa73325f000 r--p 00018000 fc:00 360                        /lib/x86_64-linux-gnu/libpthread-2.19.so
7fa73325f000-7fa733260000 rw-p 00019000 fc:00 360                        /lib/x86_64-linux-gnu/libpthread-2.19.so
7fa733260000-7fa733264000 rw-p 00000000 00:00 0 
7fa733264000-7fa733287000 r-xp 00000000 fc:00 250                        /lib/x86_64-linux-gnu/ld-2.19.so
7fa733287000-7fa73328b000 r--s 00014000 fd:20 12058806                   /mnt/data-dir/hadoop-2.5.2/share/hadoop/common/lib/xz-1.0.jar
7fa73328b000-7fa733290000 r--s 0005f000 fd:20 12058771                   /mnt/data-dir/hadoop-2.5.2/share/hadoop/common/lib/jasper-compiler-5.5.23.jar
7fa733290000-7fa73329c000 r--s 000b6000 fd:20 12058782                   /mnt/data-dir/hadoop-2.5.2/share/hadoop/common/lib/zookeeper-3.4.6.jar
7fa73329c000-7fa73329e000 r--s 000f2000 fd:20 12058819                   /mnt/data-dir/hadoop-2.5.2/share/hadoop/common/lib/snappy-java-1.0.4.1.jar
7fa73329e000-7fa7332a0000 r--s 00006000 fd:20 12058778                   /mnt/data-dir/hadoop-2.5.2/share/hadoop/common/lib/paranamer-2.3.jar
7fa7332a0000-7fa7332dd000 rw-p 00000000 00:00 0 
7fa7332dd000-7fa733373000 ---p 00000000 00:00 0 
7fa733373000-7fa733376000 ---p 00000000 00:00 0 
7fa733376000-7fa733478000 rw-p 00000000 00:00 0 
7fa733478000-7fa73347a000 r--s 00011000 fd:20 12058830                   /mnt/data-dir/hadoop-2.5.2/share/hadoop/common/lib/jasper-runtime-5.5.23.jar
7fa73347a000-7fa733482000 rw-s 00000000 fc:00 177268                     /tmp/hsperfdata_krose1/10329
7fa733482000-7fa733483000 rw-p 00000000 00:00 0 
7fa733483000-7fa733484000 r--p 00000000 00:00 0 
7fa733484000-7fa733486000 rw-p 00000000 00:00 0 
7fa733486000-7fa733487000 r--p 00022000 fc:00 250                        /lib/x86_64-linux-gnu/ld-2.19.so
7fa733487000-7fa733488000 rw-p 00023000 fc:00 250                        /lib/x86_64-linux-gnu/ld-2.19.so
7fa733488000-7fa733489000 rw-p 00000000 00:00 0 
7ffdd02da000-7ffdd02fc000 rw-p 00000000 00:00 0                          [stack]
7ffdd03e2000-7ffdd03e4000 r--p 00000000 00:00 0                          [vvar]
7ffdd03e4000-7ffdd03e6000 r-xp 00000000 00:00 0                          [vdso]
ffffffffff600000-ffffffffff601000 r-xp 00000000 00:00 0                  [vsyscall]

VM Arguments:
jvm_args: -Xmx1000m -Djava.net.preferIPv4Stack=true -Dhadoop.log.dir=/mnt/logs -Dhadoop.log.file=hadoop.log -Dhadoop.home.dir=/mnt/data-dir/hadoop-2.5.2 -Dhadoop.id.str=krose1 -Dhadoop.root.logger=INFO,console -Djava.library.path=/mnt/data-dir/hadoop-2.5.2/lib/native -Dhadoop.policy.file=hadoop-policy.xml -Djava.net.preferIPv4Stack=true -Xmx512m -Dhadoop.security.logger=INFO,NullAppender 
java_command: org.apache.hadoop.util.RunJar mt.jar MaxTemperatureWithMapOutputCompression /user/root/ncdc/90-93/90919293.txt.bz2 /user/krose1/output/week07/intermcompression/withcombiner/bz/three/01
java_class_path (initial): /mnt/data-dir/hadoop-2.5.2/etc/hadoop:/mnt/data-dir/hadoop-2.5.2/share/hadoop/common/lib/jasper-runtime-5.5.23.jar:/mnt/data-dir/hadoop-2.5.2/share/hadoop/common/lib/mockito-all-1.8.5.jar:/mnt/data-dir/hadoop-2.5.2/share/hadoop/common/lib/paranamer-2.3.jar:/mnt/data-dir/hadoop-2.5.2/share/hadoop/common/lib/snappy-java-1.0.4.1.jar:/mnt/data-dir/hadoop-2.5.2/share/hadoop/common/lib/zookeeper-3.4.6.jar:/mnt/data-dir/hadoop-2.5.2/share/hadoop/common/lib/jasper-compiler-5.5.23.jar:/mnt/data-dir/hadoop-2.5.2/share/hadoop/common/lib/commons-httpclient-3.1.jar:/mnt/data-dir/hadoop-2.5.2/share/hadoop/common/lib/xz-1.0.jar:/mnt/data-dir/hadoop-2.5.2/share/hadoop/common/lib/jaxb-api-2.2.2.jar:/mnt/data-dir/hadoop-2.5.2/share/hadoop/common/lib/api-asn1-api-1.0.0-M20.jar:/mnt/data-dir/hadoop-2.5.2/share/hadoop/common/lib/jaxb-impl-2.2.3-1.jar:/mnt/data-dir/hadoop-2.5.2/share/hadoop/common/lib/java-xmlbuilder-0.4.jar:/mnt/data-dir/hadoop-2.5.2/share/hadoop/common/lib/xmlenc-0.52.jar:/mnt/data-dir/hadoop-2.5.2/share/hadoop/common/lib/jersey-json-1.9.jar:/mnt/data-dir/hadoop-2.5.2/share/hadoop/common/lib/httpcore-4.2.5.jar:/mnt/data-dir/hadoop-2.5.2/share/hadoop/common/lib/jsr305-1.3.9.jar:/mnt/data-dir/hadoop-2.5.2/share/hadoop/common/lib/commons-io-2.4.jar:/mnt/data-dir/hadoop-2.5.2/share/hadoop/common/lib/netty-3.6.2.Final.jar:/mnt/data-dir/hadoop-2.5.2/share/hadoop/common/lib/jackson-core-asl-1.9.13.jar:/mnt/data-dir/hadoop-2.5.2/share/hadoop/common/lib/slf4j-api-1.7.5.jar:/mnt/data-dir/hadoop-2.5.2/share/hadoop/common/lib/protobuf-java-2.5.0.jar:/mnt/data-dir/hadoop-2.5.2/share/hadoop/common/lib/hamcrest-core-1.3.jar:/mnt/data-dir/hadoop-2.5.2/share/hadoop/common/lib/jets3t-0.9.0.jar:/mnt/data-dir/hadoop-2.5.2/share/hadoop/common/lib/log4j-1.2.17.jar:/mnt/data-dir/hadoop-2.5.2/share/hadoop/common/lib/slf4j-log4j12-1.7.5.jar:/mnt/data-dir/hadoop-2.5.2/share/hadoop/common/lib/jersey-core-1.9.jar:/mnt/data-dir/hadoop-2.5.2/share/hadoop/common/lib/stax
Launcher Type: SUN_STANDARD

Environment Variables:
JAVA_HOME=/usr
CLASSPATH=/mnt/data-dir/hadoop-2.5.2/etc/hadoop:/mnt/data-dir/hadoop-2.5.2/share/hadoop/common/lib/*:/mnt/data-dir/hadoop-2.5.2/share/hadoop/common/*:/mnt/data-dir/hadoop-2.5.2/share/hadoop/hdfs:/mnt/data-dir/hadoop-2.5.2/share/hadoop/hdfs/lib/*:/mnt/data-dir/hadoop-2.5.2/share/hadoop/hdfs/*:/mnt/data-dir/hadoop-2.5.2/share/hadoop/yarn/lib/*:/mnt/data-dir/hadoop-2.5.2/share/hadoop/yarn/*:/mnt/data-dir/hadoop-2.5.2/share/hadoop/mapreduce/lib/*:/mnt/data-dir/hadoop-2.5.2/share/hadoop/mapreduce/*:/usr/lib/jvm/java-8-oracle/lib/tools.jar:/mnt/data-dir/hadoop-2.5.2/contrib/capacity-scheduler/*.jar
PATH=/sbin:/usr/sbin:/bin:/usr/bin:/mnt/data-dir/hadoop-2.5.2/bin:/mnt/data-dir/hadoop-2.5.2/sbin:/usr/local/bin
LD_LIBRARY_PATH=:/mnt/data-dir/hadoop-2.5.2/lib/native
SHELL=/bin/bash

Signal Handlers:
SIGSEGV: [libjvm.so+0xac78c0], sa_mask[0]=11111111011111111101111111111110, sa_flags=SA_RESTART|SA_SIGINFO
SIGBUS: [libjvm.so+0xac78c0], sa_mask[0]=11111111011111111101111111111110, sa_flags=SA_RESTART|SA_SIGINFO
SIGFPE: [libjvm.so+0x920ac0], sa_mask[0]=11111111011111111101111111111110, sa_flags=SA_RESTART|SA_SIGINFO
SIGPIPE: [libjvm.so+0x920ac0], sa_mask[0]=11111111011111111101111111111110, sa_flags=SA_RESTART|SA_SIGINFO
SIGXFSZ: [libjvm.so+0x920ac0], sa_mask[0]=11111111011111111101111111111110, sa_flags=SA_RESTART|SA_SIGINFO
SIGILL: [libjvm.so+0x920ac0], sa_mask[0]=11111111011111111101111111111110, sa_flags=SA_RESTART|SA_SIGINFO
SIGUSR1: SIG_DFL, sa_mask[0]=00000000000000000000000000000000, sa_flags=none
SIGUSR2: [libjvm.so+0x922300], sa_mask[0]=00000000000000000000000000000000, sa_flags=SA_RESTART|SA_SIGINFO
SIGHUP: [libjvm.so+0x923700], sa_mask[0]=11111111011111111101111111111110, sa_flags=SA_RESTART|SA_SIGINFO
SIGINT: [libjvm.so+0x923700], sa_mask[0]=11111111011111111101111111111110, sa_flags=SA_RESTART|SA_SIGINFO
SIGTERM: [libjvm.so+0x923700], sa_mask[0]=11111111011111111101111111111110, sa_flags=SA_RESTART|SA_SIGINFO
SIGQUIT: [libjvm.so+0x923700], sa_mask[0]=11111111011111111101111111111110, sa_flags=SA_RESTART|SA_SIGINFO


---------------  S Y S T E M  ---------------

OS:DISTRIB_ID=Ubuntu
DISTRIB_RELEASE=14.04
DISTRIB_CODENAME=trusty
DISTRIB_DESCRIPTION="Ubuntu 14.04.5 LTS"

uname:Linux 4.4.0-31-generic #50~14.04.1-Ubuntu SMP Wed Jul 13 01:07:32 UTC 2016 x86_64
libc:glibc 2.19 NPTL 2.19 
rlimit: STACK 8192k, CORE 0k, NPROC 15718, NOFILE 4096, AS infinity
load average:8.36 4.85 2.59

/proc/meminfo:
MemTotal:        4047016 kB
MemFree:           87160 kB
MemAvailable:          0 kB
Buffers:             788 kB
Cached:             8376 kB
SwapCached:          796 kB
Active:          3032232 kB
Inactive:         780484 kB
Active(anon):    3027968 kB
Inactive(anon):   775932 kB
Active(file):       4264 kB
Inactive(file):     4552 kB
Unevictable:           0 kB
Mlocked:               0 kB
SwapTotal:        524284 kB
SwapFree:              0 kB
Dirty:               496 kB
Writeback:             0 kB
AnonPages:       3802932 kB
Mapped:             6784 kB
Shmem:               184 kB
Slab:              53916 kB
SReclaimable:      21700 kB
SUnreclaim:        32216 kB
KernelStack:       14480 kB
PageTables:        52988 kB
NFS_Unstable:          0 kB
Bounce:                0 kB
WritebackTmp:          0 kB
CommitLimit:     2547792 kB
Committed_AS:    5816280 kB
VmallocTotal:   34359738367 kB
VmallocUsed:           0 kB
VmallocChunk:          0 kB
HardwareCorrupted:     0 kB
AnonHugePages:   1507328 kB
CmaTotal:              0 kB
CmaFree:               0 kB
HugePages_Total:       0
HugePages_Free:        0
HugePages_Rsvd:        0
HugePages_Surp:        0
Hugepagesize:       2048 kB
DirectMap4k:       40948 kB
DirectMap2M:     4153344 kB


CPU:total 1 (1 cores per cpu, 1 threads per core) family 6 model 13 stepping 3, cmov, cx8, fxsr, mmx, sse, sse2, sse3, tsc

/proc/cpuinfo:
processor	: 0
vendor_id	: GenuineIntel
cpu family	: 6
model		: 13
model name	: QEMU Virtual CPU version (cpu64-rhel6)
stepping	: 3
microcode	: 0x1
cpu MHz		: 2400.084
cache size	: 4096 KB
physical id	: 0
siblings	: 1
core id		: 0
cpu cores	: 1
apicid		: 0
initial apicid	: 0
fpu		: yes
fpu_exception	: yes
cpuid level	: 4
wp		: yes
flags		: fpu de pse tsc msr pae mce cx8 apic sep mtrr pge mca cmov pse36 clflush mmx fxsr sse sse2 syscall nx lm nopl pni cx16 hypervisor lahf_lm
bugs		:
bogomips	: 4800.16
clflush size	: 64
cache_alignment	: 64
address sizes	: 40 bits physical, 48 bits virtual
power management:



Memory: 4k page, physical 4047016k(87160k free), swap 524284k(0k free)

vm_info: Java HotSpot(TM) 64-Bit Server VM (25.121-b13) for linux-amd64 JRE (1.8.0_121-b13), built on Dec 12 2016 16:36:53 by "java_re" with gcc 4.3.0 20080428 (Red Hat 4.3.0-8)

time: Tue Mar  7 23:56:32 2017
elapsed time: 30 seconds (0d 0h 0m 30s)

